--------------------------  END NETLINK MESSAGE   ----------------------------- Debug: End of multipart message block: type=DONE length=20 flags=<MULT
I> sequence-nr=1659233747 pid=2726325446DBG<2>/build/libnl3-3.3.0.arco
s1/./lib/msg.c:576  nlmsg_free: msg 0x5601c4885570: FreedDBG<1>/build/
libnl3-3.3.0.arcos1/./lib/cache_mngr.c:353  nl_cache_mngr_add_cache: Added cache 0x5601c4868d30 <route/addr> to cache manager 0x5601c486b730




DBG<2>/build/libnl3-3.3.0.arcos1/./lib/cache_mngr.c:534  nl_cache_mngr_data_ready: Cache manager 0x560193e66b70, reading new data from fd 279
DBG<2>/build/libnl3-3.3.0.arcos1/./lib/msg.c:283  __nlmsg_alloc: msg 0x560194ab8170: Allocated new message, maxlen=1420
-- Debug: Received Message:
--------------------------   BEGIN NETLINK MESSAGE ---------------------------
  [NETLINK HEADER] 16 octets
    .nlmsg_len = 1420
    .type = 16 <route/link::new>
    .flags = 0 <>
    .seq = 0
    .port = 0
  [PAYLOAD] 16 octets
    00 00 01 00 ea 03 00 00 43 18 01 00 00 00 00 00 ........C.......
  [ATTR 03] 5 octets
    73 77 70 32 00                                  swp2.
  [PADDING] 3 octets
    00 00 00                                        ...
  [ATTR 13] 4 octets
    e8 03 00 00                                     ....
  [ATTR 16] 1 octets
    06                                              .
  [PADDING] 3 octets
    00 00 00                                        ...
  [ATTR 17] 1 octets
    00                                              .
  [PADDING] 3 octets
    00 00 00                                        ...
  [ATTR 04] 4 octets
    0e 23 00 00                                     .#..
  [ATTR 50] 4 octets
    44 00 00 00                                     D...
  [ATTR 51] 4 octets
    00 24 00 00                                     .$..
  [ATTR 27] 4 octets
    00 00 00 00                                     ....
  [ATTR 30] 4 octets
    00 00 00 00                                     ....
  [ATTR 31] 4 octets
    01 00 00 00                                     ....
  [ATTR 40] 4 octets
    ff ff 00 00                                     ....
  [ATTR 41] 4 octets
    00 00 01 00                                     ....
  [ATTR 32] 4 octets
    01 00 00 00                                     ....
  [ATTR 10] 4 octets
    9b 3a 00 00                                     .:..
  [ATTR 33] 1 octets
    01                                              .
  [PADDING] 3 octets
    00 00 00                                        ...
  [ATTR 06] 11 octets
    70 66 69 66 6f 5f 66 61 73 74 00                pfifo_fast.
  [PADDING] 1 octets
    00                                              .
  [ATTR 35] 4 octets
    02 00 00 00                                     ....
  [ATTR 39] 1 octets
    00                                              .
  [PADDING] 3 octets
    00 00 00                                        ...
  [ATTR 47] 4 octets
    01 00 00 00                                     ....
  [ATTR 48] 4 octets
    01 00 00 00                                     ....
  [ATTR 14] 32 octets
    00 00 00 00 00 00 00 00 00 00 00 00 00 00 00 00 ................
    00 00 00 00 00 00 00 00 00 00 00 00 00 00 00 00 ................
  [ATTR 01] 6 octets
    b4 a9 fc 1c be be                               ......
  [PADDING] 2 octets
    00 00                                           ..
  [ATTR 02] 6 octets
    ff ff ff ff ff ff                               ......
  [PADDING] 2 octets
    00 00                                           ..
  [ATTR 23] 192 octets
    a6 23 00 00 00 00 00 00 ec 23 00 00 00 00 00 00 .#.......#......
    f6 4c 11 00 00 00 00 00 f9 cb 14 00 00 00 00 00 .L..............
    00 00 00 00 00 00 00 00 00 00 00 00 00 00 00 00 ................
    00 00 00 00 00 00 00 00 00 00 00 00 00 00 00 00 ................
    00 00 00 00 00 00 00 00 00 00 00 00 00 00 00 00 ................
    00 00 00 00 00 00 00 00 00 00 00 00 00 00 00 00 ................
    00 00 00 00 00 00 00 00 00 00 00 00 00 00 00 00 ................
    00 00 00 00 00 00 00 00 00 00 00 00 00 00 00 00 ................
    00 00 00 00 00 00 00 00 00 00 00 00 00 00 00 00 ................
    00 00 00 00 00 00 00 00 00 00 00 00 00 00 00 00 ................
    00 00 00 00 00 00 00 00 00 00 00 00 00 00 00 00 ................
    00 00 00 00 00 00 00 00 00 00 00 00 00 00 00 00 ................
  [ATTR 07] 96 octets
    a6 23 00 00 ec 23 00 00 f6 4c 11 00 f9 cb 14 00 .#...#...L......
    00 00 00 00 00 00 00 00 00 00 00 00 00 00 00 00 ................
    00 00 00 00 00 00 00 00 00 00 00 00 00 00 00 00 ................
    00 00 00 00 00 00 00 00 00 00 00 00 00 00 00 00 ................
    00 00 00 00 00 00 00 00 00 00 00 00 00 00 00 00 ................
    00 00 00 00 00 00 00 00 00 00 00 00 00 00 00 00 ................
  [ATTR 43] 8 octets
    05 00 02 00 00 00 00 00                         ........
  [ATTR 18] 84 octets
    09 00 04 00 62 6f 6e 64 00 00 00 00 48 00 05 00 ....bond....H...
    05 00 01 00 00 00 00 00 05 00 02 00 00 00 00 00 ................
    08 00 03 00 00 00 00 00 0a 00 04 00 b4 a9 fc 1c ................
    be be 00 00 06 00 05 00 00 00 00 00 06 00 06 00 ................
    02 00 00 00 05 00 07 00 3f 00 00 00 06 00 08 00 ........?.......
    3f 00 00 00                                     ?...
  [ATTR 26] 756 octets
    88 00 02 00 84 00 01 00 01 00 00 00 00 00 00 00 ................
    00 00 00 00 01 00 00 00 01 00 00 00 01 00 00 00 ................
    01 00 00 00 00 00 00 00 01 00 00 00 00 00 00 00 ................
    00 00 00 00 00 00 00 00 00 00 00 00 00 00 00 00 ................
    00 00 00 00 00 00 00 00 00 00 00 00 02 00 00 00 ................
    01 00 00 00 00 00 00 00 00 00 00 00 01 00 00 00 ................
    00 00 00 00 00 00 00 00 00 00 00 00 00 00 00 00 ................
    10 27 00 00 e8 03 00 00 00 00 00 00 00 00 00 00 .'..............
    00 00 00 00 00 00 00 00 6c 02 0a 00 08 00 01 00 ........l.......
    00 00 00 00 14 00 05 00 ff ff 00 00 16 5c 73 00 .............\s.
    4d be 87 00 e8 03 00 00 d0 00 02 00 01 00 00 00 M...............
    40 00 00 00 0e 23 00 00 01 00 00 00 01 00 00 00 @....#..........
    00 00 00 00 01 00 00 00 ff ff ff ff a0 0f 00 00 ................
    e8 03 00 00 00 00 00 00 80 3a 09 00 80 51 01 00 .........:...Q..
    03 00 00 00 58 02 00 00 10 00 00 00 00 00 00 00 ....X...........
    01 00 00 00 01 00 00 00 00 00 00 00 00 00 00 00 ................
    00 00 00 00 00 00 00 00 00 00 00 00 00 00 00 00 ................
    00 00 00 00 00 00 00 00 01 00 00 00 00 00 00 00 ................
    00 00 00 00 10 27 00 00 e8 03 00 00 01 00 00 00 .....'..........
    00 00 00 00 00 00 00 00 01 00 00 00 00 00 00 00 ................
    00 00 00 00 01 00 00 00 01 00 00 00 00 00 00 00 ................
    00 00 00 00 00 00 00 00 80 ee 36 00 01 00 00 00 ..........6.....
    00 00 00 00 01 00 00 00 00 00 00 00 00 00 00 00 ................
    00 00 00 00 00 00 00 00 2c 01 03 00 25 00 00 00 ........,...%...
    00 00 00 00 00 00 00 00 00 00 00 00 00 00 00 00 ................
    00 00 00 00 00 00 00 00 00 00 00 00 00 00 00 00 ................
    00 00 00 00 00 00 00 00 00 00 00 00 00 00 00 00 ................
    00 00 00 00 00 00 00 00 00 00 00 00 00 00 00 00 ................
    00 00 00 00 00 00 00 00 00 00 00 00 00 00 00 00 ................
    00 00 00 00 00 00 00 00 00 00 00 00 00 00 00 00 ................
    00 00 00 00 00 00 00 00 00 00 00 00 00 00 00 00 ................
    00 00 00 00 00 00 00 00 00 00 00 00 00 00 00 00 ................
    00 00 00 00 00 00 00 00 00 00 00 00 00 00 00 00 ................
    00 00 00 00 00 00 00 00 00 00 00 00 00 00 00 00 ................
    00 00 00 00 00 00 00 00 00 00 00 00 00 00 00 00 ................
    00 00 00 00 00 00 00 00 00 00 00 00 00 00 00 00 ................
    00 00 00 00 00 00 00 00 00 00 00 00 00 00 00 00 ................
    00 00 00 00 00 00 00 00 00 00 00 00 00 00 00 00 ................
    00 00 00 00 00 00 00 00 00 00 00 00 00 00 00 00 ................
    00 00 00 00 00 00 00 00 00 00 00 00 00 00 00 00 ................
    00 00 00 00 00 00 00 00 00 00 00 00 00 00 00 00 ................
    00 00 00 00 00 00 00 00 00 00 00 00 00 00 00 00 ................
    00 00 00 00 00 00 00 00 00 00 00 00 00 00 00 00 ................
    00 00 00 00 34 00 06 00 06 00 00 00 00 00 00 00 ....4...........
    00 00 00 00 00 00 00 00 00 00 00 00 00 00 00 00 ................
    00 00 00 00 00 00 00 00 00 00 00 00 00 00 00 00 ................
    00 00 00 00 00 00 00 00 14 00 07 00 00 00 00 00 ................
    00 00 00 00 00 00 00 00 00 00 00 00 05 00 08 00 ................
    00 00 00 00                                     ....
---------------------------  END NETLINK MESSAGE   ---------------------------
DBG<2>/build/libnl3-3.3.0.arcos1/./lib/cache_mngr.c:86   event_input: Cache manager 0x560193e66b70, handling new message 0x560194ab8170 as event
DBG<2>/build/libnl3-3.3.0.arcos1/./lib/cache_mngr.c:108  event_input: Associated message 0x560194ab8170 to cache 0x560193e70d00
DBG<2>/build/libnl3-3.3.0.arcos1/./lib/cache_mngr.c:51   include_cb: Including object 0x560194ad3590 into cache 0x560193e70d00
DBG<2>/build/libnl3-3.3.0.arcos1/./lib/cache.c:572  nl_cache_remove: Deleted object 0x560194ad3a50 from cache 0x560193e70d00 <route/link>.
DBG<2>/build/libnl3-3.3.0.arcos1/./lib/msg.c:576  nlmsg_free: msg 0x560194ab8170: Freed
DBG<2>/build/libnl3-3.3.0.arcos1/./lib/cache_mngr.c:544  nl_cache_mngr_data_ready: Cache manager 0x560193e66b70, recvmsgs read1 messages
DBG<2>/build/libnl3-3.3.0.arcos1/./lib/cache_mngr.c:534  nl_cache_mngr_data_ready: Cache manager 0x560193e66b70, reading new data from fd 279
DBG<2>/build/libnl3-3.3.0.arcos1/./lib/msg.c:283  __nlmsg_alloc: msg 0x560194ab8170: Allocated new message, maxlen=72
-- Debug: Received Message:
--------------------------   BEGIN NETLINK MESSAGE ---------------------------
  [NETLINK HEADER] 16 octets
    .nlmsg_len = 72
    .type = 20 <route/addr::new>
    .flags = 0 <>
    .seq = 0
    .port = 0
  [PAYLOAD] 8 octets
    0a 40 00 00 05 00 00 00                         .@......
  [ATTR 01] 16 octets
    20 01 05 50 04 08 00 01 b6 a9 fc ff fe 1c be bd  ..P............
  [ATTR 06] 16 octets
    80 3a 09 00 00 8d 27 00 0f 43 00 00 da 48 76 00 .:....'..C...Hv.
  [ATTR 08] 4 octets
    00 01 00 00                                     ....
---------------------------  END NETLINK MESSAGE   ---------------------------
DBG<2>/build/libnl3-3.3.0.arcos1/./lib/cache_mngr.c:86   event_input: Cache manager 0x560193e66b70, handling new message 0x560194ab8170 as event
DBG<2>/build/libnl3-3.3.0.arcos1/./lib/cache_mngr.c:108  event_input: Associated message 0x560194ab8170 to cache 0x560193e70840
DBG<2>/build/libnl3-3.3.0.arcos1/./lib/cache_mngr.c:51   include_cb: Including object 0x560193e90af0 into cache 0x560193e70840
DBG<2>/build/libnl3-3.3.0.arcos1/./lib/cache.c:572  nl_cache_remove: Deleted object 0x560194ab2e80 from cache 0x560193e70840 <route/addr>.
DBG<2>/build/libnl3-3.3.0.arcos1/./lib/msg.c:576  nlmsg_free: msg 0x560194ab8170: Freed
DBG<2>/build/libnl3-3.3.0.arcos1/./lib/cache_mngr.c:544  nl_cache_mngr_data_ready: Cache manager 0x560193e66b70, recvmsgs read1 messages


