1. ***********************************************
Sat 26 Aug 2023 08:49:35 AM UTC
top - 08:49:35 up  1:02,  6 users,  load average: 1.67, 1.04, 1.84
Tasks:   1 total,   1 running,   0 sleeping,   0 stopped,   0 zombie
%Cpu(s): 80.6 us, 17.7 sy,  0.0 ni,  0.0 id,  0.0 wa,  0.0 hi,  1.6 si,  0.0 st
MiB Mem :   7948.5 total,   3906.3 free,   1324.0 used,   2718.2 buff/cache
MiB Swap:      0.0 total,      0.0 free,      0.0 used.   5298.5 avail Mem 

  PID USER      PR  NI    VIRT    RES    SHR S  %CPU  %MEM     TIME+ COMMAND
22429 root      20   0  647104  28360   9556 R  75.0   0.3   0:04.02 qos.bin
1. *********************************************** END


2. ***********************************************
Sat 26 Aug 2023 08:54:37 AM UTC
top - 08:54:37 up  1:07,  6 users,  load average: 5.38, 3.20, 2.52
Tasks:   1 total,   0 running,   1 sleeping,   0 stopped,   0 zombie
%Cpu(s): 41.9 us, 54.8 sy,  0.0 ni,  3.2 id,  0.0 wa,  0.0 hi,  0.0 si,  0.0 st
MiB Mem :   7948.5 total,   3419.6 free,   2336.9 used,   2192.0 buff/cache
MiB Swap:      0.0 total,      0.0 free,      0.0 used.   4851.2 avail Mem 

  PID USER      PR  NI    VIRT    RES    SHR S  %CPU  %MEM     TIME+ COMMAND
22429 root      20   0  739840  48352  11656 S   0.0   0.6   0:12.53 qos.bin
2. *********************************************** END


3. ***********************************************
Sat 26 Aug 2023 08:59:39 AM UTC
top - 08:59:39 up  1:12,  6 users,  load average: 0.80, 3.48, 3.08
Tasks:   1 total,   0 running,   1 sleeping,   0 stopped,   0 zombie
%Cpu(s):  0.0 us,  0.0 sy,  0.0 ni,100.0 id,  0.0 wa,  0.0 hi,  0.0 si,  0.0 st
MiB Mem :   7948.5 total,   2809.7 free,   2897.1 used,   2241.8 buff/cache
MiB Swap:      0.0 total,      0.0 free,      0.0 used.   4291.6 avail Mem 

  PID USER      PR  NI    VIRT    RES    SHR S  %CPU  %MEM     TIME+ COMMAND
22429 root      20   0  741504  50720  11656 S   0.0   0.6   0:18.67 qos.bin
3. *********************************************** END


4. ***********************************************
Sat 26 Aug 2023 09:04:40 AM UTC
top - 09:04:40 up  1:17,  6 users,  load average: 0.35, 1.53, 2.33
Tasks:   1 total,   0 running,   1 sleeping,   0 stopped,   0 zombie
%Cpu(s):  0.0 us,  0.0 sy,  0.0 ni,100.0 id,  0.0 wa,  0.0 hi,  0.0 si,  0.0 st
MiB Mem :   7948.5 total,   2675.0 free,   3005.2 used,   2268.3 buff/cache
MiB Swap:      0.0 total,      0.0 free,      0.0 used.   4183.6 avail Mem 

  PID USER      PR  NI    VIRT    RES    SHR S  %CPU  %MEM     TIME+ COMMAND
22429 root      20   0  742528  50984  11656 S   0.0   0.6   0:20.17 qos.bin
4. *********************************************** END


5. ***********************************************
Sat 26 Aug 2023 09:09:41 AM UTC
top - 09:09:41 up  1:22,  6 users,  load average: 0.49, 0.87, 1.81
Tasks:   1 total,   0 running,   1 sleeping,   0 stopped,   0 zombie
%Cpu(s):  3.3 us,  1.7 sy,  0.0 ni, 95.0 id,  0.0 wa,  0.0 hi,  0.0 si,  0.0 st
MiB Mem :   7948.5 total,   2669.5 free,   3006.6 used,   2272.3 buff/cache
MiB Swap:      0.0 total,      0.0 free,      0.0 used.   4182.2 avail Mem 

  PID USER      PR  NI    VIRT    RES    SHR S  %CPU  %MEM     TIME+ COMMAND
22429 root      20   0  742848  51248  11656 S   0.0   0.6   0:21.82 qos.bin
5. *********************************************** END


6. ***********************************************
Sat 26 Aug 2023 09:14:42 AM UTC
top - 09:14:42 up  1:27,  6 users,  load average: 0.37, 0.55, 1.40
Tasks:   1 total,   0 running,   1 sleeping,   0 stopped,   0 zombie
%Cpu(s):  0.0 us,  0.0 sy,  0.0 ni,100.0 id,  0.0 wa,  0.0 hi,  0.0 si,  0.0 st
MiB Mem :   7948.5 total,   2665.7 free,   3006.3 used,   2276.5 buff/cache
MiB Swap:      0.0 total,      0.0 free,      0.0 used.   4182.5 avail Mem 

  PID USER      PR  NI    VIRT    RES    SHR S  %CPU  %MEM     TIME+ COMMAND
22429 root      20   0  742848  51248  11656 S   0.0   0.6   0:23.49 qos.bin
6. *********************************************** END


7. ***********************************************
Sat 26 Aug 2023 09:19:43 AM UTC
top - 09:19:43 up  1:32,  6 users,  load average: 0.42, 0.46, 1.12
Tasks:   1 total,   0 running,   1 sleeping,   0 stopped,   0 zombie
%Cpu(s):  0.0 us,  0.0 sy,  0.0 ni,100.0 id,  0.0 wa,  0.0 hi,  0.0 si,  0.0 st
MiB Mem :   7948.5 total,   2655.7 free,   3012.2 used,   2280.6 buff/cache
MiB Swap:      0.0 total,      0.0 free,      0.0 used.   4176.7 avail Mem 

  PID USER      PR  NI    VIRT    RES    SHR S  %CPU  %MEM     TIME+ COMMAND
22429 root      20   0  742848  51248  11656 S   0.0   0.6   0:25.12 qos.bin
7. *********************************************** END


8. ***********************************************
Sat 26 Aug 2023 09:24:44 AM UTC
top - 09:24:44 up  1:37,  6 users,  load average: 0.49, 0.41, 0.90
Tasks:   1 total,   0 running,   1 sleeping,   0 stopped,   0 zombie
%Cpu(s):  1.7 us,  0.0 sy,  0.0 ni, 98.3 id,  0.0 wa,  0.0 hi,  0.0 si,  0.0 st
MiB Mem :   7948.5 total,   2655.8 free,   3008.0 used,   2284.7 buff/cache
MiB Swap:      0.0 total,      0.0 free,      0.0 used.   4181.0 avail Mem 

  PID USER      PR  NI    VIRT    RES    SHR S  %CPU  %MEM     TIME+ COMMAND
22429 root      20   0  742848  51248  11656 S   0.0   0.6   0:26.73 qos.bin
8. *********************************************** END


9. ***********************************************
Sat 26 Aug 2023 09:29:45 AM UTC
top - 09:29:45 up  1:42,  6 users,  load average: 0.36, 0.36, 0.74
Tasks:   1 total,   0 running,   1 sleeping,   0 stopped,   0 zombie
%Cpu(s):  4.9 us,  3.3 sy,  0.0 ni, 91.8 id,  0.0 wa,  0.0 hi,  0.0 si,  0.0 st
MiB Mem :   7948.5 total,   2650.2 free,   3009.4 used,   2288.8 buff/cache
MiB Swap:      0.0 total,      0.0 free,      0.0 used.   4179.6 avail Mem 

  PID USER      PR  NI    VIRT    RES    SHR S  %CPU  %MEM     TIME+ COMMAND
22429 root      20   0  742848  51248  11656 S   0.0   0.6   0:28.32 qos.bin
9. *********************************************** END


10. ***********************************************
Sat 26 Aug 2023 09:34:46 AM UTC
top - 09:34:46 up  1:47,  6 users,  load average: 0.40, 0.36, 0.63
Tasks:   1 total,   0 running,   1 sleeping,   0 stopped,   0 zombie
%Cpu(s):  6.2 us,  1.6 sy,  0.0 ni, 92.2 id,  0.0 wa,  0.0 hi,  0.0 si,  0.0 st
MiB Mem :   7948.5 total,   2649.5 free,   3006.0 used,   2293.0 buff/cache
MiB Swap:      0.0 total,      0.0 free,      0.0 used.   4183.0 avail Mem 

  PID USER      PR  NI    VIRT    RES    SHR S  %CPU  %MEM     TIME+ COMMAND
22429 root      20   0  742848  51248  11656 S   0.0   0.6   0:29.82 qos.bin
10. *********************************************** END


11. ***********************************************
Sat 26 Aug 2023 09:39:46 AM UTC
top - 09:39:47 up  1:52,  6 users,  load average: 0.18, 0.26, 0.51
Tasks:   1 total,   0 running,   1 sleeping,   0 stopped,   0 zombie
%Cpu(s):  0.0 us,  1.6 sy,  0.0 ni, 96.7 id,  0.0 wa,  0.0 hi,  1.6 si,  0.0 st
MiB Mem :   7948.5 total,   2645.2 free,   3006.1 used,   2297.1 buff/cache
MiB Swap:      0.0 total,      0.0 free,      0.0 used.   4183.0 avail Mem 

  PID USER      PR  NI    VIRT    RES    SHR S  %CPU  %MEM     TIME+ COMMAND
22429 root      20   0  742848  51248  11656 S   0.0   0.6   0:31.38 qos.bin
11. *********************************************** END


12. ***********************************************
Sat 26 Aug 2023 09:44:47 AM UTC
top - 09:44:48 up  1:57,  6 users,  load average: 0.38, 0.33, 0.47
Tasks:   1 total,   0 running,   1 sleeping,   0 stopped,   0 zombie
%Cpu(s):  1.7 us,  1.7 sy,  0.0 ni, 96.6 id,  0.0 wa,  0.0 hi,  0.0 si,  0.0 st
MiB Mem :   7948.5 total,   2639.3 free,   3007.9 used,   2301.3 buff/cache
MiB Swap:      0.0 total,      0.0 free,      0.0 used.   4181.2 avail Mem 

  PID USER      PR  NI    VIRT    RES    SHR S  %CPU  %MEM     TIME+ COMMAND
22429 root      20   0  742848  51248  11656 S   0.0   0.6   0:32.99 qos.bin
12. *********************************************** END


13. ***********************************************
Sat 26 Aug 2023 09:49:48 AM UTC
top - 09:49:49 up  2:02,  6 users,  load average: 0.22, 0.30, 0.42
Tasks:   1 total,   0 running,   1 sleeping,   0 stopped,   0 zombie
%Cpu(s):  1.7 us, 15.0 sy,  0.0 ni, 83.3 id,  0.0 wa,  0.0 hi,  0.0 si,  0.0 st
MiB Mem :   7948.5 total,   2629.0 free,   3014.1 used,   2305.4 buff/cache
MiB Swap:      0.0 total,      0.0 free,      0.0 used.   4175.0 avail Mem 

  PID USER      PR  NI    VIRT    RES    SHR S  %CPU  %MEM     TIME+ COMMAND
22429 root      20   0  742848  51248  11656 S   0.0   0.6   0:34.66 qos.bin
13. *********************************************** END


14. ***********************************************
Sat 26 Aug 2023 09:54:49 AM UTC
top - 09:54:49 up  2:07,  6 users,  load average: 0.61, 0.43, 0.43
Tasks:   1 total,   0 running,   1 sleeping,   0 stopped,   0 zombie
%Cpu(s):  3.3 us,  1.7 sy,  0.0 ni, 95.0 id,  0.0 wa,  0.0 hi,  0.0 si,  0.0 st
MiB Mem :   7948.5 total,   2631.2 free,   3007.9 used,   2309.4 buff/cache
MiB Swap:      0.0 total,      0.0 free,      0.0 used.   4181.4 avail Mem 

  PID USER      PR  NI    VIRT    RES    SHR S  %CPU  %MEM     TIME+ COMMAND
22429 root      20   0  742848  51248  11656 S   0.0   0.6   0:36.19 qos.bin
14. *********************************************** END


15. ***********************************************
Sat 26 Aug 2023 09:59:50 AM UTC
top - 09:59:50 up  2:12,  6 users,  load average: 0.25, 0.37, 0.42
Tasks:   1 total,   0 running,   1 sleeping,   0 stopped,   0 zombie
%Cpu(s):  1.6 us,  0.0 sy,  0.0 ni, 98.4 id,  0.0 wa,  0.0 hi,  0.0 si,  0.0 st
MiB Mem :   7948.5 total,   2627.9 free,   3007.1 used,   2313.5 buff/cache
MiB Swap:      0.0 total,      0.0 free,      0.0 used.   4182.1 avail Mem 

  PID USER      PR  NI    VIRT    RES    SHR S  %CPU  %MEM     TIME+ COMMAND
22429 root      20   0  742848  51248  11656 S   0.0   0.6   0:37.72 qos.bin
15. *********************************************** END


16. ***********************************************
Sat 26 Aug 2023 10:04:51 AM UTC
top - 10:04:51 up  2:17,  6 users,  load average: 0.37, 0.39, 0.42
Tasks:   1 total,   0 running,   1 sleeping,   0 stopped,   0 zombie
%Cpu(s):  1.6 us,  1.6 sy,  0.0 ni, 96.8 id,  0.0 wa,  0.0 hi,  0.0 si,  0.0 st
MiB Mem :   7948.5 total,   2622.9 free,   3008.0 used,   2317.6 buff/cache
MiB Swap:      0.0 total,      0.0 free,      0.0 used.   4181.2 avail Mem 

  PID USER      PR  NI    VIRT    RES    SHR S  %CPU  %MEM     TIME+ COMMAND
22429 root      20   0  742848  51248  11656 S   0.0   0.6   0:39.33 qos.bin
16. *********************************************** END


17. ***********************************************
Sat 26 Aug 2023 10:09:52 AM UTC
top - 10:09:52 up  2:22,  6 users,  load average: 0.29, 0.34, 0.39
Tasks:   1 total,   0 running,   1 sleeping,   0 stopped,   0 zombie
%Cpu(s):  0.0 us,  0.0 sy,  0.0 ni,100.0 id,  0.0 wa,  0.0 hi,  0.0 si,  0.0 st
MiB Mem :   7948.5 total,   2619.5 free,   3007.2 used,   2321.8 buff/cache
MiB Swap:      0.0 total,      0.0 free,      0.0 used.   4182.0 avail Mem 

  PID USER      PR  NI    VIRT    RES    SHR S  %CPU  %MEM     TIME+ COMMAND
22429 root      20   0  742848  51248  11656 S   0.0   0.6   0:40.89 qos.bin
17. *********************************************** END


18. ***********************************************
Sat 26 Aug 2023 10:14:53 AM UTC
top - 10:14:53 up  2:27,  6 users,  load average: 0.41, 0.35, 0.37
Tasks:   1 total,   0 running,   1 sleeping,   0 stopped,   0 zombie
%Cpu(s):  0.0 us,  1.7 sy,  0.0 ni, 98.3 id,  0.0 wa,  0.0 hi,  0.0 si,  0.0 st
MiB Mem :   7948.5 total,   2609.8 free,   3012.8 used,   2325.9 buff/cache
MiB Swap:      0.0 total,      0.0 free,      0.0 used.   4176.4 avail Mem 

  PID USER      PR  NI    VIRT    RES    SHR S  %CPU  %MEM     TIME+ COMMAND
22429 root      20   0  742848  51248  11656 S   0.0   0.6   0:42.53 qos.bin
18. *********************************************** END


19. ***********************************************
Sat 26 Aug 2023 10:19:54 AM UTC
top - 10:19:54 up  2:32,  6 users,  load average: 0.20, 0.31, 0.35
Tasks:   1 total,   0 running,   1 sleeping,   0 stopped,   0 zombie
%Cpu(s):  0.0 us,  1.7 sy,  0.0 ni, 98.3 id,  0.0 wa,  0.0 hi,  0.0 si,  0.0 st
MiB Mem :   7948.5 total,   2608.7 free,   3009.9 used,   2330.0 buff/cache
MiB Swap:      0.0 total,      0.0 free,      0.0 used.   4181.7 avail Mem 

  PID USER      PR  NI    VIRT    RES    SHR S  %CPU  %MEM     TIME+ COMMAND
22429 root      20   0  742848  51248  11656 S   0.0   0.6   0:44.18 qos.bin
19. *********************************************** END


20. ***********************************************
Sat 26 Aug 2023 10:24:55 AM UTC
top - 10:24:55 up  2:37,  6 users,  load average: 0.28, 0.33, 0.35
Tasks:   1 total,   0 running,   1 sleeping,   0 stopped,   0 zombie
%Cpu(s):  4.9 us,  3.3 sy,  0.0 ni, 91.8 id,  0.0 wa,  0.0 hi,  0.0 si,  0.0 st
MiB Mem :   7948.5 total,   2604.5 free,   3009.9 used,   2334.1 buff/cache
MiB Swap:      0.0 total,      0.0 free,      0.0 used.   4181.8 avail Mem 

  PID USER      PR  NI    VIRT    RES    SHR S  %CPU  %MEM     TIME+ COMMAND
22429 root      20   0  742848  51248  11656 S   0.0   0.6   0:45.72 qos.bin
20. *********************************************** END


21. ***********************************************
Sat 26 Aug 2023 10:29:56 AM UTC
top - 10:29:56 up  2:42,  6 users,  load average: 0.38, 0.35, 0.36
Tasks:   1 total,   0 running,   1 sleeping,   0 stopped,   0 zombie
%Cpu(s):  5.1 us,  1.7 sy,  0.0 ni, 93.2 id,  0.0 wa,  0.0 hi,  0.0 si,  0.0 st
MiB Mem :   7948.5 total,   2600.3 free,   3010.0 used,   2338.2 buff/cache
MiB Swap:      0.0 total,      0.0 free,      0.0 used.   4181.8 avail Mem 

  PID USER      PR  NI    VIRT    RES    SHR S  %CPU  %MEM     TIME+ COMMAND
22429 root      20   0  742848  51248  11656 S   0.0   0.6   0:47.38 qos.bin
21. *********************************************** END


22. ***********************************************
Sat 26 Aug 2023 10:34:57 AM UTC
top - 10:34:57 up  2:47,  6 users,  load average: 0.50, 0.45, 0.39
Tasks:   1 total,   0 running,   1 sleeping,   0 stopped,   0 zombie
%Cpu(s):  1.7 us,  0.0 sy,  0.0 ni, 98.3 id,  0.0 wa,  0.0 hi,  0.0 si,  0.0 st
MiB Mem :   7948.5 total,   2596.6 free,   3009.7 used,   2342.3 buff/cache
MiB Swap:      0.0 total,      0.0 free,      0.0 used.   4182.2 avail Mem 

  PID USER      PR  NI    VIRT    RES    SHR S  %CPU  %MEM     TIME+ COMMAND
22429 root      20   0  742848  51248  11656 S   0.0   0.6   0:48.96 qos.bin
22. *********************************************** END


23. ***********************************************
Sat 26 Aug 2023 10:39:58 AM UTC
top - 10:39:58 up  2:52,  6 users,  load average: 0.36, 0.37, 0.37
Tasks:   1 total,   0 running,   1 sleeping,   0 stopped,   0 zombie
%Cpu(s):  0.0 us,  1.7 sy,  0.0 ni, 98.3 id,  0.0 wa,  0.0 hi,  0.0 si,  0.0 st
MiB Mem :   7948.5 total,   2591.8 free,   3010.3 used,   2346.4 buff/cache
MiB Swap:      0.0 total,      0.0 free,      0.0 used.   4181.8 avail Mem 

  PID USER      PR  NI    VIRT    RES    SHR S  %CPU  %MEM     TIME+ COMMAND
22429 root      20   0  742848  51248  11656 S   0.0   0.6   0:50.54 qos.bin
23. *********************************************** END


24. ***********************************************
Sat 26 Aug 2023 10:44:59 AM UTC
top - 10:44:59 up  2:57,  6 users,  load average: 0.36, 0.37, 0.36
Tasks:   1 total,   0 running,   1 sleeping,   0 stopped,   0 zombie
%Cpu(s):  5.0 us,  3.3 sy,  0.0 ni, 91.7 id,  0.0 wa,  0.0 hi,  0.0 si,  0.0 st
MiB Mem :   7948.5 total,   2582.4 free,   3015.6 used,   2350.4 buff/cache
MiB Swap:      0.0 total,      0.0 free,      0.0 used.   4176.5 avail Mem 

  PID USER      PR  NI    VIRT    RES    SHR S  %CPU  %MEM     TIME+ COMMAND
22429 root      20   0  742848  51248  11656 S   0.0   0.6   0:52.09 qos.bin
24. *********************************************** END


25. ***********************************************
Sat 26 Aug 2023 10:50:00 AM UTC
top - 10:50:00 up  3:02,  6 users,  load average: 0.24, 0.34, 0.35
Tasks:   1 total,   0 running,   1 sleeping,   0 stopped,   0 zombie
%Cpu(s):  1.6 us,  0.0 sy,  0.0 ni, 98.4 id,  0.0 wa,  0.0 hi,  0.0 si,  0.0 st
MiB Mem :   7948.5 total,   2583.8 free,   3010.3 used,   2354.5 buff/cache
MiB Swap:      0.0 total,      0.0 free,      0.0 used.   4182.0 avail Mem 

  PID USER      PR  NI    VIRT    RES    SHR S  %CPU  %MEM     TIME+ COMMAND
22429 root      20   0  742848  51248  11656 S   0.0   0.6   0:53.73 qos.bin
25. *********************************************** END


26. ***********************************************
Sat 26 Aug 2023 10:55:00 AM UTC
top - 10:55:01 up  3:07,  6 users,  load average: 0.34, 0.36, 0.36
Tasks:   1 total,   0 running,   1 sleeping,   0 stopped,   0 zombie
%Cpu(s):  1.7 us,  3.3 sy,  0.0 ni, 91.7 id,  0.0 wa,  0.0 hi,  3.3 si,  0.0 st
MiB Mem :   7948.5 total,   2578.6 free,   3011.4 used,   2358.6 buff/cache
MiB Swap:      0.0 total,      0.0 free,      0.0 used.   4180.9 avail Mem 

  PID USER      PR  NI    VIRT    RES    SHR S  %CPU  %MEM     TIME+ COMMAND
22429 root      20   0  742848  51248  11656 S   0.0   0.6   0:55.37 qos.bin
26. *********************************************** END


27. ***********************************************
Sat 26 Aug 2023 11:00:01 AM UTC
top - 11:00:02 up  3:12,  6 users,  load average: 0.52, 0.38, 0.37
Tasks:   1 total,   0 running,   1 sleeping,   0 stopped,   0 zombie
%Cpu(s):  6.5 us,  3.2 sy,  0.0 ni, 90.3 id,  0.0 wa,  0.0 hi,  0.0 si,  0.0 st
MiB Mem :   7948.5 total,   2575.8 free,   3010.0 used,   2362.7 buff/cache
MiB Swap:      0.0 total,      0.0 free,      0.0 used.   4182.4 avail Mem 

  PID USER      PR  NI    VIRT    RES    SHR S  %CPU  %MEM     TIME+ COMMAND
22429 root      20   0  742848  51248  11656 S   0.0   0.6   0:57.04 qos.bin
27. *********************************************** END


28. ***********************************************
Sat 26 Aug 2023 11:05:02 AM UTC
top - 11:05:02 up  3:17,  6 users,  load average: 0.41, 0.36, 0.36
Tasks:   1 total,   0 running,   1 sleeping,   0 stopped,   0 zombie
%Cpu(s):  0.0 us,  0.0 sy,  0.0 ni, 98.4 id,  0.0 wa,  0.0 hi,  1.6 si,  0.0 st
MiB Mem :   7948.5 total,   2570.5 free,   3011.3 used,   2366.8 buff/cache
MiB Swap:      0.0 total,      0.0 free,      0.0 used.   4181.2 avail Mem 

  PID USER      PR  NI    VIRT    RES    SHR S  %CPU  %MEM     TIME+ COMMAND
22429 root      20   0  742848  51248  11656 S   0.0   0.6   0:58.58 qos.bin
28. *********************************************** END


29. ***********************************************
Sat 26 Aug 2023 11:10:03 AM UTC
top - 11:10:03 up  3:22,  6 users,  load average: 0.36, 0.39, 0.37
Tasks:   1 total,   0 running,   1 sleeping,   0 stopped,   0 zombie
%Cpu(s):  1.7 us,  1.7 sy,  0.0 ni, 96.6 id,  0.0 wa,  0.0 hi,  0.0 si,  0.0 st
MiB Mem :   7948.5 total,   2561.2 free,   3016.4 used,   2370.9 buff/cache
MiB Swap:      0.0 total,      0.0 free,      0.0 used.   4176.0 avail Mem 

  PID USER      PR  NI    VIRT    RES    SHR S  %CPU  %MEM     TIME+ COMMAND
22429 root      20   0  742848  51248  11656 S   0.0   0.6   1:00.18 qos.bin
29. *********************************************** END


30. ***********************************************
Sat 26 Aug 2023 11:15:04 AM UTC
top - 11:15:04 up  3:27,  6 users,  load average: 0.36, 0.36, 0.36
Tasks:   1 total,   0 running,   1 sleeping,   0 stopped,   0 zombie
%Cpu(s):  1.7 us,  3.4 sy,  0.0 ni, 94.8 id,  0.0 wa,  0.0 hi,  0.0 si,  0.0 st
MiB Mem :   7948.5 total,   2558.0 free,   3015.5 used,   2375.0 buff/cache
MiB Swap:      0.0 total,      0.0 free,      0.0 used.   4176.9 avail Mem 

  PID USER      PR  NI    VIRT    RES    SHR S  %CPU  %MEM     TIME+ COMMAND
22429 root      20   0  742848  51248  11656 S   0.0   0.6   1:01.70 qos.bin
30. *********************************************** END


31. ***********************************************
Sat 26 Aug 2023 11:20:05 AM UTC
top - 11:20:05 up  3:32,  6 users,  load average: 0.29, 0.34, 0.35
Tasks:   1 total,   0 running,   1 sleeping,   0 stopped,   0 zombie
%Cpu(s):  0.0 us,  1.7 sy,  0.0 ni, 98.3 id,  0.0 wa,  0.0 hi,  0.0 si,  0.0 st
MiB Mem :   7948.5 total,   2555.2 free,   3014.0 used,   2379.2 buff/cache
MiB Swap:      0.0 total,      0.0 free,      0.0 used.   4178.4 avail Mem 

  PID USER      PR  NI    VIRT    RES    SHR S  %CPU  %MEM     TIME+ COMMAND
22429 root      20   0  742848  51248  11656 S   0.0   0.6   1:03.35 qos.bin
31. *********************************************** END


32. ***********************************************
Sat 26 Aug 2023 11:25:06 AM UTC
top - 11:25:06 up  3:37,  6 users,  load average: 0.32, 0.36, 0.36
Tasks:   1 total,   0 running,   1 sleeping,   0 stopped,   0 zombie
%Cpu(s):  6.7 us, 20.0 sy,  0.0 ni, 73.3 id,  0.0 wa,  0.0 hi,  0.0 si,  0.0 st
MiB Mem :   7948.5 total,   2554.1 free,   3011.1 used,   2383.4 buff/cache
MiB Swap:      0.0 total,      0.0 free,      0.0 used.   4181.4 avail Mem 

  PID USER      PR  NI    VIRT    RES    SHR S  %CPU  %MEM     TIME+ COMMAND
22429 root      20   0  742848  51248  11656 S   0.0   0.6   1:04.98 qos.bin
32. *********************************************** END


33. ***********************************************
Sat 26 Aug 2023 11:30:07 AM UTC
top - 11:30:07 up  3:42,  6 users,  load average: 0.31, 0.32, 0.35
Tasks:   1 total,   0 running,   1 sleeping,   0 stopped,   0 zombie
%Cpu(s):  1.6 us,  1.6 sy,  0.0 ni, 95.1 id,  1.6 wa,  0.0 hi,  0.0 si,  0.0 st
MiB Mem :   7948.5 total,   2549.5 free,   3011.5 used,   2387.6 buff/cache
MiB Swap:      0.0 total,      0.0 free,      0.0 used.   4180.9 avail Mem 

  PID USER      PR  NI    VIRT    RES    SHR S  %CPU  %MEM     TIME+ COMMAND
22429 root      20   0  742848  51248  11656 S   0.0   0.6   1:06.61 qos.bin
33. *********************************************** END


34. ***********************************************
Sat 26 Aug 2023 11:35:08 AM UTC
top - 11:35:08 up  3:47,  6 users,  load average: 0.30, 0.34, 0.35
Tasks:   1 total,   0 running,   1 sleeping,   0 stopped,   0 zombie
%Cpu(s):  3.4 us,  1.7 sy,  0.0 ni, 94.9 id,  0.0 wa,  0.0 hi,  0.0 si,  0.0 st
MiB Mem :   7948.5 total,   2540.2 free,   3016.6 used,   2391.7 buff/cache
MiB Swap:      0.0 total,      0.0 free,      0.0 used.   4175.8 avail Mem 

  PID USER      PR  NI    VIRT    RES    SHR S  %CPU  %MEM     TIME+ COMMAND
22429 root      20   0  742848  51248  11656 S   0.0   0.6   1:08.26 qos.bin
34. *********************************************** END


35. ***********************************************
Sat 26 Aug 2023 11:40:09 AM UTC
top - 11:40:09 up  3:52,  6 users,  load average: 0.23, 0.28, 0.33
Tasks:   1 total,   0 running,   1 sleeping,   0 stopped,   0 zombie
%Cpu(s):  1.6 us,  1.6 sy,  0.0 ni, 96.7 id,  0.0 wa,  0.0 hi,  0.0 si,  0.0 st
MiB Mem :   7948.5 total,   2537.2 free,   3015.5 used,   2395.8 buff/cache
MiB Swap:      0.0 total,      0.0 free,      0.0 used.   4176.9 avail Mem 

  PID USER      PR  NI    VIRT    RES    SHR S  %CPU  %MEM     TIME+ COMMAND
22429 root      20   0  742848  51248  11656 S   0.0   0.6   1:09.92 qos.bin
35. *********************************************** END


36. ***********************************************
Sat 26 Aug 2023 11:45:10 AM UTC
top - 11:45:10 up  3:57,  6 users,  load average: 0.38, 0.35, 0.35
Tasks:   1 total,   0 running,   1 sleeping,   0 stopped,   0 zombie
%Cpu(s):  3.4 us,  5.1 sy,  0.0 ni, 91.5 id,  0.0 wa,  0.0 hi,  0.0 si,  0.0 st
MiB Mem :   7948.5 total,   2536.8 free,   3011.7 used,   2400.0 buff/cache
MiB Swap:      0.0 total,      0.0 free,      0.0 used.   4180.7 avail Mem 

  PID USER      PR  NI    VIRT    RES    SHR S  %CPU  %MEM     TIME+ COMMAND
22429 root      20   0  742848  51248  11656 S   0.0   0.6   1:11.56 qos.bin
36. *********************************************** END


37. ***********************************************
Sat 26 Aug 2023 11:50:11 AM UTC
top - 11:50:11 up  4:02,  6 users,  load average: 0.37, 0.37, 0.36
Tasks:   1 total,   0 running,   1 sleeping,   0 stopped,   0 zombie
%Cpu(s):  1.7 us,  1.7 sy,  0.0 ni, 96.7 id,  0.0 wa,  0.0 hi,  0.0 si,  0.0 st
MiB Mem :   7948.5 total,   2532.2 free,   3012.2 used,   2404.1 buff/cache
MiB Swap:      0.0 total,      0.0 free,      0.0 used.   4180.2 avail Mem 

  PID USER      PR  NI    VIRT    RES    SHR S  %CPU  %MEM     TIME+ COMMAND
22429 root      20   0  742848  51248  11656 S   0.0   0.6   1:13.20 qos.bin
37. *********************************************** END


38. ***********************************************
Sat 26 Aug 2023 11:55:12 AM UTC
top - 11:55:12 up  4:07,  6 users,  load average: 0.35, 0.33, 0.35
Tasks:   1 total,   0 running,   1 sleeping,   0 stopped,   0 zombie
%Cpu(s):  0.0 us,  1.7 sy,  0.0 ni, 98.3 id,  0.0 wa,  0.0 hi,  0.0 si,  0.0 st
MiB Mem :   7948.5 total,   2528.2 free,   3012.1 used,   2408.2 buff/cache
MiB Swap:      0.0 total,      0.0 free,      0.0 used.   4180.4 avail Mem 

  PID USER      PR  NI    VIRT    RES    SHR S  %CPU  %MEM     TIME+ COMMAND
22429 root      20   0  742848  51248  11656 S   0.0   0.6   1:14.82 qos.bin
38. *********************************************** END


39. ***********************************************
Sat 26 Aug 2023 12:00:13 PM UTC
top - 12:00:13 up  4:12,  6 users,  load average: 0.29, 0.37, 0.36
Tasks:   1 total,   0 running,   1 sleeping,   0 stopped,   0 zombie
%Cpu(s):  1.7 us,  0.0 sy,  0.0 ni, 98.3 id,  0.0 wa,  0.0 hi,  0.0 si,  0.0 st
MiB Mem :   7948.5 total,   2523.8 free,   3012.4 used,   2412.4 buff/cache
MiB Swap:      0.0 total,      0.0 free,      0.0 used.   4180.1 avail Mem 

  PID USER      PR  NI    VIRT    RES    SHR S  %CPU  %MEM     TIME+ COMMAND
22429 root      20   0  742848  51248  11656 S   0.0   0.6   1:16.46 qos.bin
39. *********************************************** END


40. ***********************************************
Sat 26 Aug 2023 12:05:13 PM UTC
top - 12:05:14 up  4:17,  6 users,  load average: 0.42, 0.39, 0.37
Tasks:   1 total,   0 running,   1 sleeping,   0 stopped,   0 zombie
%Cpu(s):  1.7 us,  1.7 sy,  0.0 ni, 96.7 id,  0.0 wa,  0.0 hi,  0.0 si,  0.0 st
MiB Mem :   7948.5 total,   2515.3 free,   3016.6 used,   2416.6 buff/cache
MiB Swap:      0.0 total,      0.0 free,      0.0 used.   4175.8 avail Mem 

  PID USER      PR  NI    VIRT    RES    SHR S  %CPU  %MEM     TIME+ COMMAND
22429 root      20   0  742848  51248  11656 S   0.0   0.6   1:17.98 qos.bin
40. *********************************************** END


41. ***********************************************
Sat 26 Aug 2023 12:10:14 PM UTC
top - 12:10:15 up  4:22,  6 users,  load average: 0.26, 0.35, 0.35
Tasks:   1 total,   0 running,   1 sleeping,   0 stopped,   0 zombie
%Cpu(s):  1.7 us,  0.0 sy,  0.0 ni, 98.3 id,  0.0 wa,  0.0 hi,  0.0 si,  0.0 st
MiB Mem :   7948.5 total,   2515.0 free,   3012.7 used,   2420.8 buff/cache
MiB Swap:      0.0 total,      0.0 free,      0.0 used.   4179.8 avail Mem 

  PID USER      PR  NI    VIRT    RES    SHR S  %CPU  %MEM     TIME+ COMMAND
22429 root      20   0  742848  51248  11656 S   0.0   0.6   1:19.53 qos.bin
41. *********************************************** END


42. ***********************************************
Sat 26 Aug 2023 12:15:15 PM UTC
top - 12:15:15 up  4:27,  6 users,  load average: 0.58, 0.39, 0.36
Tasks:   1 total,   0 running,   1 sleeping,   0 stopped,   0 zombie
%Cpu(s):  0.0 us,  0.0 sy,  0.0 ni,100.0 id,  0.0 wa,  0.0 hi,  0.0 si,  0.0 st
MiB Mem :   7948.5 total,   2511.7 free,   3011.8 used,   2425.0 buff/cache
MiB Swap:      0.0 total,      0.0 free,      0.0 used.   4180.7 avail Mem 

  PID USER      PR  NI    VIRT    RES    SHR S  %CPU  %MEM     TIME+ COMMAND
22429 root      20   0  742848  51248  11656 S   0.0   0.6   1:21.03 qos.bin
42. *********************************************** END


43. ***********************************************
Sat 26 Aug 2023 12:20:16 PM UTC
top - 12:20:16 up  4:32,  6 users,  load average: 0.49, 0.39, 0.37
Tasks:   1 total,   0 running,   1 sleeping,   0 stopped,   0 zombie
%Cpu(s):  1.6 us,  1.6 sy,  0.0 ni, 96.7 id,  0.0 wa,  0.0 hi,  0.0 si,  0.0 st
MiB Mem :   7948.5 total,   2506.0 free,   3013.3 used,   2429.2 buff/cache
MiB Swap:      0.0 total,      0.0 free,      0.0 used.   4179.2 avail Mem 

  PID USER      PR  NI    VIRT    RES    SHR S  %CPU  %MEM     TIME+ COMMAND
22429 root      20   0  742848  51248  11656 S   0.0   0.6   1:22.64 qos.bin
43. *********************************************** END


44. ***********************************************
Sat 26 Aug 2023 12:25:17 PM UTC
top - 12:25:17 up  4:37,  6 users,  load average: 0.51, 0.40, 0.37
Tasks:   1 total,   0 running,   1 sleeping,   0 stopped,   0 zombie
%Cpu(s):  3.3 us,  3.3 sy,  0.0 ni, 91.7 id,  0.0 wa,  0.0 hi,  1.7 si,  0.0 st
MiB Mem :   7948.5 total,   2503.0 free,   3012.2 used,   2433.4 buff/cache
MiB Swap:      0.0 total,      0.0 free,      0.0 used.   4180.3 avail Mem 

  PID USER      PR  NI    VIRT    RES    SHR S  %CPU  %MEM     TIME+ COMMAND
22429 root      20   0  742848  51248  11656 S   0.0   0.6   1:24.28 qos.bin
44. *********************************************** END


45. ***********************************************
Sat 26 Aug 2023 12:30:18 PM UTC
top - 12:30:18 up  4:42,  6 users,  load average: 0.52, 0.42, 0.38
Tasks:   1 total,   0 running,   1 sleeping,   0 stopped,   0 zombie
%Cpu(s): 38.7 us, 11.3 sy,  0.0 ni, 48.4 id,  0.0 wa,  0.0 hi,  1.6 si,  0.0 st
MiB Mem :   7948.5 total,   2494.1 free,   3016.9 used,   2437.5 buff/cache
MiB Swap:      0.0 total,      0.0 free,      0.0 used.   4175.5 avail Mem 

  PID USER      PR  NI    VIRT    RES    SHR S  %CPU  %MEM     TIME+ COMMAND
22429 root      20   0  742848  51248  11656 S  31.2   0.6   1:25.95 qos.bin
45. *********************************************** END


46. ***********************************************
Sat 26 Aug 2023 12:35:19 PM UTC
top - 12:35:19 up  4:47,  6 users,  load average: 0.15, 0.28, 0.33
Tasks:   1 total,   0 running,   1 sleeping,   0 stopped,   0 zombie
%Cpu(s):  5.0 us, 23.3 sy,  0.0 ni, 71.7 id,  0.0 wa,  0.0 hi,  0.0 si,  0.0 st
MiB Mem :   7948.5 total,   2491.7 free,   3015.1 used,   2441.7 buff/cache
MiB Swap:      0.0 total,      0.0 free,      0.0 used.   4177.3 avail Mem 

  PID USER      PR  NI    VIRT    RES    SHR S  %CPU  %MEM     TIME+ COMMAND
22429 root      20   0  742848  51248  11656 S   0.0   0.6   1:27.52 qos.bin
46. *********************************************** END


47. ***********************************************
Sat 26 Aug 2023 12:40:20 PM UTC
top - 12:40:20 up  4:52,  6 users,  load average: 0.21, 0.25, 0.30
Tasks:   1 total,   0 running,   1 sleeping,   0 stopped,   0 zombie
%Cpu(s):  0.0 us,  1.7 sy,  0.0 ni, 98.3 id,  0.0 wa,  0.0 hi,  0.0 si,  0.0 st
MiB Mem :   7948.5 total,   2490.7 free,   3011.9 used,   2445.8 buff/cache
MiB Swap:      0.0 total,      0.0 free,      0.0 used.   4180.5 avail Mem 

  PID USER      PR  NI    VIRT    RES    SHR S  %CPU  %MEM     TIME+ COMMAND
22429 root      20   0  742848  51248  11656 S   0.0   0.6   1:29.17 qos.bin
47. *********************************************** END


48. ***********************************************
Sat 26 Aug 2023 12:45:21 PM UTC
top - 12:45:21 up  4:57,  6 users,  load average: 0.13, 0.20, 0.26
Tasks:   1 total,   0 running,   1 sleeping,   0 stopped,   0 zombie
%Cpu(s):  0.0 us,  0.0 sy,  0.0 ni,100.0 id,  0.0 wa,  0.0 hi,  0.0 si,  0.0 st
MiB Mem :   7948.5 total,   2486.1 free,   3012.4 used,   2449.9 buff/cache
MiB Swap:      0.0 total,      0.0 free,      0.0 used.   4180.0 avail Mem 

  PID USER      PR  NI    VIRT    RES    SHR S  %CPU  %MEM     TIME+ COMMAND
22429 root      20   0  742848  51248  11656 S   0.0   0.6   1:30.74 qos.bin
48. *********************************************** END


49. ***********************************************
Sat 26 Aug 2023 12:50:22 PM UTC
top - 12:50:22 up  5:02,  6 users,  load average: 0.15, 0.15, 0.22
Tasks:   1 total,   0 running,   1 sleeping,   0 stopped,   0 zombie
%Cpu(s):  0.0 us,  0.0 sy,  0.0 ni,100.0 id,  0.0 wa,  0.0 hi,  0.0 si,  0.0 st
MiB Mem :   7948.5 total,   2480.5 free,   3014.0 used,   2454.1 buff/cache
MiB Swap:      0.0 total,      0.0 free,      0.0 used.   4178.5 avail Mem 

  PID USER      PR  NI    VIRT    RES    SHR S  %CPU  %MEM     TIME+ COMMAND
22429 root      20   0  742848  51248  11656 S   0.0   0.6   1:32.31 qos.bin
49. *********************************************** END


50. ***********************************************
Sat 26 Aug 2023 12:55:23 PM UTC
top - 12:55:23 up  5:07,  6 users,  load average: 0.11, 0.17, 0.20
Tasks:   1 total,   0 running,   1 sleeping,   0 stopped,   0 zombie
%Cpu(s):  0.0 us,  0.0 sy,  0.0 ni,100.0 id,  0.0 wa,  0.0 hi,  0.0 si,  0.0 st
MiB Mem :   7948.5 total,   2477.7 free,   3012.6 used,   2458.2 buff/cache
MiB Swap:      0.0 total,      0.0 free,      0.0 used.   4179.9 avail Mem 

  PID USER      PR  NI    VIRT    RES    SHR S  %CPU  %MEM     TIME+ COMMAND
22429 root      20   0  742848  51248  11656 S   0.0   0.6   1:33.93 qos.bin
50. *********************************************** END


51. ***********************************************
Sat 26 Aug 2023 01:00:24 PM UTC
top - 13:00:24 up  5:12,  6 users,  load average: 0.17, 0.21, 0.21
Tasks:   1 total,   0 running,   1 sleeping,   0 stopped,   0 zombie
%Cpu(s):  4.9 us,  1.6 sy,  0.0 ni, 93.4 id,  0.0 wa,  0.0 hi,  0.0 si,  0.0 st
MiB Mem :   7948.5 total,   2468.8 free,   3017.3 used,   2462.4 buff/cache
MiB Swap:      0.0 total,      0.0 free,      0.0 used.   4175.2 avail Mem 

  PID USER      PR  NI    VIRT    RES    SHR S  %CPU  %MEM     TIME+ COMMAND
22429 root      20   0  742848  51248  11656 S   0.0   0.6   1:35.54 qos.bin
51. *********************************************** END


52. ***********************************************
Sat 26 Aug 2023 01:05:25 PM UTC
top - 13:05:25 up  5:17,  6 users,  load average: 0.05, 0.14, 0.17
Tasks:   1 total,   0 running,   1 sleeping,   0 stopped,   0 zombie
%Cpu(s):  1.7 us,  1.7 sy,  0.0 ni, 96.6 id,  0.0 wa,  0.0 hi,  0.0 si,  0.0 st
MiB Mem :   7948.5 total,   2469.2 free,   3012.7 used,   2466.7 buff/cache
MiB Swap:      0.0 total,      0.0 free,      0.0 used.   4179.8 avail Mem 

  PID USER      PR  NI    VIRT    RES    SHR S  %CPU  %MEM     TIME+ COMMAND
22429 root      20   0  742848  51248  11656 S   0.0   0.6   1:37.18 qos.bin
52. *********************************************** END


53. ***********************************************
Sat 26 Aug 2023 01:10:25 PM UTC
top - 13:10:26 up  5:22,  6 users,  load average: 0.94, 0.41, 0.26
Tasks:   1 total,   0 running,   1 sleeping,   0 stopped,   0 zombie
%Cpu(s):  0.0 us,  0.0 sy,  0.0 ni,100.0 id,  0.0 wa,  0.0 hi,  0.0 si,  0.0 st
MiB Mem :   7948.5 total,   2464.4 free,   3013.3 used,   2470.8 buff/cache
MiB Swap:      0.0 total,      0.0 free,      0.0 used.   4179.1 avail Mem 

  PID USER      PR  NI    VIRT    RES    SHR S  %CPU  %MEM     TIME+ COMMAND
22429 root      20   0  742848  51248  11656 S   0.0   0.6   1:38.85 qos.bin
53. *********************************************** END


54. ***********************************************
Sat 26 Aug 2023 01:15:26 PM UTC
top - 13:15:27 up  5:27,  6 users,  load average: 1.04, 0.83, 0.49
Tasks:   1 total,   0 running,   1 sleeping,   0 stopped,   0 zombie
%Cpu(s):  1.7 us,  0.0 sy,  0.0 ni, 98.3 id,  0.0 wa,  0.0 hi,  0.0 si,  0.0 st
MiB Mem :   7948.5 total,   2461.4 free,   3012.2 used,   2475.0 buff/cache
MiB Swap:      0.0 total,      0.0 free,      0.0 used.   4180.3 avail Mem 

  PID USER      PR  NI    VIRT    RES    SHR S  %CPU  %MEM     TIME+ COMMAND
22429 root      20   0  742848  51248  11656 S   0.0   0.6   1:40.42 qos.bin
54. *********************************************** END


55. ***********************************************
Sat 26 Aug 2023 01:20:27 PM UTC
top - 13:20:28 up  5:32,  6 users,  load average: 1.14, 1.07, 0.70
Tasks:   1 total,   0 running,   1 sleeping,   0 stopped,   0 zombie
%Cpu(s):  0.0 us,  0.0 sy,  0.0 ni,100.0 id,  0.0 wa,  0.0 hi,  0.0 si,  0.0 st
MiB Mem :   7948.5 total,   2455.8 free,   3013.6 used,   2479.2 buff/cache
MiB Swap:      0.0 total,      0.0 free,      0.0 used.   4178.9 avail Mem 

  PID USER      PR  NI    VIRT    RES    SHR S  %CPU  %MEM     TIME+ COMMAND
22429 root      20   0  742848  51248  11656 S   0.0   0.6   1:41.88 qos.bin
55. *********************************************** END


56. ***********************************************
Sat 26 Aug 2023 01:25:28 PM UTC
top - 13:25:28 up  5:38,  6 users,  load average: 1.03, 1.06, 0.82
Tasks:   1 total,   0 running,   1 sleeping,   0 stopped,   0 zombie
%Cpu(s):  1.7 us,  1.7 sy,  0.0 ni, 96.7 id,  0.0 wa,  0.0 hi,  0.0 si,  0.0 st
MiB Mem :   7948.5 total,   2448.3 free,   3016.8 used,   2483.4 buff/cache
MiB Swap:      0.0 total,      0.0 free,      0.0 used.   4175.6 avail Mem 

  PID USER      PR  NI    VIRT    RES    SHR S  %CPU  %MEM     TIME+ COMMAND
22429 root      20   0  742848  51248  11656 S   0.0   0.6   1:43.56 qos.bin
56. *********************************************** END


57. ***********************************************
Sat 26 Aug 2023 01:30:29 PM UTC
top - 13:30:29 up  5:43,  6 users,  load average: 0.25, 0.66, 0.73
Tasks:   1 total,   0 running,   1 sleeping,   0 stopped,   0 zombie
%Cpu(s):  0.0 us,  0.0 sy,  0.0 ni,100.0 id,  0.0 wa,  0.0 hi,  0.0 si,  0.0 st
MiB Mem :   7948.5 total,   2447.3 free,   3013.6 used,   2487.6 buff/cache
MiB Swap:      0.0 total,      0.0 free,      0.0 used.   4178.8 avail Mem 

  PID USER      PR  NI    VIRT    RES    SHR S  %CPU  %MEM     TIME+ COMMAND
22429 root      20   0  742848  51248  11656 S   0.0   0.6   1:45.08 qos.bin
57. *********************************************** END


58. ***********************************************
Sat 26 Aug 2023 01:35:30 PM UTC
top - 13:35:30 up  5:48,  6 users,  load average: 0.16, 0.39, 0.59
Tasks:   1 total,   0 running,   1 sleeping,   0 stopped,   0 zombie
%Cpu(s):  0.0 us,  1.7 sy,  0.0 ni, 98.3 id,  0.0 wa,  0.0 hi,  0.0 si,  0.0 st
MiB Mem :   7948.5 total,   2443.9 free,   3012.8 used,   2491.8 buff/cache
MiB Swap:      0.0 total,      0.0 free,      0.0 used.   4179.6 avail Mem 

  PID USER      PR  NI    VIRT    RES    SHR S  %CPU  %MEM     TIME+ COMMAND
22429 root      20   0  742848  51248  11656 S   0.0   0.6   1:46.68 qos.bin
58. *********************************************** END


59. ***********************************************
Sat 26 Aug 2023 01:40:31 PM UTC
top - 13:40:31 up  5:53,  6 users,  load average: 0.10, 0.25, 0.47
Tasks:   1 total,   0 running,   1 sleeping,   0 stopped,   0 zombie
%Cpu(s):  1.7 us,  0.0 sy,  0.0 ni, 98.3 id,  0.0 wa,  0.0 hi,  0.0 si,  0.0 st
MiB Mem :   7948.5 total,   2439.2 free,   3013.4 used,   2496.0 buff/cache
MiB Swap:      0.0 total,      0.0 free,      0.0 used.   4179.1 avail Mem 

  PID USER      PR  NI    VIRT    RES    SHR S  %CPU  %MEM     TIME+ COMMAND
22429 root      20   0  742848  51248  11656 S   0.0   0.6   1:48.32 qos.bin
59. *********************************************** END


60. ***********************************************
Sat 26 Aug 2023 01:45:32 PM UTC
top - 13:45:32 up  5:58,  6 users,  load average: 0.26, 0.21, 0.38
Tasks:   1 total,   0 running,   1 sleeping,   0 stopped,   0 zombie
%Cpu(s):  3.4 us,  0.0 sy,  0.0 ni, 96.6 id,  0.0 wa,  0.0 hi,  0.0 si,  0.0 st
MiB Mem :   7948.5 total,   2435.4 free,   3013.0 used,   2500.1 buff/cache
MiB Swap:      0.0 total,      0.0 free,      0.0 used.   4179.4 avail Mem 

  PID USER      PR  NI    VIRT    RES    SHR S  %CPU  %MEM     TIME+ COMMAND
22429 root      20   0  742848  51248  11656 S   0.0   0.6   1:49.91 qos.bin
60. *********************************************** END


61. ***********************************************
Sat 26 Aug 2023 01:50:33 PM UTC
top - 13:50:33 up  6:03,  6 users,  load average: 0.15, 0.18, 0.32
Tasks:   1 total,   0 running,   1 sleeping,   0 stopped,   0 zombie
%Cpu(s):  0.0 us,  0.0 sy,  0.0 ni,100.0 id,  0.0 wa,  0.0 hi,  0.0 si,  0.0 st
MiB Mem :   7948.5 total,   2429.5 free,   3014.7 used,   2504.3 buff/cache
MiB Swap:      0.0 total,      0.0 free,      0.0 used.   4177.7 avail Mem 

  PID USER      PR  NI    VIRT    RES    SHR S  %CPU  %MEM     TIME+ COMMAND
22429 root      20   0  742848  51248  11656 S   0.0   0.6   1:51.56 qos.bin
61. *********************************************** END


62. ***********************************************
Sat 26 Aug 2023 01:55:34 PM UTC
top - 13:55:34 up  6:08,  6 users,  load average: 0.18, 0.14, 0.26
Tasks:   1 total,   0 running,   1 sleeping,   0 stopped,   0 zombie
%Cpu(s):  4.5 us,  7.6 sy,  0.0 ni, 87.9 id,  0.0 wa,  0.0 hi,  0.0 si,  0.0 st
MiB Mem :   7948.5 total,   2417.4 free,   3022.6 used,   2508.5 buff/cache
MiB Swap:      0.0 total,      0.0 free,      0.0 used.   4169.9 avail Mem 

  PID USER      PR  NI    VIRT    RES    SHR S  %CPU  %MEM     TIME+ COMMAND
22429 root      20   0  742848  51248  11656 S   0.0   0.6   1:53.13 qos.bin
62. *********************************************** END


63. ***********************************************
Sat 26 Aug 2023 02:00:35 PM UTC
top - 14:00:35 up  6:13,  6 users,  load average: 0.08, 0.11, 0.21
Tasks:   1 total,   0 running,   1 sleeping,   0 stopped,   0 zombie
%Cpu(s):  3.2 us,  6.5 sy,  0.0 ni, 88.7 id,  0.0 wa,  0.0 hi,  1.6 si,  0.0 st
MiB Mem :   7948.5 total,   2417.1 free,   3018.6 used,   2512.9 buff/cache
MiB Swap:      0.0 total,      0.0 free,      0.0 used.   4173.9 avail Mem 

  PID USER      PR  NI    VIRT    RES    SHR S  %CPU  %MEM     TIME+ COMMAND
22429 root      20   0  742848  51248  11656 S   0.0   0.6   1:54.75 qos.bin
63. *********************************************** END


64. ***********************************************
Sat 26 Aug 2023 02:05:36 PM UTC
top - 14:05:36 up  6:18,  6 users,  load average: 0.12, 0.13, 0.18
Tasks:   1 total,   0 running,   1 sleeping,   0 stopped,   0 zombie
%Cpu(s):  6.8 us, 20.3 sy,  0.0 ni, 72.9 id,  0.0 wa,  0.0 hi,  0.0 si,  0.0 st
MiB Mem :   7948.5 total,   2417.4 free,   3013.9 used,   2517.2 buff/cache
MiB Swap:      0.0 total,      0.0 free,      0.0 used.   4178.5 avail Mem 

  PID USER      PR  NI    VIRT    RES    SHR S  %CPU  %MEM     TIME+ COMMAND
22429 root      20   0  742848  51248  11656 S   0.0   0.6   1:56.29 qos.bin
64. *********************************************** END


65. ***********************************************
Sat 26 Aug 2023 02:10:37 PM UTC
top - 14:10:37 up  6:23,  6 users,  load average: 0.15, 0.16, 0.18
Tasks:   1 total,   0 running,   1 sleeping,   0 stopped,   0 zombie
%Cpu(s):  3.3 us,  3.3 sy,  0.0 ni, 93.3 id,  0.0 wa,  0.0 hi,  0.0 si,  0.0 st
MiB Mem :   7948.5 total,   2411.4 free,   3015.6 used,   2521.4 buff/cache
MiB Swap:      0.0 total,      0.0 free,      0.0 used.   4176.8 avail Mem 

  PID USER      PR  NI    VIRT    RES    SHR S  %CPU  %MEM     TIME+ COMMAND
22429 root      20   0  742848  51248  11656 S   0.0   0.6   1:57.92 qos.bin
65. *********************************************** END


66. ***********************************************
Sat 26 Aug 2023 02:15:38 PM UTC
top - 14:15:38 up  6:28,  6 users,  load average: 0.12, 0.16, 0.17
Tasks:   1 total,   0 running,   1 sleeping,   0 stopped,   0 zombie
%Cpu(s):  1.7 us,  0.0 sy,  0.0 ni, 98.3 id,  0.0 wa,  0.0 hi,  0.0 si,  0.0 st
MiB Mem :   7948.5 total,   2408.6 free,   3014.2 used,   2525.7 buff/cache
MiB Swap:      0.0 total,      0.0 free,      0.0 used.   4178.3 avail Mem 

  PID USER      PR  NI    VIRT    RES    SHR S  %CPU  %MEM     TIME+ COMMAND
22429 root      20   0  742848  51248  11656 S   0.0   0.6   1:59.55 qos.bin
66. *********************************************** END


67. ***********************************************
Sat 26 Aug 2023 02:20:38 PM UTC
top - 14:20:39 up  6:33,  6 users,  load average: 0.10, 0.17, 0.17
Tasks:   1 total,   0 running,   1 sleeping,   0 stopped,   0 zombie
%Cpu(s):  1.7 us,  3.4 sy,  0.0 ni, 94.9 id,  0.0 wa,  0.0 hi,  0.0 si,  0.0 st
MiB Mem :   7948.5 total,   2399.5 free,   3019.1 used,   2529.9 buff/cache
MiB Swap:      0.0 total,      0.0 free,      0.0 used.   4173.4 avail Mem 

  PID USER      PR  NI    VIRT    RES    SHR S  %CPU  %MEM     TIME+ COMMAND
22429 root      20   0  742848  51248  11656 S   0.0   0.6   2:01.28 qos.bin
67. *********************************************** END


68. ***********************************************
Sat 26 Aug 2023 02:25:39 PM UTC
top - 14:25:40 up  6:38,  6 users,  load average: 0.18, 0.18, 0.18
Tasks:   1 total,   0 running,   1 sleeping,   0 stopped,   0 zombie
%Cpu(s):  3.3 us,  1.6 sy,  0.0 ni, 95.1 id,  0.0 wa,  0.0 hi,  0.0 si,  0.0 st
MiB Mem :   7948.5 total,   2400.6 free,   3013.8 used,   2534.1 buff/cache
MiB Swap:      0.0 total,      0.0 free,      0.0 used.   4178.6 avail Mem 

  PID USER      PR  NI    VIRT    RES    SHR S  %CPU  %MEM     TIME+ COMMAND
22429 root      20   0  742848  51248  11656 S   0.0   0.6   2:02.92 qos.bin
68. *********************************************** END


69. ***********************************************
Sat 26 Aug 2023 02:30:40 PM UTC
top - 14:30:40 up  6:43,  6 users,  load average: 0.08, 0.14, 0.17
Tasks:   1 total,   0 running,   1 sleeping,   0 stopped,   0 zombie
%Cpu(s):  3.3 us,  1.7 sy,  0.0 ni, 95.0 id,  0.0 wa,  0.0 hi,  0.0 si,  0.0 st
MiB Mem :   7948.5 total,   2395.1 free,   3015.0 used,   2538.4 buff/cache
MiB Swap:      0.0 total,      0.0 free,      0.0 used.   4177.5 avail Mem 

  PID USER      PR  NI    VIRT    RES    SHR S  %CPU  %MEM     TIME+ COMMAND
22429 root      20   0  742848  51248  11656 S   0.0   0.6   2:04.54 qos.bin
69. *********************************************** END


70. ***********************************************
Sat 26 Aug 2023 02:35:41 PM UTC
top - 14:35:41 up  6:48,  6 users,  load average: 0.10, 0.17, 0.17
Tasks:   1 total,   0 running,   1 sleeping,   0 stopped,   0 zombie
%Cpu(s):  1.7 us,  0.0 sy,  0.0 ni, 98.3 id,  0.0 wa,  0.0 hi,  0.0 si,  0.0 st
MiB Mem :   7948.5 total,   2391.7 free,   3014.1 used,   2542.7 buff/cache
MiB Swap:      0.0 total,      0.0 free,      0.0 used.   4178.3 avail Mem 

  PID USER      PR  NI    VIRT    RES    SHR S  %CPU  %MEM     TIME+ COMMAND
22429 root      20   0  742848  51248  11656 S   0.0   0.6   2:06.08 qos.bin
70. *********************************************** END


71. ***********************************************
Sat 26 Aug 2023 02:40:42 PM UTC
top - 14:40:42 up  6:53,  6 users,  load average: 0.09, 0.12, 0.15
Tasks:   1 total,   0 running,   1 sleeping,   0 stopped,   0 zombie
%Cpu(s):  4.9 us,  3.3 sy,  0.0 ni, 91.8 id,  0.0 wa,  0.0 hi,  0.0 si,  0.0 st
MiB Mem :   7948.5 total,   2388.1 free,   3013.5 used,   2546.9 buff/cache
MiB Swap:      0.0 total,      0.0 free,      0.0 used.   4178.9 avail Mem 

  PID USER      PR  NI    VIRT    RES    SHR S  %CPU  %MEM     TIME+ COMMAND
22429 root      20   0  742848  51248  11656 S   0.0   0.6   2:07.71 qos.bin
71. *********************************************** END


72. ***********************************************
Sat 26 Aug 2023 02:45:43 PM UTC
top - 14:45:43 up  6:58,  6 users,  load average: 0.39, 0.24, 0.19
Tasks:   1 total,   0 running,   1 sleeping,   0 stopped,   0 zombie
%Cpu(s): 14.5 us,  4.8 sy,  0.0 ni, 79.0 id,  0.0 wa,  0.0 hi,  1.6 si,  0.0 st
MiB Mem :   7948.5 total,   2378.4 free,   3019.0 used,   2551.1 buff/cache
MiB Swap:      0.0 total,      0.0 free,      0.0 used.   4173.5 avail Mem 

  PID USER      PR  NI    VIRT    RES    SHR S  %CPU  %MEM     TIME+ COMMAND
22429 root      20   0  742848  51248  11656 S   0.0   0.6   2:09.33 qos.bin
72. *********************************************** END


73. ***********************************************
Sat 26 Aug 2023 02:50:44 PM UTC
top - 14:50:44 up  7:03,  6 users,  load average: 0.18, 0.20, 0.18
Tasks:   1 total,   0 running,   1 sleeping,   0 stopped,   0 zombie
%Cpu(s):  1.7 us,  0.0 sy,  0.0 ni, 98.3 id,  0.0 wa,  0.0 hi,  0.0 si,  0.0 st
MiB Mem :   7948.5 total,   2375.1 free,   3018.0 used,   2555.4 buff/cache
MiB Swap:      0.0 total,      0.0 free,      0.0 used.   4174.5 avail Mem 

  PID USER      PR  NI    VIRT    RES    SHR S  %CPU  %MEM     TIME+ COMMAND
22429 root      20   0  742848  51248  11656 S   0.0   0.6   2:10.95 qos.bin
73. *********************************************** END


74. ***********************************************
Sat 26 Aug 2023 02:55:45 PM UTC
top - 14:55:45 up  7:08,  6 users,  load average: 0.24, 0.23, 0.19
Tasks:   1 total,   0 running,   1 sleeping,   0 stopped,   0 zombie
%Cpu(s):  1.7 us,  0.0 sy,  0.0 ni, 98.3 id,  0.0 wa,  0.0 hi,  0.0 si,  0.0 st
MiB Mem :   7948.5 total,   2373.7 free,   3015.2 used,   2559.7 buff/cache
MiB Swap:      0.0 total,      0.0 free,      0.0 used.   4177.4 avail Mem 

  PID USER      PR  NI    VIRT    RES    SHR S  %CPU  %MEM     TIME+ COMMAND
22429 root      20   0  742848  51248  11656 S   0.0   0.6   2:12.62 qos.bin
74. *********************************************** END


75. ***********************************************
Sat 26 Aug 2023 03:00:46 PM UTC
top - 15:00:46 up  7:13,  6 users,  load average: 0.30, 0.27, 0.20
Tasks:   1 total,   0 running,   1 sleeping,   0 stopped,   0 zombie
%Cpu(s):  0.0 us,  0.0 sy,  0.0 ni,100.0 id,  0.0 wa,  0.0 hi,  0.0 si,  0.0 st
MiB Mem :   7948.5 total,   2369.8 free,   3014.8 used,   2564.0 buff/cache
MiB Swap:      0.0 total,      0.0 free,      0.0 used.   4177.7 avail Mem 

  PID USER      PR  NI    VIRT    RES    SHR S  %CPU  %MEM     TIME+ COMMAND
22429 root      20   0  742848  51248  11656 S   0.0   0.6   2:14.25 qos.bin
75. *********************************************** END


76. ***********************************************
Sat 26 Aug 2023 03:05:47 PM UTC
top - 15:05:47 up  7:18,  6 users,  load average: 0.38, 0.31, 0.23
Tasks:   1 total,   0 running,   1 sleeping,   0 stopped,   0 zombie
%Cpu(s):  0.0 us,  1.7 sy,  0.0 ni, 98.3 id,  0.0 wa,  0.0 hi,  0.0 si,  0.0 st
MiB Mem :   7948.5 total,   2366.5 free,   3013.8 used,   2568.2 buff/cache
MiB Swap:      0.0 total,      0.0 free,      0.0 used.   4178.7 avail Mem 

  PID USER      PR  NI    VIRT    RES    SHR S  %CPU  %MEM     TIME+ COMMAND
22429 root      20   0  742848  51248  11656 S   0.0   0.6   2:15.87 qos.bin
76. *********************************************** END


77. ***********************************************
Sat 26 Aug 2023 03:10:48 PM UTC
top - 15:10:48 up  7:23,  6 users,  load average: 4.45, 2.00, 0.91
Tasks:   1 total,   0 running,   1 sleeping,   0 stopped,   0 zombie
%Cpu(s):  0.0 us,  0.0 sy,  0.0 ni,100.0 id,  0.0 wa,  0.0 hi,  0.0 si,  0.0 st
MiB Mem :   7948.5 total,   2361.3 free,   3014.6 used,   2572.6 buff/cache
MiB Swap:      0.0 total,      0.0 free,      0.0 used.   4177.9 avail Mem 

  PID USER      PR  NI    VIRT    RES    SHR S  %CPU  %MEM     TIME+ COMMAND
22429 root      20   0  742848  51248  11656 S   0.0   0.6   2:17.49 qos.bin
77. *********************************************** END


78. ***********************************************
Sat 26 Aug 2023 03:15:49 PM UTC
top - 15:15:49 up  7:28,  6 users,  load average: 3.52, 2.72, 1.54
Tasks:   1 total,   0 running,   1 sleeping,   0 stopped,   0 zombie
%Cpu(s):  0.0 us,  0.0 sy,  0.0 ni,100.0 id,  0.0 wa,  0.0 hi,  0.0 si,  0.0 st
MiB Mem :   7948.5 total,   2352.4 free,   3019.2 used,   2576.9 buff/cache
MiB Swap:      0.0 total,      0.0 free,      0.0 used.   4173.3 avail Mem 

  PID USER      PR  NI    VIRT    RES    SHR S  %CPU  %MEM     TIME+ COMMAND
22429 root      20   0  742848  51248  11656 S   0.0   0.6   2:19.08 qos.bin
78. *********************************************** END


79. ***********************************************
Sat 26 Aug 2023 03:20:50 PM UTC
top - 15:20:50 up  7:33,  6 users,  load average: 1.46, 1.88, 1.50
Tasks:   1 total,   0 running,   1 sleeping,   0 stopped,   0 zombie
%Cpu(s):  1.7 us, 11.7 sy,  0.0 ni, 85.0 id,  0.0 wa,  0.0 hi,  1.7 si,  0.0 st
MiB Mem :   7948.5 total,   2351.7 free,   3015.6 used,   2581.2 buff/cache
MiB Swap:      0.0 total,      0.0 free,      0.0 used.   4176.9 avail Mem 

  PID USER      PR  NI    VIRT    RES    SHR S  %CPU  %MEM     TIME+ COMMAND
22429 root      20   0  742848  51248  11656 S   0.0   0.6   2:20.58 qos.bin
79. *********************************************** END


80. ***********************************************
Sat 26 Aug 2023 03:25:51 PM UTC
top - 15:25:51 up  7:38,  6 users,  load average: 0.41, 1.02, 1.23
Tasks:   1 total,   0 running,   1 sleeping,   0 stopped,   0 zombie
%Cpu(s):  6.3 us,  4.8 sy,  0.0 ni, 88.9 id,  0.0 wa,  0.0 hi,  0.0 si,  0.0 st
MiB Mem :   7948.5 total,   2348.2 free,   3014.8 used,   2585.5 buff/cache
MiB Swap:      0.0 total,      0.0 free,      0.0 used.   4177.7 avail Mem 

  PID USER      PR  NI    VIRT    RES    SHR S  %CPU  %MEM     TIME+ COMMAND
22429 root      20   0  742848  51248  11656 S   0.0   0.6   2:22.27 qos.bin
80. *********************************************** END


81. ***********************************************
Sat 26 Aug 2023 03:30:51 PM UTC
top - 15:30:52 up  7:43,  6 users,  load average: 0.51, 0.66, 1.00
Tasks:   1 total,   0 running,   1 sleeping,   0 stopped,   0 zombie
%Cpu(s):  6.5 us,  3.2 sy,  0.0 ni, 88.7 id,  0.0 wa,  0.0 hi,  1.6 si,  0.0 st
MiB Mem :   7948.5 total,   2343.9 free,   3014.8 used,   2589.8 buff/cache
MiB Swap:      0.0 total,      0.0 free,      0.0 used.   4177.8 avail Mem 

  PID USER      PR  NI    VIRT    RES    SHR S  %CPU  %MEM     TIME+ COMMAND
22429 root      20   0  742848  51248  11656 S   0.0   0.6   2:23.86 qos.bin
81. *********************************************** END


82. ***********************************************
Sat 26 Aug 2023 03:35:52 PM UTC
top - 15:35:53 up  7:48,  6 users,  load average: 0.64, 0.60, 0.88
Tasks:   1 total,   0 running,   1 sleeping,   0 stopped,   0 zombie
%Cpu(s):  1.7 us,  0.0 sy,  0.0 ni, 98.3 id,  0.0 wa,  0.0 hi,  0.0 si,  0.0 st
MiB Mem :   7948.5 total,   2339.4 free,   3015.0 used,   2594.1 buff/cache
MiB Swap:      0.0 total,      0.0 free,      0.0 used.   4177.5 avail Mem 

  PID USER      PR  NI    VIRT    RES    SHR S  %CPU  %MEM     TIME+ COMMAND
22429 root      20   0  742848  51248  11656 S   0.0   0.6   2:25.48 qos.bin
82. *********************************************** END
