File logging started to cosq_dump_td3.log
BCM.0> 
BCM.0> dump sw cosq

SW Information COSQ - Unit 0
=== CPU PORT ===
L0 Nodes
    L0.0: GPORT=0x37800000 MODE=WRR WT=1
    L0.1: GPORT=0x37810000 MODE=WRR WT=1
    L0.2: GPORT=0x37820000 MODE=WRR WT=1
    L0.3: GPORT=0x37830000 MODE=WRR WT=1
    L0.4: GPORT=0x37840000 MODE=WRR WT=1
    L0.5: GPORT=0x37850000 MODE=WRR WT=1
    L0.6: GPORT=0x37860000 MODE=WRR WT=1
    L0.7: GPORT=0x37870000 MODE=WRR WT=1
    L0.8: GPORT=0x37880000 MODE=WRR WT=1
    L0.9: GPORT=0x37890000 MODE=WRR WT=1

MC Queues
    MC.0: GPORT=0x30000000 MODE=WRR WT=1 PARENT=L0.0
    MC.1: GPORT=0x30000001 MODE=WRR WT=1 PARENT=L0.0
    MC.2: GPORT=0x30000002 MODE=WRR WT=1 PARENT=L0.0
    MC.3: GPORT=0x30000003 MODE=WRR WT=1 PARENT=L0.0
    MC.4: GPORT=0x30000004 MODE=WRR WT=1 PARENT=L0.0
    MC.5: GPORT=0x30000005 MODE=WRR WT=1 PARENT=L0.0
    MC.6: GPORT=0x30000006 MODE=WRR WT=1 PARENT=L0.0
    MC.7: GPORT=0x30000007 MODE=WRR WT=1 PARENT=L0.0
    MC.8: GPORT=0x30000008 MODE=WRR WT=1 PARENT=L0.0
    MC.9: GPORT=0x30000009 MODE=WRR WT=1 PARENT=L0.0
    MC.10: GPORT=0x3000000a MODE=WRR WT=1 PARENT=L0.0
    MC.11: GPORT=0x3000000b MODE=WRR WT=1 PARENT=L0.0
    MC.12: GPORT=0x3000000c MODE=WRR WT=1 PARENT=L0.0
    MC.13: GPORT=0x3000000d MODE=WRR WT=1 PARENT=L0.0
    MC.14: GPORT=0x3000000e MODE=WRR WT=1 PARENT=L0.0
    MC.15: GPORT=0x3000000f MODE=WRR WT=1 PARENT=L0.0
    MC.16: GPORT=0x30000010 MODE=WRR WT=1 PARENT=L0.0
    MC.17: GPORT=0x30000011 MODE=WRR WT=1 PARENT=L0.0
    MC.18: GPORT=0x30000012 MODE=WRR WT=1 PARENT=L0.0
    MC.19: GPORT=0x30000013 MODE=WRR WT=1 PARENT=L0.0
    MC.20: GPORT=0x30000014 MODE=WRR WT=1 PARENT=L0.0
    MC.21: GPORT=0x30000015 MODE=WRR WT=1 PARENT=L0.0
    MC.22: GPORT=0x30000016 MODE=WRR WT=1 PARENT=L0.0
    MC.23: GPORT=0x30000017 MODE=WRR WT=1 PARENT=L0.0
    MC.24: GPORT=0x30000018 MODE=WRR WT=1 PARENT=L0.0
    MC.25: GPORT=0x30000019 MODE=WRR WT=1 PARENT=L0.0
    MC.26: GPORT=0x3000001a MODE=WRR WT=1 PARENT=L0.0
    MC.27: GPORT=0x3000001b MODE=WRR WT=1 PARENT=L0.0
    MC.28: GPORT=0x3000001c MODE=WRR WT=1 PARENT=L0.0
    MC.29: GPORT=0x3000001d MODE=WRR WT=1 PARENT=L0.0
    MC.30: GPORT=0x3000001e MODE=WRR WT=1 PARENT=L0.0
    MC.31: GPORT=0x3000001f MODE=WRR WT=1 PARENT=L0.0
    MC.32: GPORT=0x30000020 MODE=WRR WT=1 PARENT=L0.0
    MC.33: GPORT=0x30000021 MODE=WRR WT=1 PARENT=L0.0
    MC.34: GPORT=0x30000022 MODE=WRR WT=1 PARENT=L0.0
    MC.35: GPORT=0x30000023 MODE=WRR WT=1 PARENT=L0.0
    MC.36: GPORT=0x30000024 MODE=WRR WT=1 PARENT=L0.0
    MC.37: GPORT=0x30000025 MODE=WRR WT=1 PARENT=L0.0
    MC.38: GPORT=0x30000026 MODE=WRR WT=1 PARENT=L0.0
    MC.39: GPORT=0x30000027 MODE=WRR WT=1 PARENT=L0.0
    MC.40: GPORT=0x30000028 MODE=WRR WT=1 PARENT=L0.0
    MC.41: GPORT=0x30000029 MODE=WRR WT=1 PARENT=L0.0
    MC.42: GPORT=0x3000002a MODE=WRR WT=1 PARENT=L0.0
    MC.43: GPORT=0x3000002b MODE=WRR WT=1 PARENT=L0.0
    MC.44: GPORT=0x3000002c MODE=WRR WT=1 PARENT=L0.0
    MC.45: GPORT=0x3000002d MODE=WRR WT=1 PARENT=L0.0
    MC.46: GPORT=0x3000002e MODE=WRR WT=1 PARENT=L0.7
    MC.47: GPORT=0x3000002f MODE=WRR WT=1 PARENT=L0.8
=========== 
=== PORT 1
L0.0: GPORT=0x37800001 MODE=WERR WT=1
    UC.0: GPORT=0x24004000 MODE=WERR WT=1
    MC.0: GPORT=0x30004000 MODE=WERR WT=1
L0.1: GPORT=0x37810001 MODE=WERR WT=1
    UC.1: GPORT=0x24004001 MODE=WERR WT=1
    MC.1: GPORT=0x30004001 MODE=WERR WT=1
L0.2: GPORT=0x37820001 MODE=WERR WT=1
    UC.2: GPORT=0x24004002 MODE=WERR WT=1
    MC.2: GPORT=0x30004002 MODE=WERR WT=1
L0.3: GPORT=0x37830001 MODE=WERR WT=1
    UC.3: GPORT=0x24004003 MODE=WERR WT=1
    MC.3: GPORT=0x30004003 MODE=WERR WT=1
L0.4: GPORT=0x37840001 MODE=WERR WT=1
    UC.4: GPORT=0x24004004 MODE=WERR WT=1
    MC.4: GPORT=0x30004004 MODE=WERR WT=1
L0.5: GPORT=0x37850001 MODE=WERR WT=1
    UC.5: GPORT=0x24004005 MODE=WERR WT=1
    MC.5: GPORT=0x30004005 MODE=WERR WT=1
L0.6: GPORT=0x37860001 MODE=WERR WT=1
    UC.6: GPORT=0x24004006 MODE=WERR WT=1
    MC.6: GPORT=0x30004006 MODE=WERR WT=1
L0.7: GPORT=0x37870001 MODE=WERR WT=1
    UC.7: GPORT=0x24004007 MODE=WERR WT=1
    MC.7: GPORT=0x30004007 MODE=WERR WT=1
L0.8: GPORT=0x37880001 MODE=WERR WT=1
    UC.8: GPORT=0x24004008 MODE=WRR WT=1
    MC.8: GPORT=0x30004008 MODE=WRR WT=1
L0.9: GPORT=0x37890001 MODE=WERR WT=1
    UC.9: GPORT=0x24004009 MODE=WRR WT=1
    MC.9: GPORT=0x30004009 MODE=WRR WT=1
=========== 
=== PORT 5
L0.0: GPORT=0x37800005 MODE=WERR WT=1
    UC.0: GPORT=0x24014000 MODE=WERR WT=1
    MC.0: GPORT=0x30014000 MODE=WERR WT=1
L0.1: GPORT=0x37810005 MODE=WERR WT=1
    UC.1: GPORT=0x24014001 MODE=WERR WT=1
    MC.1: GPORT=0x30014001 MODE=WERR WT=1
L0.2: GPORT=0x37820005 MODE=WERR WT=1
    UC.2: GPORT=0x24014002 MODE=WERR WT=1
    MC.2: GPORT=0x30014002 MODE=WERR WT=1
L0.3: GPORT=0x37830005 MODE=WERR WT=1
    UC.3: GPORT=0x24014003 MODE=WERR WT=1
    MC.3: GPORT=0x30014003 MODE=WERR WT=1
L0.4: GPORT=0x37840005 MODE=WERR WT=1
    UC.4: GPORT=0x24014004 MODE=WERR WT=1
    MC.4: GPORT=0x30014004 MODE=WERR WT=1
L0.5: GPORT=0x37850005 MODE=WERR WT=1
    UC.5: GPORT=0x24014005 MODE=WERR WT=1
    MC.5: GPORT=0x30014005 MODE=WERR WT=1
L0.6: GPORT=0x37860005 MODE=WERR WT=1
    UC.6: GPORT=0x24014006 MODE=WERR WT=1
    MC.6: GPORT=0x30014006 MODE=WERR WT=1
L0.7: GPORT=0x37870005 MODE=WERR WT=1
    UC.7: GPORT=0x24014007 MODE=WERR WT=1
    MC.7: GPORT=0x30014007 MODE=WERR WT=1
L0.8: GPORT=0x37880005 MODE=WERR WT=1
    UC.8: GPORT=0x24014008 MODE=WRR WT=1
    MC.8: GPORT=0x30014008 MODE=WRR WT=1
L0.9: GPORT=0x37890005 MODE=WERR WT=1
    UC.9: GPORT=0x24014009 MODE=WRR WT=1
    MC.9: GPORT=0x30014009 MODE=WRR WT=1
=========== 
=== PORT 13
L0.0: GPORT=0x3780000d MODE=WERR WT=1
    UC.0: GPORT=0x24034000 MODE=WERR WT=1
    MC.0: GPORT=0x30034000 MODE=WERR WT=1
L0.1: GPORT=0x3781000d MODE=WERR WT=1
    UC.1: GPORT=0x24034001 MODE=WERR WT=1
    MC.1: GPORT=0x30034001 MODE=WERR WT=1
L0.2: GPORT=0x3782000d MODE=WERR WT=1
    UC.2: GPORT=0x24034002 MODE=WERR WT=1
    MC.2: GPORT=0x30034002 MODE=WERR WT=1
L0.3: GPORT=0x3783000d MODE=WERR WT=1
    UC.3: GPORT=0x24034003 MODE=WERR WT=1
    MC.3: GPORT=0x30034003 MODE=WERR WT=1
L0.4: GPORT=0x3784000d MODE=WERR WT=1
    UC.4: GPORT=0x24034004 MODE=WERR WT=1
    MC.4: GPORT=0x30034004 MODE=WERR WT=1
L0.5: GPORT=0x3785000d MODE=WERR WT=1
    UC.5: GPORT=0x24034005 MODE=WERR WT=1
    MC.5: GPORT=0x30034005 MODE=WERR WT=1
L0.6: GPORT=0x3786000d MODE=WERR WT=1
    UC.6: GPORT=0x24034006 MODE=WERR WT=1
    MC.6: GPORT=0x30034006 MODE=WERR WT=1
L0.7: GPORT=0x3787000d MODE=WERR WT=1
    UC.7: GPORT=0x24034007 MODE=WERR WT=1
    MC.7: GPORT=0x30034007 MODE=WERR WT=1
L0.8: GPORT=0x3788000d MODE=WERR WT=1
    UC.8: GPORT=0x24034008 MODE=WRR WT=1
    MC.8: GPORT=0x30034008 MODE=WRR WT=1
L0.9: GPORT=0x3789000d MODE=WERR WT=1
    UC.9: GPORT=0x24034009 MODE=WRR WT=1
    MC.9: GPORT=0x30034009 MODE=WRR WT=1
=========== 
=== PORT 14
L0.0: GPORT=0x3780000e MODE=WERR WT=1
    UC.0: GPORT=0x24038000 MODE=WERR WT=1
    MC.0: GPORT=0x30038000 MODE=WERR WT=1
L0.1: GPORT=0x3781000e MODE=WERR WT=1
    UC.1: GPORT=0x24038001 MODE=WERR WT=1
    MC.1: GPORT=0x30038001 MODE=WERR WT=1
L0.2: GPORT=0x3782000e MODE=WERR WT=1
    UC.2: GPORT=0x24038002 MODE=WERR WT=1
    MC.2: GPORT=0x30038002 MODE=WERR WT=1
L0.3: GPORT=0x3783000e MODE=WERR WT=1
    UC.3: GPORT=0x24038003 MODE=WERR WT=1
    MC.3: GPORT=0x30038003 MODE=WERR WT=1
L0.4: GPORT=0x3784000e MODE=WERR WT=1
    UC.4: GPORT=0x24038004 MODE=WERR WT=1
    MC.4: GPORT=0x30038004 MODE=WERR WT=1
L0.5: GPORT=0x3785000e MODE=WERR WT=1
    UC.5: GPORT=0x24038005 MODE=WERR WT=1
    MC.5: GPORT=0x30038005 MODE=WERR WT=1
L0.6: GPORT=0x3786000e MODE=WERR WT=1
    UC.6: GPORT=0x24038006 MODE=WERR WT=1
    MC.6: GPORT=0x30038006 MODE=WERR WT=1
L0.7: GPORT=0x3787000e MODE=WERR WT=1
    UC.7: GPORT=0x24038007 MODE=WERR WT=1
    MC.7: GPORT=0x30038007 MODE=WERR WT=1
L0.8: GPORT=0x3788000e MODE=WERR WT=1
    UC.8: GPORT=0x24038008 MODE=WRR WT=1
    MC.8: GPORT=0x30038008 MODE=WRR WT=1
L0.9: GPORT=0x3789000e MODE=WERR WT=1
    UC.9: GPORT=0x24038009 MODE=WRR WT=1
    MC.9: GPORT=0x30038009 MODE=WRR WT=1
=========== 
=== PORT 15
L0.0: GPORT=0x3780000f MODE=WERR WT=1
    UC.0: GPORT=0x2403c000 MODE=WERR WT=1
    MC.0: GPORT=0x3003c000 MODE=WERR WT=1
L0.1: GPORT=0x3781000f MODE=WERR WT=1
    UC.1: GPORT=0x2403c001 MODE=WERR WT=1
    MC.1: GPORT=0x3003c001 MODE=WERR WT=1
L0.2: GPORT=0x3782000f MODE=WERR WT=1
    UC.2: GPORT=0x2403c002 MODE=WERR WT=1
    MC.2: GPORT=0x3003c002 MODE=WERR WT=1
L0.3: GPORT=0x3783000f MODE=WERR WT=1
    UC.3: GPORT=0x2403c003 MODE=WERR WT=1
    MC.3: GPORT=0x3003c003 MODE=WERR WT=1
L0.4: GPORT=0x3784000f MODE=WERR WT=1
    UC.4: GPORT=0x2403c004 MODE=WERR WT=1
    MC.4: GPORT=0x3003c004 MODE=WERR WT=1
L0.5: GPORT=0x3785000f MODE=WERR WT=1
    UC.5: GPORT=0x2403c005 MODE=WERR WT=1
    MC.5: GPORT=0x3003c005 MODE=WERR WT=1
L0.6: GPORT=0x3786000f MODE=WERR WT=1
    UC.6: GPORT=0x2403c006 MODE=WERR WT=1
    MC.6: GPORT=0x3003c006 MODE=WERR WT=1
L0.7: GPORT=0x3787000f MODE=WERR WT=1
    UC.7: GPORT=0x2403c007 MODE=WERR WT=1
    MC.7: GPORT=0x3003c007 MODE=WERR WT=1
L0.8: GPORT=0x3788000f MODE=WERR WT=1
    UC.8: GPORT=0x2403c008 MODE=WRR WT=1
    MC.8: GPORT=0x3003c008 MODE=WRR WT=1
L0.9: GPORT=0x3789000f MODE=WERR WT=1
    UC.9: GPORT=0x2403c009 MODE=WRR WT=1
    MC.9: GPORT=0x3003c009 MODE=WRR WT=1
=========== 
=== PORT 16
L0.0: GPORT=0x37800010 MODE=WERR WT=1
    UC.0: GPORT=0x24040000 MODE=WERR WT=1
    MC.0: GPORT=0x30040000 MODE=WERR WT=1
L0.1: GPORT=0x37810010 MODE=WERR WT=1
    UC.1: GPORT=0x24040001 MODE=WERR WT=1
    MC.1: GPORT=0x30040001 MODE=WERR WT=1
L0.2: GPORT=0x37820010 MODE=WERR WT=1
    UC.2: GPORT=0x24040002 MODE=WERR WT=1
    MC.2: GPORT=0x30040002 MODE=WERR WT=1
L0.3: GPORT=0x37830010 MODE=WERR WT=1
    UC.3: GPORT=0x24040003 MODE=WERR WT=1
    MC.3: GPORT=0x30040003 MODE=WERR WT=1
L0.4: GPORT=0x37840010 MODE=WERR WT=1
    UC.4: GPORT=0x24040004 MODE=WERR WT=1
    MC.4: GPORT=0x30040004 MODE=WERR WT=1
L0.5: GPORT=0x37850010 MODE=WERR WT=1
    UC.5: GPORT=0x24040005 MODE=WERR WT=1
    MC.5: GPORT=0x30040005 MODE=WERR WT=1
L0.6: GPORT=0x37860010 MODE=WERR WT=1
    UC.6: GPORT=0x24040006 MODE=WERR WT=1
    MC.6: GPORT=0x30040006 MODE=WERR WT=1
L0.7: GPORT=0x37870010 MODE=WERR WT=1
    UC.7: GPORT=0x24040007 MODE=WERR WT=1
    MC.7: GPORT=0x30040007 MODE=WERR WT=1
L0.8: GPORT=0x37880010 MODE=WERR WT=1
    UC.8: GPORT=0x24040008 MODE=WRR WT=1
    MC.8: GPORT=0x30040008 MODE=WRR WT=1
L0.9: GPORT=0x37890010 MODE=WERR WT=1
    UC.9: GPORT=0x24040009 MODE=WRR WT=1
    MC.9: GPORT=0x30040009 MODE=WRR WT=1
=========== 
=== PORT 21
L0.0: GPORT=0x37800015 MODE=WERR WT=1
    UC.0: GPORT=0x24054000 MODE=WERR WT=1
    MC.0: GPORT=0x30054000 MODE=WERR WT=1
L0.1: GPORT=0x37810015 MODE=WERR WT=1
    UC.1: GPORT=0x24054001 MODE=WERR WT=1
    MC.1: GPORT=0x30054001 MODE=WERR WT=1
L0.2: GPORT=0x37820015 MODE=WERR WT=1
    UC.2: GPORT=0x24054002 MODE=WERR WT=1
    MC.2: GPORT=0x30054002 MODE=WERR WT=1
L0.3: GPORT=0x37830015 MODE=WERR WT=1
    UC.3: GPORT=0x24054003 MODE=WERR WT=1
    MC.3: GPORT=0x30054003 MODE=WERR WT=1
L0.4: GPORT=0x37840015 MODE=WERR WT=1
    UC.4: GPORT=0x24054004 MODE=WERR WT=1
    MC.4: GPORT=0x30054004 MODE=WERR WT=1
L0.5: GPORT=0x37850015 MODE=WERR WT=1
    UC.5: GPORT=0x24054005 MODE=WERR WT=1
    MC.5: GPORT=0x30054005 MODE=WERR WT=1
L0.6: GPORT=0x37860015 MODE=WERR WT=1
    UC.6: GPORT=0x24054006 MODE=WERR WT=1
    MC.6: GPORT=0x30054006 MODE=WERR WT=1
L0.7: GPORT=0x37870015 MODE=WERR WT=1
    UC.7: GPORT=0x24054007 MODE=WERR WT=1
    MC.7: GPORT=0x30054007 MODE=WERR WT=1
L0.8: GPORT=0x37880015 MODE=WERR WT=1
    UC.8: GPORT=0x24054008 MODE=WRR WT=1
    MC.8: GPORT=0x30054008 MODE=WRR WT=1
L0.9: GPORT=0x37890015 MODE=WERR WT=1
    UC.9: GPORT=0x24054009 MODE=WRR WT=1
    MC.9: GPORT=0x30054009 MODE=WRR WT=1
=========== 
=== PORT 22
L0.0: GPORT=0x37800016 MODE=WERR WT=1
    UC.0: GPORT=0x24058000 MODE=WERR WT=1
    MC.0: GPORT=0x30058000 MODE=WERR WT=1
L0.1: GPORT=0x37810016 MODE=WERR WT=1
    UC.1: GPORT=0x24058001 MODE=WERR WT=1
    MC.1: GPORT=0x30058001 MODE=WERR WT=1
L0.2: GPORT=0x37820016 MODE=WERR WT=1
    UC.2: GPORT=0x24058002 MODE=WERR WT=1
    MC.2: GPORT=0x30058002 MODE=WERR WT=1
L0.3: GPORT=0x37830016 MODE=WERR WT=1
    UC.3: GPORT=0x24058003 MODE=WERR WT=1
    MC.3: GPORT=0x30058003 MODE=WERR WT=1
L0.4: GPORT=0x37840016 MODE=WERR WT=1
    UC.4: GPORT=0x24058004 MODE=WERR WT=1
    MC.4: GPORT=0x30058004 MODE=WERR WT=1
L0.5: GPORT=0x37850016 MODE=WERR WT=1
    UC.5: GPORT=0x24058005 MODE=WERR WT=1
    MC.5: GPORT=0x30058005 MODE=WERR WT=1
L0.6: GPORT=0x37860016 MODE=WERR WT=1
    UC.6: GPORT=0x24058006 MODE=WERR WT=1
    MC.6: GPORT=0x30058006 MODE=WERR WT=1
L0.7: GPORT=0x37870016 MODE=WERR WT=1
    UC.7: GPORT=0x24058007 MODE=WERR WT=1
    MC.7: GPORT=0x30058007 MODE=WERR WT=1
L0.8: GPORT=0x37880016 MODE=WERR WT=1
    UC.8: GPORT=0x24058008 MODE=WRR WT=1
    MC.8: GPORT=0x30058008 MODE=WRR WT=1
L0.9: GPORT=0x37890016 MODE=WERR WT=1
    UC.9: GPORT=0x24058009 MODE=WRR WT=1
    MC.9: GPORT=0x30058009 MODE=WRR WT=1
=========== 
=== PORT 23
L0.0: GPORT=0x37800017 MODE=WERR WT=1
    UC.0: GPORT=0x2405c000 MODE=WERR WT=1
    MC.0: GPORT=0x3005c000 MODE=WERR WT=1
L0.1: GPORT=0x37810017 MODE=WERR WT=1
    UC.1: GPORT=0x2405c001 MODE=WERR WT=1
    MC.1: GPORT=0x3005c001 MODE=WERR WT=1
L0.2: GPORT=0x37820017 MODE=WERR WT=1
    UC.2: GPORT=0x2405c002 MODE=WERR WT=1
    MC.2: GPORT=0x3005c002 MODE=WERR WT=1
L0.3: GPORT=0x37830017 MODE=WERR WT=1
    UC.3: GPORT=0x2405c003 MODE=WERR WT=1
    MC.3: GPORT=0x3005c003 MODE=WERR WT=1
L0.4: GPORT=0x37840017 MODE=WERR WT=1
    UC.4: GPORT=0x2405c004 MODE=WERR WT=1
    MC.4: GPORT=0x3005c004 MODE=WERR WT=1
L0.5: GPORT=0x37850017 MODE=WERR WT=1
    UC.5: GPORT=0x2405c005 MODE=WERR WT=1
    MC.5: GPORT=0x3005c005 MODE=WERR WT=1
L0.6: GPORT=0x37860017 MODE=WERR WT=1
    UC.6: GPORT=0x2405c006 MODE=WERR WT=1
    MC.6: GPORT=0x3005c006 MODE=WERR WT=1
L0.7: GPORT=0x37870017 MODE=WERR WT=1
    UC.7: GPORT=0x2405c007 MODE=WERR WT=1
    MC.7: GPORT=0x3005c007 MODE=WERR WT=1
L0.8: GPORT=0x37880017 MODE=WERR WT=1
    UC.8: GPORT=0x2405c008 MODE=WRR WT=1
    MC.8: GPORT=0x3005c008 MODE=WRR WT=1
L0.9: GPORT=0x37890017 MODE=WERR WT=1
    UC.9: GPORT=0x2405c009 MODE=WRR WT=1
    MC.9: GPORT=0x3005c009 MODE=WRR WT=1
=========== 
=== PORT 24
L0.0: GPORT=0x37800018 MODE=WERR WT=1
    UC.0: GPORT=0x24060000 MODE=WERR WT=1
    MC.0: GPORT=0x30060000 MODE=WERR WT=1
L0.1: GPORT=0x37810018 MODE=WERR WT=1
    UC.1: GPORT=0x24060001 MODE=WERR WT=1
    MC.1: GPORT=0x30060001 MODE=WERR WT=1
L0.2: GPORT=0x37820018 MODE=WERR WT=1
    UC.2: GPORT=0x24060002 MODE=WERR WT=1
    MC.2: GPORT=0x30060002 MODE=WERR WT=1
L0.3: GPORT=0x37830018 MODE=WERR WT=1
    UC.3: GPORT=0x24060003 MODE=WERR WT=1
    MC.3: GPORT=0x30060003 MODE=WERR WT=1
L0.4: GPORT=0x37840018 MODE=WERR WT=1
    UC.4: GPORT=0x24060004 MODE=WERR WT=1
    MC.4: GPORT=0x30060004 MODE=WERR WT=1
L0.5: GPORT=0x37850018 MODE=WERR WT=1
    UC.5: GPORT=0x24060005 MODE=WERR WT=1
    MC.5: GPORT=0x30060005 MODE=WERR WT=1
L0.6: GPORT=0x37860018 MODE=WERR WT=1
    UC.6: GPORT=0x24060006 MODE=WERR WT=1
    MC.6: GPORT=0x30060006 MODE=WERR WT=1
L0.7: GPORT=0x37870018 MODE=WERR WT=1
    UC.7: GPORT=0x24060007 MODE=WERR WT=1
    MC.7: GPORT=0x30060007 MODE=WERR WT=1
L0.8: GPORT=0x37880018 MODE=WERR WT=1
    UC.8: GPORT=0x24060008 MODE=WRR WT=1
    MC.8: GPORT=0x30060008 MODE=WRR WT=1
L0.9: GPORT=0x37890018 MODE=WERR WT=1
    UC.9: GPORT=0x24060009 MODE=WRR WT=1
    MC.9: GPORT=0x30060009 MODE=WRR WT=1
=========== 
=== PORT 29
L0.0: GPORT=0x3780001d MODE=WERR WT=1
    UC.0: GPORT=0x24074000 MODE=WERR WT=1
    MC.0: GPORT=0x30074000 MODE=WERR WT=1
L0.1: GPORT=0x3781001d MODE=WERR WT=1
    UC.1: GPORT=0x24074001 MODE=WERR WT=1
    MC.1: GPORT=0x30074001 MODE=WERR WT=1
L0.2: GPORT=0x3782001d MODE=WERR WT=1
    UC.2: GPORT=0x24074002 MODE=WERR WT=1
    MC.2: GPORT=0x30074002 MODE=WERR WT=1
L0.3: GPORT=0x3783001d MODE=WERR WT=1
    UC.3: GPORT=0x24074003 MODE=WERR WT=1
    MC.3: GPORT=0x30074003 MODE=WERR WT=1
L0.4: GPORT=0x3784001d MODE=WERR WT=1
    UC.4: GPORT=0x24074004 MODE=WERR WT=1
    MC.4: GPORT=0x30074004 MODE=WERR WT=1
L0.5: GPORT=0x3785001d MODE=WERR WT=1
    UC.5: GPORT=0x24074005 MODE=WERR WT=1
    MC.5: GPORT=0x30074005 MODE=WERR WT=1
L0.6: GPORT=0x3786001d MODE=WERR WT=1
    UC.6: GPORT=0x24074006 MODE=WERR WT=1
    MC.6: GPORT=0x30074006 MODE=WERR WT=1
L0.7: GPORT=0x3787001d MODE=WERR WT=1
    UC.7: GPORT=0x24074007 MODE=WERR WT=1
    MC.7: GPORT=0x30074007 MODE=WERR WT=1
L0.8: GPORT=0x3788001d MODE=WERR WT=1
    UC.8: GPORT=0x24074008 MODE=WRR WT=1
    MC.8: GPORT=0x30074008 MODE=WRR WT=1
L0.9: GPORT=0x3789001d MODE=WERR WT=1
    UC.9: GPORT=0x24074009 MODE=WRR WT=1
    MC.9: GPORT=0x30074009 MODE=WRR WT=1
=========== 
=== PORT 30
L0.0: GPORT=0x3780001e MODE=WERR WT=1
    UC.0: GPORT=0x24078000 MODE=WERR WT=1
    MC.0: GPORT=0x30078000 MODE=WERR WT=1
L0.1: GPORT=0x3781001e MODE=WERR WT=1
    UC.1: GPORT=0x24078001 MODE=WERR WT=1
    MC.1: GPORT=0x30078001 MODE=WERR WT=1
L0.2: GPORT=0x3782001e MODE=WERR WT=1
    UC.2: GPORT=0x24078002 MODE=WERR WT=1
    MC.2: GPORT=0x30078002 MODE=WERR WT=1
L0.3: GPORT=0x3783001e MODE=WERR WT=1
    UC.3: GPORT=0x24078003 MODE=WERR WT=1
    MC.3: GPORT=0x30078003 MODE=WERR WT=1
L0.4: GPORT=0x3784001e MODE=WERR WT=1
    UC.4: GPORT=0x24078004 MODE=WERR WT=1
    MC.4: GPORT=0x30078004 MODE=WERR WT=1
L0.5: GPORT=0x3785001e MODE=WERR WT=1
    UC.5: GPORT=0x24078005 MODE=WERR WT=1
    MC.5: GPORT=0x30078005 MODE=WERR WT=1
L0.6: GPORT=0x3786001e MODE=WERR WT=1
    UC.6: GPORT=0x24078006 MODE=WERR WT=1
    MC.6: GPORT=0x30078006 MODE=WERR WT=1
L0.7: GPORT=0x3787001e MODE=WERR WT=1
    UC.7: GPORT=0x24078007 MODE=WERR WT=1
    MC.7: GPORT=0x30078007 MODE=WERR WT=1
L0.8: GPORT=0x3788001e MODE=WERR WT=1
    UC.8: GPORT=0x24078008 MODE=WRR WT=1
    MC.8: GPORT=0x30078008 MODE=WRR WT=1
L0.9: GPORT=0x3789001e MODE=WERR WT=1
    UC.9: GPORT=0x24078009 MODE=WRR WT=1
    MC.9: GPORT=0x30078009 MODE=WRR WT=1
=========== 
=== PORT 31
L0.0: GPORT=0x3780001f MODE=WERR WT=1
    UC.0: GPORT=0x2407c000 MODE=WERR WT=1
    MC.0: GPORT=0x3007c000 MODE=WERR WT=1
L0.1: GPORT=0x3781001f MODE=WERR WT=1
    UC.1: GPORT=0x2407c001 MODE=WERR WT=1
    MC.1: GPORT=0x3007c001 MODE=WERR WT=1
L0.2: GPORT=0x3782001f MODE=WERR WT=1
    UC.2: GPORT=0x2407c002 MODE=WERR WT=1
    MC.2: GPORT=0x3007c002 MODE=WERR WT=1
L0.3: GPORT=0x3783001f MODE=WERR WT=1
    UC.3: GPORT=0x2407c003 MODE=WERR WT=1
    MC.3: GPORT=0x3007c003 MODE=WERR WT=1
L0.4: GPORT=0x3784001f MODE=WERR WT=1
    UC.4: GPORT=0x2407c004 MODE=WERR WT=1
    MC.4: GPORT=0x3007c004 MODE=WERR WT=1
L0.5: GPORT=0x3785001f MODE=WERR WT=1
    UC.5: GPORT=0x2407c005 MODE=WERR WT=1
    MC.5: GPORT=0x3007c005 MODE=WERR WT=1
L0.6: GPORT=0x3786001f MODE=WERR WT=1
    UC.6: GPORT=0x2407c006 MODE=WERR WT=1
    MC.6: GPORT=0x3007c006 MODE=WERR WT=1
L0.7: GPORT=0x3787001f MODE=WERR WT=1
    UC.7: GPORT=0x2407c007 MODE=WERR WT=1
    MC.7: GPORT=0x3007c007 MODE=WERR WT=1
L0.8: GPORT=0x3788001f MODE=WERR WT=1
    UC.8: GPORT=0x2407c008 MODE=WRR WT=1
    MC.8: GPORT=0x3007c008 MODE=WRR WT=1
L0.9: GPORT=0x3789001f MODE=WERR WT=1
    UC.9: GPORT=0x2407c009 MODE=WRR WT=1
    MC.9: GPORT=0x3007c009 MODE=WRR WT=1
=========== 
=== PORT 32
L0.0: GPORT=0x37800020 MODE=WERR WT=1
    UC.0: GPORT=0x24080000 MODE=WERR WT=1
    MC.0: GPORT=0x30080000 MODE=WERR WT=1
L0.1: GPORT=0x37810020 MODE=WERR WT=1
    UC.1: GPORT=0x24080001 MODE=WERR WT=1
    MC.1: GPORT=0x30080001 MODE=WERR WT=1
L0.2: GPORT=0x37820020 MODE=WERR WT=1
    UC.2: GPORT=0x24080002 MODE=WERR WT=1
    MC.2: GPORT=0x30080002 MODE=WERR WT=1
L0.3: GPORT=0x37830020 MODE=WERR WT=1
    UC.3: GPORT=0x24080003 MODE=WERR WT=1
    MC.3: GPORT=0x30080003 MODE=WERR WT=1
L0.4: GPORT=0x37840020 MODE=WERR WT=1
    UC.4: GPORT=0x24080004 MODE=WERR WT=1
    MC.4: GPORT=0x30080004 MODE=WERR WT=1
L0.5: GPORT=0x37850020 MODE=WERR WT=1
    UC.5: GPORT=0x24080005 MODE=WERR WT=1
    MC.5: GPORT=0x30080005 MODE=WERR WT=1
L0.6: GPORT=0x37860020 MODE=WERR WT=1
    UC.6: GPORT=0x24080006 MODE=WERR WT=1
    MC.6: GPORT=0x30080006 MODE=WERR WT=1
L0.7: GPORT=0x37870020 MODE=WERR WT=1
    UC.7: GPORT=0x24080007 MODE=WERR WT=1
    MC.7: GPORT=0x30080007 MODE=WERR WT=1
L0.8: GPORT=0x37880020 MODE=WERR WT=1
    UC.8: GPORT=0x24080008 MODE=WRR WT=1
    MC.8: GPORT=0x30080008 MODE=WRR WT=1
L0.9: GPORT=0x37890020 MODE=WERR WT=1
    UC.9: GPORT=0x24080009 MODE=WRR WT=1
    MC.9: GPORT=0x30080009 MODE=WRR WT=1
=========== 
=== PORT 33
L0.0: GPORT=0x37800021 MODE=WERR WT=1
    UC.0: GPORT=0x24084000 MODE=WERR WT=1
    MC.0: GPORT=0x30084000 MODE=WERR WT=1
L0.1: GPORT=0x37810021 MODE=WERR WT=1
    UC.1: GPORT=0x24084001 MODE=WERR WT=1
    MC.1: GPORT=0x30084001 MODE=WERR WT=1
L0.2: GPORT=0x37820021 MODE=WERR WT=1
    UC.2: GPORT=0x24084002 MODE=WERR WT=1
    MC.2: GPORT=0x30084002 MODE=WERR WT=1
L0.3: GPORT=0x37830021 MODE=WERR WT=1
    UC.3: GPORT=0x24084003 MODE=WERR WT=1
    MC.3: GPORT=0x30084003 MODE=WERR WT=1
L0.4: GPORT=0x37840021 MODE=WERR WT=1
    UC.4: GPORT=0x24084004 MODE=WERR WT=1
    MC.4: GPORT=0x30084004 MODE=WERR WT=1
L0.5: GPORT=0x37850021 MODE=WERR WT=1
    UC.5: GPORT=0x24084005 MODE=WERR WT=1
    MC.5: GPORT=0x30084005 MODE=WERR WT=1
L0.6: GPORT=0x37860021 MODE=WERR WT=1
    UC.6: GPORT=0x24084006 MODE=WERR WT=1
    MC.6: GPORT=0x30084006 MODE=WERR WT=1
L0.7: GPORT=0x37870021 MODE=WERR WT=1
    UC.7: GPORT=0x24084007 MODE=WERR WT=1
    MC.7: GPORT=0x30084007 MODE=WERR WT=1
L0.8: GPORT=0x37880021 MODE=WERR WT=1
    UC.8: GPORT=0x24084008 MODE=WRR WT=1
    MC.8: GPORT=0x30084008 MODE=WRR WT=1
L0.9: GPORT=0x37890021 MODE=WERR WT=1
    UC.9: GPORT=0x24084009 MODE=WRR WT=1
    MC.9: GPORT=0x30084009 MODE=WRR WT=1
=========== 
=== PORT 41
L0.0: GPORT=0x37800029 MODE=WERR WT=1
    UC.0: GPORT=0x240a4000 MODE=WERR WT=1
    MC.0: GPORT=0x300a4000 MODE=WERR WT=1
L0.1: GPORT=0x37810029 MODE=WERR WT=1
    UC.1: GPORT=0x240a4001 MODE=WERR WT=1
    MC.1: GPORT=0x300a4001 MODE=WERR WT=1
L0.2: GPORT=0x37820029 MODE=WERR WT=1
    UC.2: GPORT=0x240a4002 MODE=WERR WT=1
    MC.2: GPORT=0x300a4002 MODE=WERR WT=1
L0.3: GPORT=0x37830029 MODE=WERR WT=1
    UC.3: GPORT=0x240a4003 MODE=WERR WT=1
    MC.3: GPORT=0x300a4003 MODE=WERR WT=1
L0.4: GPORT=0x37840029 MODE=WERR WT=1
    UC.4: GPORT=0x240a4004 MODE=WERR WT=1
    MC.4: GPORT=0x300a4004 MODE=WERR WT=1
L0.5: GPORT=0x37850029 MODE=WERR WT=1
    UC.5: GPORT=0x240a4005 MODE=WERR WT=1
    MC.5: GPORT=0x300a4005 MODE=WERR WT=1
L0.6: GPORT=0x37860029 MODE=WERR WT=1
    UC.6: GPORT=0x240a4006 MODE=WERR WT=1
    MC.6: GPORT=0x300a4006 MODE=WERR WT=1
L0.7: GPORT=0x37870029 MODE=WERR WT=1
    UC.7: GPORT=0x240a4007 MODE=WERR WT=1
    MC.7: GPORT=0x300a4007 MODE=WERR WT=1
L0.8: GPORT=0x37880029 MODE=WERR WT=1
    UC.8: GPORT=0x240a4008 MODE=WRR WT=1
    MC.8: GPORT=0x300a4008 MODE=WRR WT=1
L0.9: GPORT=0x37890029 MODE=WERR WT=1
    UC.9: GPORT=0x240a4009 MODE=WRR WT=1
    MC.9: GPORT=0x300a4009 MODE=WRR WT=1
=========== 
=== PORT 49
L0.0: GPORT=0x37800031 MODE=WERR WT=1
    UC.0: GPORT=0x240c4000 MODE=WERR WT=1
    MC.0: GPORT=0x300c4000 MODE=WERR WT=1
L0.1: GPORT=0x37810031 MODE=WERR WT=1
    UC.1: GPORT=0x240c4001 MODE=WERR WT=1
    MC.1: GPORT=0x300c4001 MODE=WERR WT=1
L0.2: GPORT=0x37820031 MODE=WERR WT=1
    UC.2: GPORT=0x240c4002 MODE=WERR WT=1
    MC.2: GPORT=0x300c4002 MODE=WERR WT=1
L0.3: GPORT=0x37830031 MODE=WERR WT=1
    UC.3: GPORT=0x240c4003 MODE=WERR WT=1
    MC.3: GPORT=0x300c4003 MODE=WERR WT=1
L0.4: GPORT=0x37840031 MODE=WERR WT=1
    UC.4: GPORT=0x240c4004 MODE=WERR WT=1
    MC.4: GPORT=0x300c4004 MODE=WERR WT=1
L0.5: GPORT=0x37850031 MODE=WERR WT=1
    UC.5: GPORT=0x240c4005 MODE=WERR WT=1
    MC.5: GPORT=0x300c4005 MODE=WERR WT=1
L0.6: GPORT=0x37860031 MODE=WERR WT=1
    UC.6: GPORT=0x240c4006 MODE=WERR WT=1
    MC.6: GPORT=0x300c4006 MODE=WERR WT=1
L0.7: GPORT=0x37870031 MODE=WERR WT=1
    UC.7: GPORT=0x240c4007 MODE=WERR WT=1
    MC.7: GPORT=0x300c4007 MODE=WERR WT=1
L0.8: GPORT=0x37880031 MODE=WERR WT=1
    UC.8: GPORT=0x240c4008 MODE=WRR WT=1
    MC.8: GPORT=0x300c4008 MODE=WRR WT=1
L0.9: GPORT=0x37890031 MODE=WERR WT=1
    UC.9: GPORT=0x240c4009 MODE=WRR WT=1
    MC.9: GPORT=0x300c4009 MODE=WRR WT=1
=========== 
=== PORT 50
L0.0: GPORT=0x37800032 MODE=WERR WT=1
    UC.0: GPORT=0x240c8000 MODE=WERR WT=1
    MC.0: GPORT=0x300c8000 MODE=WERR WT=1
L0.1: GPORT=0x37810032 MODE=WERR WT=1
    UC.1: GPORT=0x240c8001 MODE=WERR WT=1
    MC.1: GPORT=0x300c8001 MODE=WERR WT=1
L0.2: GPORT=0x37820032 MODE=WERR WT=1
    UC.2: GPORT=0x240c8002 MODE=WERR WT=1
    MC.2: GPORT=0x300c8002 MODE=WERR WT=1
L0.3: GPORT=0x37830032 MODE=WERR WT=1
    UC.3: GPORT=0x240c8003 MODE=WERR WT=1
    MC.3: GPORT=0x300c8003 MODE=WERR WT=1
L0.4: GPORT=0x37840032 MODE=WERR WT=1
    UC.4: GPORT=0x240c8004 MODE=WERR WT=1
    MC.4: GPORT=0x300c8004 MODE=WERR WT=1
L0.5: GPORT=0x37850032 MODE=WERR WT=1
    UC.5: GPORT=0x240c8005 MODE=WERR WT=1
    MC.5: GPORT=0x300c8005 MODE=WERR WT=1
L0.6: GPORT=0x37860032 MODE=WERR WT=1
    UC.6: GPORT=0x240c8006 MODE=WERR WT=1
    MC.6: GPORT=0x300c8006 MODE=WERR WT=1
L0.7: GPORT=0x37870032 MODE=WERR WT=1
    UC.7: GPORT=0x240c8007 MODE=WERR WT=1
    MC.7: GPORT=0x300c8007 MODE=WERR WT=1
L0.8: GPORT=0x37880032 MODE=WERR WT=1
    UC.8: GPORT=0x240c8008 MODE=WRR WT=1
    MC.8: GPORT=0x300c8008 MODE=WRR WT=1
L0.9: GPORT=0x37890032 MODE=WERR WT=1
    UC.9: GPORT=0x240c8009 MODE=WRR WT=1
    MC.9: GPORT=0x300c8009 MODE=WRR WT=1
=========== 
=== PORT 51
L0.0: GPORT=0x37800033 MODE=WERR WT=1
    UC.0: GPORT=0x240cc000 MODE=WERR WT=1
    MC.0: GPORT=0x300cc000 MODE=WERR WT=1
L0.1: GPORT=0x37810033 MODE=WERR WT=1
    UC.1: GPORT=0x240cc001 MODE=WERR WT=1
    MC.1: GPORT=0x300cc001 MODE=WERR WT=1
L0.2: GPORT=0x37820033 MODE=WERR WT=1
    UC.2: GPORT=0x240cc002 MODE=WERR WT=1
    MC.2: GPORT=0x300cc002 MODE=WERR WT=1
L0.3: GPORT=0x37830033 MODE=WERR WT=1
    UC.3: GPORT=0x240cc003 MODE=WERR WT=1
    MC.3: GPORT=0x300cc003 MODE=WERR WT=1
L0.4: GPORT=0x37840033 MODE=WERR WT=1
    UC.4: GPORT=0x240cc004 MODE=WERR WT=1
    MC.4: GPORT=0x300cc004 MODE=WERR WT=1
L0.5: GPORT=0x37850033 MODE=WERR WT=1
    UC.5: GPORT=0x240cc005 MODE=WERR WT=1
    MC.5: GPORT=0x300cc005 MODE=WERR WT=1
L0.6: GPORT=0x37860033 MODE=WERR WT=1
    UC.6: GPORT=0x240cc006 MODE=WERR WT=1
    MC.6: GPORT=0x300cc006 MODE=WERR WT=1
L0.7: GPORT=0x37870033 MODE=WERR WT=1
    UC.7: GPORT=0x240cc007 MODE=WERR WT=1
    MC.7: GPORT=0x300cc007 MODE=WERR WT=1
L0.8: GPORT=0x37880033 MODE=WERR WT=1
    UC.8: GPORT=0x240cc008 MODE=WRR WT=1
    MC.8: GPORT=0x300cc008 MODE=WRR WT=1
L0.9: GPORT=0x37890033 MODE=WERR WT=1
    UC.9: GPORT=0x240cc009 MODE=WRR WT=1
    MC.9: GPORT=0x300cc009 MODE=WRR WT=1
=========== 
=== PORT 52
L0.0: GPORT=0x37800034 MODE=WERR WT=1
    UC.0: GPORT=0x240d0000 MODE=WERR WT=1
    MC.0: GPORT=0x300d0000 MODE=WERR WT=1
L0.1: GPORT=0x37810034 MODE=WERR WT=1
    UC.1: GPORT=0x240d0001 MODE=WERR WT=1
    MC.1: GPORT=0x300d0001 MODE=WERR WT=1
L0.2: GPORT=0x37820034 MODE=WERR WT=1
    UC.2: GPORT=0x240d0002 MODE=WERR WT=1
    MC.2: GPORT=0x300d0002 MODE=WERR WT=1
L0.3: GPORT=0x37830034 MODE=WERR WT=1
    UC.3: GPORT=0x240d0003 MODE=WERR WT=1
    MC.3: GPORT=0x300d0003 MODE=WERR WT=1
L0.4: GPORT=0x37840034 MODE=WERR WT=1
    UC.4: GPORT=0x240d0004 MODE=WERR WT=1
    MC.4: GPORT=0x300d0004 MODE=WERR WT=1
L0.5: GPORT=0x37850034 MODE=WERR WT=1
    UC.5: GPORT=0x240d0005 MODE=WERR WT=1
    MC.5: GPORT=0x300d0005 MODE=WERR WT=1
L0.6: GPORT=0x37860034 MODE=WERR WT=1
    UC.6: GPORT=0x240d0006 MODE=WERR WT=1
    MC.6: GPORT=0x300d0006 MODE=WERR WT=1
L0.7: GPORT=0x37870034 MODE=WERR WT=1
    UC.7: GPORT=0x240d0007 MODE=WERR WT=1
    MC.7: GPORT=0x300d0007 MODE=WERR WT=1
L0.8: GPORT=0x37880034 MODE=WERR WT=1
    UC.8: GPORT=0x240d0008 MODE=WRR WT=1
    MC.8: GPORT=0x300d0008 MODE=WRR WT=1
L0.9: GPORT=0x37890034 MODE=WERR WT=1
    UC.9: GPORT=0x240d0009 MODE=WRR WT=1
    MC.9: GPORT=0x300d0009 MODE=WRR WT=1
=========== 
=== PORT 57
L0.0: GPORT=0x37800039 MODE=WERR WT=1
    UC.0: GPORT=0x240e4000 MODE=WERR WT=1
    MC.0: GPORT=0x300e4000 MODE=WERR WT=1
L0.1: GPORT=0x37810039 MODE=WERR WT=1
    UC.1: GPORT=0x240e4001 MODE=WERR WT=1
    MC.1: GPORT=0x300e4001 MODE=WERR WT=1
L0.2: GPORT=0x37820039 MODE=WERR WT=1
    UC.2: GPORT=0x240e4002 MODE=WERR WT=1
    MC.2: GPORT=0x300e4002 MODE=WERR WT=1
L0.3: GPORT=0x37830039 MODE=WERR WT=1
    UC.3: GPORT=0x240e4003 MODE=WERR WT=1
    MC.3: GPORT=0x300e4003 MODE=WERR WT=1
L0.4: GPORT=0x37840039 MODE=WERR WT=1
    UC.4: GPORT=0x240e4004 MODE=WERR WT=1
    MC.4: GPORT=0x300e4004 MODE=WERR WT=1
L0.5: GPORT=0x37850039 MODE=WERR WT=1
    UC.5: GPORT=0x240e4005 MODE=WERR WT=1
    MC.5: GPORT=0x300e4005 MODE=WERR WT=1
L0.6: GPORT=0x37860039 MODE=WERR WT=1
    UC.6: GPORT=0x240e4006 MODE=WERR WT=1
    MC.6: GPORT=0x300e4006 MODE=WERR WT=1
L0.7: GPORT=0x37870039 MODE=WERR WT=1
    UC.7: GPORT=0x240e4007 MODE=WERR WT=1
    MC.7: GPORT=0x300e4007 MODE=WERR WT=1
L0.8: GPORT=0x37880039 MODE=WERR WT=1
    UC.8: GPORT=0x240e4008 MODE=WRR WT=1
    MC.8: GPORT=0x300e4008 MODE=WRR WT=1
L0.9: GPORT=0x37890039 MODE=WERR WT=1
    UC.9: GPORT=0x240e4009 MODE=WRR WT=1
    MC.9: GPORT=0x300e4009 MODE=WRR WT=1
=========== 
=== PORT 58
L0.0: GPORT=0x3780003a MODE=WERR WT=1
    UC.0: GPORT=0x240e8000 MODE=WERR WT=1
    MC.0: GPORT=0x300e8000 MODE=WERR WT=1
L0.1: GPORT=0x3781003a MODE=WERR WT=1
    UC.1: GPORT=0x240e8001 MODE=WERR WT=1
    MC.1: GPORT=0x300e8001 MODE=WERR WT=1
L0.2: GPORT=0x3782003a MODE=WERR WT=1
    UC.2: GPORT=0x240e8002 MODE=WERR WT=1
    MC.2: GPORT=0x300e8002 MODE=WERR WT=1
L0.3: GPORT=0x3783003a MODE=WERR WT=1
    UC.3: GPORT=0x240e8003 MODE=WERR WT=1
    MC.3: GPORT=0x300e8003 MODE=WERR WT=1
L0.4: GPORT=0x3784003a MODE=WERR WT=1
    UC.4: GPORT=0x240e8004 MODE=WERR WT=1
    MC.4: GPORT=0x300e8004 MODE=WERR WT=1
L0.5: GPORT=0x3785003a MODE=WERR WT=1
    UC.5: GPORT=0x240e8005 MODE=WERR WT=1
    MC.5: GPORT=0x300e8005 MODE=WERR WT=1
L0.6: GPORT=0x3786003a MODE=WERR WT=1
    UC.6: GPORT=0x240e8006 MODE=WERR WT=1
    MC.6: GPORT=0x300e8006 MODE=WERR WT=1
L0.7: GPORT=0x3787003a MODE=WERR WT=1
    UC.7: GPORT=0x240e8007 MODE=WERR WT=1
    MC.7: GPORT=0x300e8007 MODE=WERR WT=1
L0.8: GPORT=0x3788003a MODE=WERR WT=1
    UC.8: GPORT=0x240e8008 MODE=WRR WT=1
    MC.8: GPORT=0x300e8008 MODE=WRR WT=1
L0.9: GPORT=0x3789003a MODE=WERR WT=1
    UC.9: GPORT=0x240e8009 MODE=WRR WT=1
    MC.9: GPORT=0x300e8009 MODE=WRR WT=1
=========== 
=== PORT 59
L0.0: GPORT=0x3780003b MODE=WERR WT=1
    UC.0: GPORT=0x240ec000 MODE=WERR WT=1
    MC.0: GPORT=0x300ec000 MODE=WERR WT=1
L0.1: GPORT=0x3781003b MODE=WERR WT=1
    UC.1: GPORT=0x240ec001 MODE=WERR WT=1
    MC.1: GPORT=0x300ec001 MODE=WERR WT=1
L0.2: GPORT=0x3782003b MODE=WERR WT=1
    UC.2: GPORT=0x240ec002 MODE=WERR WT=1
    MC.2: GPORT=0x300ec002 MODE=WERR WT=1
L0.3: GPORT=0x3783003b MODE=WERR WT=1
    UC.3: GPORT=0x240ec003 MODE=WERR WT=1
    MC.3: GPORT=0x300ec003 MODE=WERR WT=1
L0.4: GPORT=0x3784003b MODE=WERR WT=1
    UC.4: GPORT=0x240ec004 MODE=WERR WT=1
    MC.4: GPORT=0x300ec004 MODE=WERR WT=1
L0.5: GPORT=0x3785003b MODE=WERR WT=1
    UC.5: GPORT=0x240ec005 MODE=WERR WT=1
    MC.5: GPORT=0x300ec005 MODE=WERR WT=1
L0.6: GPORT=0x3786003b MODE=WERR WT=1
    UC.6: GPORT=0x240ec006 MODE=WERR WT=1
    MC.6: GPORT=0x300ec006 MODE=WERR WT=1
L0.7: GPORT=0x3787003b MODE=WERR WT=1
    UC.7: GPORT=0x240ec007 MODE=WERR WT=1
    MC.7: GPORT=0x300ec007 MODE=WERR WT=1
L0.8: GPORT=0x3788003b MODE=WERR WT=1
    UC.8: GPORT=0x240ec008 MODE=WRR WT=1
    MC.8: GPORT=0x300ec008 MODE=WRR WT=1
L0.9: GPORT=0x3789003b MODE=WERR WT=1
    UC.9: GPORT=0x240ec009 MODE=WRR WT=1
    MC.9: GPORT=0x300ec009 MODE=WRR WT=1
=========== 
=== PORT 60
L0.0: GPORT=0x3780003c MODE=WERR WT=1
    UC.0: GPORT=0x240f0000 MODE=WERR WT=1
    MC.0: GPORT=0x300f0000 MODE=WERR WT=1
L0.1: GPORT=0x3781003c MODE=WERR WT=1
    UC.1: GPORT=0x240f0001 MODE=WERR WT=1
    MC.1: GPORT=0x300f0001 MODE=WERR WT=1
L0.2: GPORT=0x3782003c MODE=WERR WT=1
    UC.2: GPORT=0x240f0002 MODE=WERR WT=1
    MC.2: GPORT=0x300f0002 MODE=WERR WT=1
L0.3: GPORT=0x3783003c MODE=WERR WT=1
    UC.3: GPORT=0x240f0003 MODE=WERR WT=1
    MC.3: GPORT=0x300f0003 MODE=WERR WT=1
L0.4: GPORT=0x3784003c MODE=WERR WT=1
    UC.4: GPORT=0x240f0004 MODE=WERR WT=1
    MC.4: GPORT=0x300f0004 MODE=WERR WT=1
L0.5: GPORT=0x3785003c MODE=WERR WT=1
    UC.5: GPORT=0x240f0005 MODE=WERR WT=1
    MC.5: GPORT=0x300f0005 MODE=WERR WT=1
L0.6: GPORT=0x3786003c MODE=WERR WT=1
    UC.6: GPORT=0x240f0006 MODE=WERR WT=1
    MC.6: GPORT=0x300f0006 MODE=WERR WT=1
L0.7: GPORT=0x3787003c MODE=WERR WT=1
    UC.7: GPORT=0x240f0007 MODE=WERR WT=1
    MC.7: GPORT=0x300f0007 MODE=WERR WT=1
L0.8: GPORT=0x3788003c MODE=WERR WT=1
    UC.8: GPORT=0x240f0008 MODE=WRR WT=1
    MC.8: GPORT=0x300f0008 MODE=WRR WT=1
L0.9: GPORT=0x3789003c MODE=WERR WT=1
    UC.9: GPORT=0x240f0009 MODE=WRR WT=1
    MC.9: GPORT=0x300f0009 MODE=WRR WT=1
=========== 
=== PORT 61
L0.0: GPORT=0x3780003d MODE=WERR WT=1
    UC.0: GPORT=0x240f4000 MODE=WERR WT=1
    MC.0: GPORT=0x300f4000 MODE=WERR WT=1
L0.1: GPORT=0x3781003d MODE=WERR WT=1
    UC.1: GPORT=0x240f4001 MODE=WERR WT=1
    MC.1: GPORT=0x300f4001 MODE=WERR WT=1
L0.2: GPORT=0x3782003d MODE=WERR WT=1
    UC.2: GPORT=0x240f4002 MODE=WERR WT=1
    MC.2: GPORT=0x300f4002 MODE=WERR WT=1
L0.3: GPORT=0x3783003d MODE=WERR WT=1
    UC.3: GPORT=0x240f4003 MODE=WERR WT=1
    MC.3: GPORT=0x300f4003 MODE=WERR WT=1
L0.4: GPORT=0x3784003d MODE=WERR WT=1
    UC.4: GPORT=0x240f4004 MODE=WERR WT=1
    MC.4: GPORT=0x300f4004 MODE=WERR WT=1
L0.5: GPORT=0x3785003d MODE=WERR WT=1
    UC.5: GPORT=0x240f4005 MODE=WERR WT=1
    MC.5: GPORT=0x300f4005 MODE=WERR WT=1
L0.6: GPORT=0x3786003d MODE=WERR WT=1
    UC.6: GPORT=0x240f4006 MODE=WERR WT=1
    MC.6: GPORT=0x300f4006 MODE=WERR WT=1
L0.7: GPORT=0x3787003d MODE=WERR WT=1
    UC.7: GPORT=0x240f4007 MODE=WERR WT=1
    MC.7: GPORT=0x300f4007 MODE=WERR WT=1
L0.8: GPORT=0x3788003d MODE=WERR WT=1
    UC.8: GPORT=0x240f4008 MODE=WRR WT=1
    MC.8: GPORT=0x300f4008 MODE=WRR WT=1
L0.9: GPORT=0x3789003d MODE=WERR WT=1
    UC.9: GPORT=0x240f4009 MODE=WRR WT=1
    MC.9: GPORT=0x300f4009 MODE=WRR WT=1
=========== 
=== PORT 62
L0.0: GPORT=0x3780003e MODE=WERR WT=1
    UC.0: GPORT=0x240f8000 MODE=WERR WT=1
    MC.0: GPORT=0x300f8000 MODE=WERR WT=1
L0.1: GPORT=0x3781003e MODE=WERR WT=1
    UC.1: GPORT=0x240f8001 MODE=WERR WT=1
    MC.1: GPORT=0x300f8001 MODE=WERR WT=1
L0.2: GPORT=0x3782003e MODE=WERR WT=1
    UC.2: GPORT=0x240f8002 MODE=WERR WT=1
    MC.2: GPORT=0x300f8002 MODE=WERR WT=1
L0.3: GPORT=0x3783003e MODE=WERR WT=1
    UC.3: GPORT=0x240f8003 MODE=WERR WT=1
    MC.3: GPORT=0x300f8003 MODE=WERR WT=1
L0.4: GPORT=0x3784003e MODE=WERR WT=1
    UC.4: GPORT=0x240f8004 MODE=WERR WT=1
    MC.4: GPORT=0x300f8004 MODE=WERR WT=1
L0.5: GPORT=0x3785003e MODE=WERR WT=1
    UC.5: GPORT=0x240f8005 MODE=WERR WT=1
    MC.5: GPORT=0x300f8005 MODE=WERR WT=1
L0.6: GPORT=0x3786003e MODE=WERR WT=1
    UC.6: GPORT=0x240f8006 MODE=WERR WT=1
    MC.6: GPORT=0x300f8006 MODE=WERR WT=1
L0.7: GPORT=0x3787003e MODE=WERR WT=1
    UC.7: GPORT=0x240f8007 MODE=WERR WT=1
    MC.7: GPORT=0x300f8007 MODE=WERR WT=1
L0.8: GPORT=0x3788003e MODE=WERR WT=1
    UC.8: GPORT=0x240f8008 MODE=WRR WT=1
    MC.8: GPORT=0x300f8008 MODE=WRR WT=1
L0.9: GPORT=0x3789003e MODE=WERR WT=1
    UC.9: GPORT=0x240f8009 MODE=WRR WT=1
    MC.9: GPORT=0x300f8009 MODE=WRR WT=1
=========== 
=== PORT 63
L0.0: GPORT=0x3780003f MODE=WERR WT=1
    UC.0: GPORT=0x240fc000 MODE=WERR WT=1
    MC.0: GPORT=0x300fc000 MODE=WERR WT=1
L0.1: GPORT=0x3781003f MODE=WERR WT=1
    UC.1: GPORT=0x240fc001 MODE=WERR WT=1
    MC.1: GPORT=0x300fc001 MODE=WERR WT=1
L0.2: GPORT=0x3782003f MODE=WERR WT=1
    UC.2: GPORT=0x240fc002 MODE=WERR WT=1
    MC.2: GPORT=0x300fc002 MODE=WERR WT=1
L0.3: GPORT=0x3783003f MODE=WERR WT=1
    UC.3: GPORT=0x240fc003 MODE=WERR WT=1
    MC.3: GPORT=0x300fc003 MODE=WERR WT=1
L0.4: GPORT=0x3784003f MODE=WERR WT=1
    UC.4: GPORT=0x240fc004 MODE=WERR WT=1
    MC.4: GPORT=0x300fc004 MODE=WERR WT=1
L0.5: GPORT=0x3785003f MODE=WERR WT=1
    UC.5: GPORT=0x240fc005 MODE=WERR WT=1
    MC.5: GPORT=0x300fc005 MODE=WERR WT=1
L0.6: GPORT=0x3786003f MODE=WERR WT=1
    UC.6: GPORT=0x240fc006 MODE=WERR WT=1
    MC.6: GPORT=0x300fc006 MODE=WERR WT=1
L0.7: GPORT=0x3787003f MODE=WERR WT=1
    UC.7: GPORT=0x240fc007 MODE=WERR WT=1
    MC.7: GPORT=0x300fc007 MODE=WERR WT=1
L0.8: GPORT=0x3788003f MODE=WERR WT=1
    UC.8: GPORT=0x240fc008 MODE=WRR WT=1
    MC.8: GPORT=0x300fc008 MODE=WRR WT=1
L0.9: GPORT=0x3789003f MODE=WERR WT=1
    UC.9: GPORT=0x240fc009 MODE=WRR WT=1
    MC.9: GPORT=0x300fc009 MODE=WRR WT=1
=========== 
=== PORT 64
L0.0: GPORT=0x37800040 MODE=WERR WT=1
    UC.0: GPORT=0x24100000 MODE=WERR WT=1
    MC.0: GPORT=0x30100000 MODE=WERR WT=1
L0.1: GPORT=0x37810040 MODE=WERR WT=1
    UC.1: GPORT=0x24100001 MODE=WERR WT=1
    MC.1: GPORT=0x30100001 MODE=WERR WT=1
L0.2: GPORT=0x37820040 MODE=WERR WT=1
    UC.2: GPORT=0x24100002 MODE=WERR WT=1
    MC.2: GPORT=0x30100002 MODE=WERR WT=1
L0.3: GPORT=0x37830040 MODE=WERR WT=1
    UC.3: GPORT=0x24100003 MODE=WERR WT=1
    MC.3: GPORT=0x30100003 MODE=WERR WT=1
L0.4: GPORT=0x37840040 MODE=WERR WT=1
    UC.4: GPORT=0x24100004 MODE=WERR WT=1
    MC.4: GPORT=0x30100004 MODE=WERR WT=1
L0.5: GPORT=0x37850040 MODE=WERR WT=1
    UC.5: GPORT=0x24100005 MODE=WERR WT=1
    MC.5: GPORT=0x30100005 MODE=WERR WT=1
L0.6: GPORT=0x37860040 MODE=WERR WT=1
    UC.6: GPORT=0x24100006 MODE=WERR WT=1
    MC.6: GPORT=0x30100006 MODE=WERR WT=1
L0.7: GPORT=0x37870040 MODE=WERR WT=1
    UC.7: GPORT=0x24100007 MODE=WERR WT=1
    MC.7: GPORT=0x30100007 MODE=WERR WT=1
L0.8: GPORT=0x37880040 MODE=WERR WT=1
    UC.8: GPORT=0x24100008 MODE=WRR WT=1
    MC.8: GPORT=0x30100008 MODE=WRR WT=1
L0.9: GPORT=0x37890040 MODE=WERR WT=1
    UC.9: GPORT=0x24100009 MODE=WRR WT=1
    MC.9: GPORT=0x30100009 MODE=WRR WT=1
=========== 
=== PORT 67
L0.0: GPORT=0x37800043 MODE=WERR WT=1
    UC.0: GPORT=0x2410c000 MODE=WERR WT=1
    MC.0: GPORT=0x3010c000 MODE=WERR WT=1
L0.1: GPORT=0x37810043 MODE=WERR WT=1
    UC.1: GPORT=0x2410c001 MODE=WERR WT=1
    MC.1: GPORT=0x3010c001 MODE=WERR WT=1
L0.2: GPORT=0x37820043 MODE=WERR WT=1
    UC.2: GPORT=0x2410c002 MODE=WERR WT=1
    MC.2: GPORT=0x3010c002 MODE=WERR WT=1
L0.3: GPORT=0x37830043 MODE=WERR WT=1
    UC.3: GPORT=0x2410c003 MODE=WERR WT=1
    MC.3: GPORT=0x3010c003 MODE=WERR WT=1
L0.4: GPORT=0x37840043 MODE=WERR WT=1
    UC.4: GPORT=0x2410c004 MODE=WERR WT=1
    MC.4: GPORT=0x3010c004 MODE=WERR WT=1
L0.5: GPORT=0x37850043 MODE=WERR WT=1
    UC.5: GPORT=0x2410c005 MODE=WERR WT=1
    MC.5: GPORT=0x3010c005 MODE=WERR WT=1
L0.6: GPORT=0x37860043 MODE=WERR WT=1
    UC.6: GPORT=0x2410c006 MODE=WERR WT=1
    MC.6: GPORT=0x3010c006 MODE=WERR WT=1
L0.7: GPORT=0x37870043 MODE=WERR WT=1
    UC.7: GPORT=0x2410c007 MODE=WERR WT=1
    MC.7: GPORT=0x3010c007 MODE=WERR WT=1
L0.8: GPORT=0x37880043 MODE=WERR WT=1
    UC.8: GPORT=0x2410c008 MODE=WRR WT=1
    MC.8: GPORT=0x3010c008 MODE=WRR WT=1
L0.9: GPORT=0x37890043 MODE=WERR WT=1
    UC.9: GPORT=0x2410c009 MODE=WRR WT=1
    MC.9: GPORT=0x3010c009 MODE=WRR WT=1
=========== 
=== PORT 71
L0.0: GPORT=0x37800047 MODE=WERR WT=1
    UC.0: GPORT=0x2411c000 MODE=WERR WT=1
    MC.0: GPORT=0x3011c000 MODE=WERR WT=1
L0.1: GPORT=0x37810047 MODE=WERR WT=1
    UC.1: GPORT=0x2411c001 MODE=WERR WT=1
    MC.1: GPORT=0x3011c001 MODE=WERR WT=1
L0.2: GPORT=0x37820047 MODE=WERR WT=1
    UC.2: GPORT=0x2411c002 MODE=WERR WT=1
    MC.2: GPORT=0x3011c002 MODE=WERR WT=1
L0.3: GPORT=0x37830047 MODE=WERR WT=1
    UC.3: GPORT=0x2411c003 MODE=WERR WT=1
    MC.3: GPORT=0x3011c003 MODE=WERR WT=1
L0.4: GPORT=0x37840047 MODE=WERR WT=1
    UC.4: GPORT=0x2411c004 MODE=WERR WT=1
    MC.4: GPORT=0x3011c004 MODE=WERR WT=1
L0.5: GPORT=0x37850047 MODE=WERR WT=1
    UC.5: GPORT=0x2411c005 MODE=WERR WT=1
    MC.5: GPORT=0x3011c005 MODE=WERR WT=1
L0.6: GPORT=0x37860047 MODE=WERR WT=1
    UC.6: GPORT=0x2411c006 MODE=WERR WT=1
    MC.6: GPORT=0x3011c006 MODE=WERR WT=1
L0.7: GPORT=0x37870047 MODE=WERR WT=1
    UC.7: GPORT=0x2411c007 MODE=WERR WT=1
    MC.7: GPORT=0x3011c007 MODE=WERR WT=1
L0.8: GPORT=0x37880047 MODE=WERR WT=1
    UC.8: GPORT=0x2411c008 MODE=WRR WT=1
    MC.8: GPORT=0x3011c008 MODE=WRR WT=1
L0.9: GPORT=0x37890047 MODE=WERR WT=1
    UC.9: GPORT=0x2411c009 MODE=WRR WT=1
    MC.9: GPORT=0x3011c009 MODE=WRR WT=1
=========== 
=== PORT 79
L0.0: GPORT=0x3780004f MODE=WERR WT=1
    UC.0: GPORT=0x2413c000 MODE=WERR WT=1
    MC.0: GPORT=0x3013c000 MODE=WERR WT=1
L0.1: GPORT=0x3781004f MODE=WERR WT=1
    UC.1: GPORT=0x2413c001 MODE=WERR WT=1
    MC.1: GPORT=0x3013c001 MODE=WERR WT=1
L0.2: GPORT=0x3782004f MODE=WERR WT=1
    UC.2: GPORT=0x2413c002 MODE=WERR WT=1
    MC.2: GPORT=0x3013c002 MODE=WERR WT=1
L0.3: GPORT=0x3783004f MODE=WERR WT=1
    UC.3: GPORT=0x2413c003 MODE=WERR WT=1
    MC.3: GPORT=0x3013c003 MODE=WERR WT=1
L0.4: GPORT=0x3784004f MODE=WERR WT=1
    UC.4: GPORT=0x2413c004 MODE=WERR WT=1
    MC.4: GPORT=0x3013c004 MODE=WERR WT=1
L0.5: GPORT=0x3785004f MODE=WERR WT=1
    UC.5: GPORT=0x2413c005 MODE=WERR WT=1
    MC.5: GPORT=0x3013c005 MODE=WERR WT=1
L0.6: GPORT=0x3786004f MODE=WERR WT=1
    UC.6: GPORT=0x2413c006 MODE=WERR WT=1
    MC.6: GPORT=0x3013c006 MODE=WERR WT=1
L0.7: GPORT=0x3787004f MODE=WERR WT=1
    UC.7: GPORT=0x2413c007 MODE=WERR WT=1
    MC.7: GPORT=0x3013c007 MODE=WERR WT=1
L0.8: GPORT=0x3788004f MODE=WERR WT=1
    UC.8: GPORT=0x2413c008 MODE=WRR WT=1
    MC.8: GPORT=0x3013c008 MODE=WRR WT=1
L0.9: GPORT=0x3789004f MODE=WERR WT=1
    UC.9: GPORT=0x2413c009 MODE=WRR WT=1
    MC.9: GPORT=0x3013c009 MODE=WRR WT=1
=========== 
=== PORT 80
L0.0: GPORT=0x37800050 MODE=WERR WT=1
    UC.0: GPORT=0x24140000 MODE=WERR WT=1
    MC.0: GPORT=0x30140000 MODE=WERR WT=1
L0.1: GPORT=0x37810050 MODE=WERR WT=1
    UC.1: GPORT=0x24140001 MODE=WERR WT=1
    MC.1: GPORT=0x30140001 MODE=WERR WT=1
L0.2: GPORT=0x37820050 MODE=WERR WT=1
    UC.2: GPORT=0x24140002 MODE=WERR WT=1
    MC.2: GPORT=0x30140002 MODE=WERR WT=1
L0.3: GPORT=0x37830050 MODE=WERR WT=1
    UC.3: GPORT=0x24140003 MODE=WERR WT=1
    MC.3: GPORT=0x30140003 MODE=WERR WT=1
L0.4: GPORT=0x37840050 MODE=WERR WT=1
    UC.4: GPORT=0x24140004 MODE=WERR WT=1
    MC.4: GPORT=0x30140004 MODE=WERR WT=1
L0.5: GPORT=0x37850050 MODE=WERR WT=1
    UC.5: GPORT=0x24140005 MODE=WERR WT=1
    MC.5: GPORT=0x30140005 MODE=WERR WT=1
L0.6: GPORT=0x37860050 MODE=WERR WT=1
    UC.6: GPORT=0x24140006 MODE=WERR WT=1
    MC.6: GPORT=0x30140006 MODE=WERR WT=1
L0.7: GPORT=0x37870050 MODE=WERR WT=1
    UC.7: GPORT=0x24140007 MODE=WERR WT=1
    MC.7: GPORT=0x30140007 MODE=WERR WT=1
L0.8: GPORT=0x37880050 MODE=WERR WT=1
    UC.8: GPORT=0x24140008 MODE=WRR WT=1
    MC.8: GPORT=0x30140008 MODE=WRR WT=1
L0.9: GPORT=0x37890050 MODE=WERR WT=1
    UC.9: GPORT=0x24140009 MODE=WRR WT=1
    MC.9: GPORT=0x30140009 MODE=WRR WT=1
=========== 
=== PORT 81
L0.0: GPORT=0x37800051 MODE=WERR WT=1
    UC.0: GPORT=0x24144000 MODE=WERR WT=1
    MC.0: GPORT=0x30144000 MODE=WERR WT=1
L0.1: GPORT=0x37810051 MODE=WERR WT=1
    UC.1: GPORT=0x24144001 MODE=WERR WT=1
    MC.1: GPORT=0x30144001 MODE=WERR WT=1
L0.2: GPORT=0x37820051 MODE=WERR WT=1
    UC.2: GPORT=0x24144002 MODE=WERR WT=1
    MC.2: GPORT=0x30144002 MODE=WERR WT=1
L0.3: GPORT=0x37830051 MODE=WERR WT=1
    UC.3: GPORT=0x24144003 MODE=WERR WT=1
    MC.3: GPORT=0x30144003 MODE=WERR WT=1
L0.4: GPORT=0x37840051 MODE=WERR WT=1
    UC.4: GPORT=0x24144004 MODE=WERR WT=1
    MC.4: GPORT=0x30144004 MODE=WERR WT=1
L0.5: GPORT=0x37850051 MODE=WERR WT=1
    UC.5: GPORT=0x24144005 MODE=WERR WT=1
    MC.5: GPORT=0x30144005 MODE=WERR WT=1
L0.6: GPORT=0x37860051 MODE=WERR WT=1
    UC.6: GPORT=0x24144006 MODE=WERR WT=1
    MC.6: GPORT=0x30144006 MODE=WERR WT=1
L0.7: GPORT=0x37870051 MODE=WERR WT=1
    UC.7: GPORT=0x24144007 MODE=WERR WT=1
    MC.7: GPORT=0x30144007 MODE=WERR WT=1
L0.8: GPORT=0x37880051 MODE=WERR WT=1
    UC.8: GPORT=0x24144008 MODE=WRR WT=1
    MC.8: GPORT=0x30144008 MODE=WRR WT=1
L0.9: GPORT=0x37890051 MODE=WERR WT=1
    UC.9: GPORT=0x24144009 MODE=WRR WT=1
    MC.9: GPORT=0x30144009 MODE=WRR WT=1
=========== 
=== PORT 82
L0.0: GPORT=0x37800052 MODE=WERR WT=1
    UC.0: GPORT=0x24148000 MODE=WERR WT=1
    MC.0: GPORT=0x30148000 MODE=WERR WT=1
L0.1: GPORT=0x37810052 MODE=WERR WT=1
    UC.1: GPORT=0x24148001 MODE=WERR WT=1
    MC.1: GPORT=0x30148001 MODE=WERR WT=1
L0.2: GPORT=0x37820052 MODE=WERR WT=1
    UC.2: GPORT=0x24148002 MODE=WERR WT=1
    MC.2: GPORT=0x30148002 MODE=WERR WT=1
L0.3: GPORT=0x37830052 MODE=WERR WT=1
    UC.3: GPORT=0x24148003 MODE=WERR WT=1
    MC.3: GPORT=0x30148003 MODE=WERR WT=1
L0.4: GPORT=0x37840052 MODE=WERR WT=1
    UC.4: GPORT=0x24148004 MODE=WERR WT=1
    MC.4: GPORT=0x30148004 MODE=WERR WT=1
L0.5: GPORT=0x37850052 MODE=WERR WT=1
    UC.5: GPORT=0x24148005 MODE=WERR WT=1
    MC.5: GPORT=0x30148005 MODE=WERR WT=1
L0.6: GPORT=0x37860052 MODE=WERR WT=1
    UC.6: GPORT=0x24148006 MODE=WERR WT=1
    MC.6: GPORT=0x30148006 MODE=WERR WT=1
L0.7: GPORT=0x37870052 MODE=WERR WT=1
    UC.7: GPORT=0x24148007 MODE=WERR WT=1
    MC.7: GPORT=0x30148007 MODE=WERR WT=1
L0.8: GPORT=0x37880052 MODE=WERR WT=1
    UC.8: GPORT=0x24148008 MODE=WRR WT=1
    MC.8: GPORT=0x30148008 MODE=WRR WT=1
L0.9: GPORT=0x37890052 MODE=WERR WT=1
    UC.9: GPORT=0x24148009 MODE=WRR WT=1
    MC.9: GPORT=0x30148009 MODE=WRR WT=1
=========== 
=== PORT 87
L0.0: GPORT=0x37800057 MODE=WERR WT=1
    UC.0: GPORT=0x2415c000 MODE=WERR WT=1
    MC.0: GPORT=0x3015c000 MODE=WERR WT=1
L0.1: GPORT=0x37810057 MODE=WERR WT=1
    UC.1: GPORT=0x2415c001 MODE=WERR WT=1
    MC.1: GPORT=0x3015c001 MODE=WERR WT=1
L0.2: GPORT=0x37820057 MODE=WERR WT=1
    UC.2: GPORT=0x2415c002 MODE=WERR WT=1
    MC.2: GPORT=0x3015c002 MODE=WERR WT=1
L0.3: GPORT=0x37830057 MODE=WERR WT=1
    UC.3: GPORT=0x2415c003 MODE=WERR WT=1
    MC.3: GPORT=0x3015c003 MODE=WERR WT=1
L0.4: GPORT=0x37840057 MODE=WERR WT=1
    UC.4: GPORT=0x2415c004 MODE=WERR WT=1
    MC.4: GPORT=0x3015c004 MODE=WERR WT=1
L0.5: GPORT=0x37850057 MODE=WERR WT=1
    UC.5: GPORT=0x2415c005 MODE=WERR WT=1
    MC.5: GPORT=0x3015c005 MODE=WERR WT=1
L0.6: GPORT=0x37860057 MODE=WERR WT=1
    UC.6: GPORT=0x2415c006 MODE=WERR WT=1
    MC.6: GPORT=0x3015c006 MODE=WERR WT=1
L0.7: GPORT=0x37870057 MODE=WERR WT=1
    UC.7: GPORT=0x2415c007 MODE=WERR WT=1
    MC.7: GPORT=0x3015c007 MODE=WERR WT=1
L0.8: GPORT=0x37880057 MODE=WERR WT=1
    UC.8: GPORT=0x2415c008 MODE=WRR WT=1
    MC.8: GPORT=0x3015c008 MODE=WRR WT=1
L0.9: GPORT=0x37890057 MODE=WERR WT=1
    UC.9: GPORT=0x2415c009 MODE=WRR WT=1
    MC.9: GPORT=0x3015c009 MODE=WRR WT=1
=========== 
=== PORT 88
L0.0: GPORT=0x37800058 MODE=WERR WT=1
    UC.0: GPORT=0x24160000 MODE=WERR WT=1
    MC.0: GPORT=0x30160000 MODE=WERR WT=1
L0.1: GPORT=0x37810058 MODE=WERR WT=1
    UC.1: GPORT=0x24160001 MODE=WERR WT=1
    MC.1: GPORT=0x30160001 MODE=WERR WT=1
L0.2: GPORT=0x37820058 MODE=WERR WT=1
    UC.2: GPORT=0x24160002 MODE=WERR WT=1
    MC.2: GPORT=0x30160002 MODE=WERR WT=1
L0.3: GPORT=0x37830058 MODE=WERR WT=1
    UC.3: GPORT=0x24160003 MODE=WERR WT=1
    MC.3: GPORT=0x30160003 MODE=WERR WT=1
L0.4: GPORT=0x37840058 MODE=WERR WT=1
    UC.4: GPORT=0x24160004 MODE=WERR WT=1
    MC.4: GPORT=0x30160004 MODE=WERR WT=1
L0.5: GPORT=0x37850058 MODE=WERR WT=1
    UC.5: GPORT=0x24160005 MODE=WERR WT=1
    MC.5: GPORT=0x30160005 MODE=WERR WT=1
L0.6: GPORT=0x37860058 MODE=WERR WT=1
    UC.6: GPORT=0x24160006 MODE=WERR WT=1
    MC.6: GPORT=0x30160006 MODE=WERR WT=1
L0.7: GPORT=0x37870058 MODE=WERR WT=1
    UC.7: GPORT=0x24160007 MODE=WERR WT=1
    MC.7: GPORT=0x30160007 MODE=WERR WT=1
L0.8: GPORT=0x37880058 MODE=WERR WT=1
    UC.8: GPORT=0x24160008 MODE=WRR WT=1
    MC.8: GPORT=0x30160008 MODE=WRR WT=1
L0.9: GPORT=0x37890058 MODE=WERR WT=1
    UC.9: GPORT=0x24160009 MODE=WRR WT=1
    MC.9: GPORT=0x30160009 MODE=WRR WT=1
=========== 
=== PORT 89
L0.0: GPORT=0x37800059 MODE=WERR WT=1
    UC.0: GPORT=0x24164000 MODE=WERR WT=1
    MC.0: GPORT=0x30164000 MODE=WERR WT=1
L0.1: GPORT=0x37810059 MODE=WERR WT=1
    UC.1: GPORT=0x24164001 MODE=WERR WT=1
    MC.1: GPORT=0x30164001 MODE=WERR WT=1
L0.2: GPORT=0x37820059 MODE=WERR WT=1
    UC.2: GPORT=0x24164002 MODE=WERR WT=1
    MC.2: GPORT=0x30164002 MODE=WERR WT=1
L0.3: GPORT=0x37830059 MODE=WERR WT=1
    UC.3: GPORT=0x24164003 MODE=WERR WT=1
    MC.3: GPORT=0x30164003 MODE=WERR WT=1
L0.4: GPORT=0x37840059 MODE=WERR WT=1
    UC.4: GPORT=0x24164004 MODE=WERR WT=1
    MC.4: GPORT=0x30164004 MODE=WERR WT=1
L0.5: GPORT=0x37850059 MODE=WERR WT=1
    UC.5: GPORT=0x24164005 MODE=WERR WT=1
    MC.5: GPORT=0x30164005 MODE=WERR WT=1
L0.6: GPORT=0x37860059 MODE=WERR WT=1
    UC.6: GPORT=0x24164006 MODE=WERR WT=1
    MC.6: GPORT=0x30164006 MODE=WERR WT=1
L0.7: GPORT=0x37870059 MODE=WERR WT=1
    UC.7: GPORT=0x24164007 MODE=WERR WT=1
    MC.7: GPORT=0x30164007 MODE=WERR WT=1
L0.8: GPORT=0x37880059 MODE=WERR WT=1
    UC.8: GPORT=0x24164008 MODE=WRR WT=1
    MC.8: GPORT=0x30164008 MODE=WRR WT=1
L0.9: GPORT=0x37890059 MODE=WERR WT=1
    UC.9: GPORT=0x24164009 MODE=WRR WT=1
    MC.9: GPORT=0x30164009 MODE=WRR WT=1
=========== 
=== PORT 90
L0.0: GPORT=0x3780005a MODE=WERR WT=1
    UC.0: GPORT=0x24168000 MODE=WERR WT=1
    MC.0: GPORT=0x30168000 MODE=WERR WT=1
L0.1: GPORT=0x3781005a MODE=WERR WT=1
    UC.1: GPORT=0x24168001 MODE=WERR WT=1
    MC.1: GPORT=0x30168001 MODE=WERR WT=1
L0.2: GPORT=0x3782005a MODE=WERR WT=1
    UC.2: GPORT=0x24168002 MODE=WERR WT=1
    MC.2: GPORT=0x30168002 MODE=WERR WT=1
L0.3: GPORT=0x3783005a MODE=WERR WT=1
    UC.3: GPORT=0x24168003 MODE=WERR WT=1
    MC.3: GPORT=0x30168003 MODE=WERR WT=1
L0.4: GPORT=0x3784005a MODE=WERR WT=1
    UC.4: GPORT=0x24168004 MODE=WERR WT=1
    MC.4: GPORT=0x30168004 MODE=WERR WT=1
L0.5: GPORT=0x3785005a MODE=WERR WT=1
    UC.5: GPORT=0x24168005 MODE=WERR WT=1
    MC.5: GPORT=0x30168005 MODE=WERR WT=1
L0.6: GPORT=0x3786005a MODE=WERR WT=1
    UC.6: GPORT=0x24168006 MODE=WERR WT=1
    MC.6: GPORT=0x30168006 MODE=WERR WT=1
L0.7: GPORT=0x3787005a MODE=WERR WT=1
    UC.7: GPORT=0x24168007 MODE=WERR WT=1
    MC.7: GPORT=0x30168007 MODE=WERR WT=1
L0.8: GPORT=0x3788005a MODE=WERR WT=1
    UC.8: GPORT=0x24168008 MODE=WRR WT=1
    MC.8: GPORT=0x30168008 MODE=WRR WT=1
L0.9: GPORT=0x3789005a MODE=WERR WT=1
    UC.9: GPORT=0x24168009 MODE=WRR WT=1
    MC.9: GPORT=0x30168009 MODE=WRR WT=1
=========== 
=== PORT 95
L0.0: GPORT=0x3780005f MODE=WERR WT=1
    UC.0: GPORT=0x2417c000 MODE=WERR WT=1
    MC.0: GPORT=0x3017c000 MODE=WERR WT=1
L0.1: GPORT=0x3781005f MODE=WERR WT=1
    UC.1: GPORT=0x2417c001 MODE=WERR WT=1
    MC.1: GPORT=0x3017c001 MODE=WERR WT=1
L0.2: GPORT=0x3782005f MODE=WERR WT=1
    UC.2: GPORT=0x2417c002 MODE=WERR WT=1
    MC.2: GPORT=0x3017c002 MODE=WERR WT=1
L0.3: GPORT=0x3783005f MODE=WERR WT=1
    UC.3: GPORT=0x2417c003 MODE=WERR WT=1
    MC.3: GPORT=0x3017c003 MODE=WERR WT=1
L0.4: GPORT=0x3784005f MODE=WERR WT=1
    UC.4: GPORT=0x2417c004 MODE=WERR WT=1
    MC.4: GPORT=0x3017c004 MODE=WERR WT=1
L0.5: GPORT=0x3785005f MODE=WERR WT=1
    UC.5: GPORT=0x2417c005 MODE=WERR WT=1
    MC.5: GPORT=0x3017c005 MODE=WERR WT=1
L0.6: GPORT=0x3786005f MODE=WERR WT=1
    UC.6: GPORT=0x2417c006 MODE=WERR WT=1
    MC.6: GPORT=0x3017c006 MODE=WERR WT=1
L0.7: GPORT=0x3787005f MODE=WERR WT=1
    UC.7: GPORT=0x2417c007 MODE=WERR WT=1
    MC.7: GPORT=0x3017c007 MODE=WERR WT=1
L0.8: GPORT=0x3788005f MODE=WERR WT=1
    UC.8: GPORT=0x2417c008 MODE=WRR WT=1
    MC.8: GPORT=0x3017c008 MODE=WRR WT=1
L0.9: GPORT=0x3789005f MODE=WERR WT=1
    UC.9: GPORT=0x2417c009 MODE=WRR WT=1
    MC.9: GPORT=0x3017c009 MODE=WRR WT=1
=========== 
=== PORT 96
L0.0: GPORT=0x37800060 MODE=WERR WT=1
    UC.0: GPORT=0x24180000 MODE=WERR WT=1
    MC.0: GPORT=0x30180000 MODE=WERR WT=1
L0.1: GPORT=0x37810060 MODE=WERR WT=1
    UC.1: GPORT=0x24180001 MODE=WERR WT=1
    MC.1: GPORT=0x30180001 MODE=WERR WT=1
L0.2: GPORT=0x37820060 MODE=WERR WT=1
    UC.2: GPORT=0x24180002 MODE=WERR WT=1
    MC.2: GPORT=0x30180002 MODE=WERR WT=1
L0.3: GPORT=0x37830060 MODE=WERR WT=1
    UC.3: GPORT=0x24180003 MODE=WERR WT=1
    MC.3: GPORT=0x30180003 MODE=WERR WT=1
L0.4: GPORT=0x37840060 MODE=WERR WT=1
    UC.4: GPORT=0x24180004 MODE=WERR WT=1
    MC.4: GPORT=0x30180004 MODE=WERR WT=1
L0.5: GPORT=0x37850060 MODE=WERR WT=1
    UC.5: GPORT=0x24180005 MODE=WERR WT=1
    MC.5: GPORT=0x30180005 MODE=WERR WT=1
L0.6: GPORT=0x37860060 MODE=WERR WT=1
    UC.6: GPORT=0x24180006 MODE=WERR WT=1
    MC.6: GPORT=0x30180006 MODE=WERR WT=1
L0.7: GPORT=0x37870060 MODE=WERR WT=1
    UC.7: GPORT=0x24180007 MODE=WERR WT=1
    MC.7: GPORT=0x30180007 MODE=WERR WT=1
L0.8: GPORT=0x37880060 MODE=WERR WT=1
    UC.8: GPORT=0x24180008 MODE=WRR WT=1
    MC.8: GPORT=0x30180008 MODE=WRR WT=1
L0.9: GPORT=0x37890060 MODE=WERR WT=1
    UC.9: GPORT=0x24180009 MODE=WRR WT=1
    MC.9: GPORT=0x30180009 MODE=WRR WT=1
=========== 
=== PORT 97
L0.0: GPORT=0x37800061 MODE=WERR WT=1
    UC.0: GPORT=0x24184000 MODE=WERR WT=1
    MC.0: GPORT=0x30184000 MODE=WERR WT=1
L0.1: GPORT=0x37810061 MODE=WERR WT=1
    UC.1: GPORT=0x24184001 MODE=WERR WT=1
    MC.1: GPORT=0x30184001 MODE=WERR WT=1
L0.2: GPORT=0x37820061 MODE=WERR WT=1
    UC.2: GPORT=0x24184002 MODE=WERR WT=1
    MC.2: GPORT=0x30184002 MODE=WERR WT=1
L0.3: GPORT=0x37830061 MODE=WERR WT=1
    UC.3: GPORT=0x24184003 MODE=WERR WT=1
    MC.3: GPORT=0x30184003 MODE=WERR WT=1
L0.4: GPORT=0x37840061 MODE=WERR WT=1
    UC.4: GPORT=0x24184004 MODE=WERR WT=1
    MC.4: GPORT=0x30184004 MODE=WERR WT=1
L0.5: GPORT=0x37850061 MODE=WERR WT=1
    UC.5: GPORT=0x24184005 MODE=WERR WT=1
    MC.5: GPORT=0x30184005 MODE=WERR WT=1
L0.6: GPORT=0x37860061 MODE=WERR WT=1
    UC.6: GPORT=0x24184006 MODE=WERR WT=1
    MC.6: GPORT=0x30184006 MODE=WERR WT=1
L0.7: GPORT=0x37870061 MODE=WERR WT=1
    UC.7: GPORT=0x24184007 MODE=WERR WT=1
    MC.7: GPORT=0x30184007 MODE=WERR WT=1
L0.8: GPORT=0x37880061 MODE=WERR WT=1
    UC.8: GPORT=0x24184008 MODE=WRR WT=1
    MC.8: GPORT=0x30184008 MODE=WRR WT=1
L0.9: GPORT=0x37890061 MODE=WERR WT=1
    UC.9: GPORT=0x24184009 MODE=WRR WT=1
    MC.9: GPORT=0x30184009 MODE=WRR WT=1
=========== 
=== PORT 98
L0.0: GPORT=0x37800062 MODE=WERR WT=1
    UC.0: GPORT=0x24188000 MODE=WERR WT=1
    MC.0: GPORT=0x30188000 MODE=WERR WT=1
L0.1: GPORT=0x37810062 MODE=WERR WT=1
    UC.1: GPORT=0x24188001 MODE=WERR WT=1
    MC.1: GPORT=0x30188001 MODE=WERR WT=1
L0.2: GPORT=0x37820062 MODE=WERR WT=1
    UC.2: GPORT=0x24188002 MODE=WERR WT=1
    MC.2: GPORT=0x30188002 MODE=WERR WT=1
L0.3: GPORT=0x37830062 MODE=WERR WT=1
    UC.3: GPORT=0x24188003 MODE=WERR WT=1
    MC.3: GPORT=0x30188003 MODE=WERR WT=1
L0.4: GPORT=0x37840062 MODE=WERR WT=1
    UC.4: GPORT=0x24188004 MODE=WERR WT=1
    MC.4: GPORT=0x30188004 MODE=WERR WT=1
L0.5: GPORT=0x37850062 MODE=WERR WT=1
    UC.5: GPORT=0x24188005 MODE=WERR WT=1
    MC.5: GPORT=0x30188005 MODE=WERR WT=1
L0.6: GPORT=0x37860062 MODE=WERR WT=1
    UC.6: GPORT=0x24188006 MODE=WERR WT=1
    MC.6: GPORT=0x30188006 MODE=WERR WT=1
L0.7: GPORT=0x37870062 MODE=WERR WT=1
    UC.7: GPORT=0x24188007 MODE=WERR WT=1
    MC.7: GPORT=0x30188007 MODE=WERR WT=1
L0.8: GPORT=0x37880062 MODE=WERR WT=1
    UC.8: GPORT=0x24188008 MODE=WRR WT=1
    MC.8: GPORT=0x30188008 MODE=WRR WT=1
L0.9: GPORT=0x37890062 MODE=WERR WT=1
    UC.9: GPORT=0x24188009 MODE=WRR WT=1
    MC.9: GPORT=0x30188009 MODE=WRR WT=1
=========== 
=== PORT 99
L0.0: GPORT=0x37800063 MODE=WERR WT=1
    UC.0: GPORT=0x2418c000 MODE=WERR WT=1
    MC.0: GPORT=0x3018c000 MODE=WERR WT=1
L0.1: GPORT=0x37810063 MODE=WERR WT=1
    UC.1: GPORT=0x2418c001 MODE=WERR WT=1
    MC.1: GPORT=0x3018c001 MODE=WERR WT=1
L0.2: GPORT=0x37820063 MODE=WERR WT=1
    UC.2: GPORT=0x2418c002 MODE=WERR WT=1
    MC.2: GPORT=0x3018c002 MODE=WERR WT=1
L0.3: GPORT=0x37830063 MODE=WERR WT=1
    UC.3: GPORT=0x2418c003 MODE=WERR WT=1
    MC.3: GPORT=0x3018c003 MODE=WERR WT=1
L0.4: GPORT=0x37840063 MODE=WERR WT=1
    UC.4: GPORT=0x2418c004 MODE=WERR WT=1
    MC.4: GPORT=0x3018c004 MODE=WERR WT=1
L0.5: GPORT=0x37850063 MODE=WERR WT=1
    UC.5: GPORT=0x2418c005 MODE=WERR WT=1
    MC.5: GPORT=0x3018c005 MODE=WERR WT=1
L0.6: GPORT=0x37860063 MODE=WERR WT=1
    UC.6: GPORT=0x2418c006 MODE=WERR WT=1
    MC.6: GPORT=0x3018c006 MODE=WERR WT=1
L0.7: GPORT=0x37870063 MODE=WERR WT=1
    UC.7: GPORT=0x2418c007 MODE=WERR WT=1
    MC.7: GPORT=0x3018c007 MODE=WERR WT=1
L0.8: GPORT=0x37880063 MODE=WERR WT=1
    UC.8: GPORT=0x2418c008 MODE=WRR WT=1
    MC.8: GPORT=0x3018c008 MODE=WRR WT=1
L0.9: GPORT=0x37890063 MODE=WERR WT=1
    UC.9: GPORT=0x2418c009 MODE=WRR WT=1
    MC.9: GPORT=0x3018c009 MODE=WRR WT=1
=========== 
=== PORT 100
L0.0: GPORT=0x37800064 MODE=WERR WT=1
    UC.0: GPORT=0x24190000 MODE=WERR WT=1
    MC.0: GPORT=0x30190000 MODE=WERR WT=1
L0.1: GPORT=0x37810064 MODE=WERR WT=1
    UC.1: GPORT=0x24190001 MODE=WERR WT=1
    MC.1: GPORT=0x30190001 MODE=WERR WT=1
L0.2: GPORT=0x37820064 MODE=WERR WT=1
    UC.2: GPORT=0x24190002 MODE=WERR WT=1
    MC.2: GPORT=0x30190002 MODE=WERR WT=1
L0.3: GPORT=0x37830064 MODE=WERR WT=1
    UC.3: GPORT=0x24190003 MODE=WERR WT=1
    MC.3: GPORT=0x30190003 MODE=WERR WT=1
L0.4: GPORT=0x37840064 MODE=WERR WT=1
    UC.4: GPORT=0x24190004 MODE=WERR WT=1
    MC.4: GPORT=0x30190004 MODE=WERR WT=1
L0.5: GPORT=0x37850064 MODE=WERR WT=1
    UC.5: GPORT=0x24190005 MODE=WERR WT=1
    MC.5: GPORT=0x30190005 MODE=WERR WT=1
L0.6: GPORT=0x37860064 MODE=WERR WT=1
    UC.6: GPORT=0x24190006 MODE=WERR WT=1
    MC.6: GPORT=0x30190006 MODE=WERR WT=1
L0.7: GPORT=0x37870064 MODE=WERR WT=1
    UC.7: GPORT=0x24190007 MODE=WERR WT=1
    MC.7: GPORT=0x30190007 MODE=WERR WT=1
L0.8: GPORT=0x37880064 MODE=WERR WT=1
    UC.8: GPORT=0x24190008 MODE=WRR WT=1
    MC.8: GPORT=0x30190008 MODE=WRR WT=1
L0.9: GPORT=0x37890064 MODE=WERR WT=1
    UC.9: GPORT=0x24190009 MODE=WRR WT=1
    MC.9: GPORT=0x30190009 MODE=WRR WT=1
=========== 
=== PORT 101
L0.0: GPORT=0x37800065 MODE=WERR WT=1
    UC.0: GPORT=0x24194000 MODE=WERR WT=1
    MC.0: GPORT=0x30194000 MODE=WERR WT=1
L0.1: GPORT=0x37810065 MODE=WERR WT=1
    UC.1: GPORT=0x24194001 MODE=WERR WT=1
    MC.1: GPORT=0x30194001 MODE=WERR WT=1
L0.2: GPORT=0x37820065 MODE=WERR WT=1
    UC.2: GPORT=0x24194002 MODE=WERR WT=1
    MC.2: GPORT=0x30194002 MODE=WERR WT=1
L0.3: GPORT=0x37830065 MODE=WERR WT=1
    UC.3: GPORT=0x24194003 MODE=WERR WT=1
    MC.3: GPORT=0x30194003 MODE=WERR WT=1
L0.4: GPORT=0x37840065 MODE=WERR WT=1
    UC.4: GPORT=0x24194004 MODE=WERR WT=1
    MC.4: GPORT=0x30194004 MODE=WERR WT=1
L0.5: GPORT=0x37850065 MODE=WERR WT=1
    UC.5: GPORT=0x24194005 MODE=WERR WT=1
    MC.5: GPORT=0x30194005 MODE=WERR WT=1
L0.6: GPORT=0x37860065 MODE=WERR WT=1
    UC.6: GPORT=0x24194006 MODE=WERR WT=1
    MC.6: GPORT=0x30194006 MODE=WERR WT=1
L0.7: GPORT=0x37870065 MODE=WERR WT=1
    UC.7: GPORT=0x24194007 MODE=WERR WT=1
    MC.7: GPORT=0x30194007 MODE=WERR WT=1
L0.8: GPORT=0x37880065 MODE=WERR WT=1
    UC.8: GPORT=0x24194008 MODE=WRR WT=1
    MC.8: GPORT=0x30194008 MODE=WRR WT=1
L0.9: GPORT=0x37890065 MODE=WERR WT=1
    UC.9: GPORT=0x24194009 MODE=WRR WT=1
    MC.9: GPORT=0x30194009 MODE=WRR WT=1
=========== 
=== PORT 102
L0.0: GPORT=0x37800066 MODE=WERR WT=1
    UC.0: GPORT=0x24198000 MODE=WERR WT=1
    MC.0: GPORT=0x30198000 MODE=WERR WT=1
L0.1: GPORT=0x37810066 MODE=WERR WT=1
    UC.1: GPORT=0x24198001 MODE=WERR WT=1
    MC.1: GPORT=0x30198001 MODE=WERR WT=1
L0.2: GPORT=0x37820066 MODE=WERR WT=1
    UC.2: GPORT=0x24198002 MODE=WERR WT=1
    MC.2: GPORT=0x30198002 MODE=WERR WT=1
L0.3: GPORT=0x37830066 MODE=WERR WT=1
    UC.3: GPORT=0x24198003 MODE=WERR WT=1
    MC.3: GPORT=0x30198003 MODE=WERR WT=1
L0.4: GPORT=0x37840066 MODE=WERR WT=1
    UC.4: GPORT=0x24198004 MODE=WERR WT=1
    MC.4: GPORT=0x30198004 MODE=WERR WT=1
L0.5: GPORT=0x37850066 MODE=WERR WT=1
    UC.5: GPORT=0x24198005 MODE=WERR WT=1
    MC.5: GPORT=0x30198005 MODE=WERR WT=1
L0.6: GPORT=0x37860066 MODE=WERR WT=1
    UC.6: GPORT=0x24198006 MODE=WERR WT=1
    MC.6: GPORT=0x30198006 MODE=WERR WT=1
L0.7: GPORT=0x37870066 MODE=WERR WT=1
    UC.7: GPORT=0x24198007 MODE=WERR WT=1
    MC.7: GPORT=0x30198007 MODE=WERR WT=1
L0.8: GPORT=0x37880066 MODE=WERR WT=1
    UC.8: GPORT=0x24198008 MODE=WRR WT=1
    MC.8: GPORT=0x30198008 MODE=WRR WT=1
L0.9: GPORT=0x37890066 MODE=WERR WT=1
    UC.9: GPORT=0x24198009 MODE=WRR WT=1
    MC.9: GPORT=0x30198009 MODE=WRR WT=1
=========== 
=== PORT 107
L0.0: GPORT=0x3780006b MODE=WERR WT=1
    UC.0: GPORT=0x241ac000 MODE=WERR WT=1
    MC.0: GPORT=0x301ac000 MODE=WERR WT=1
L0.1: GPORT=0x3781006b MODE=WERR WT=1
    UC.1: GPORT=0x241ac001 MODE=WERR WT=1
    MC.1: GPORT=0x301ac001 MODE=WERR WT=1
L0.2: GPORT=0x3782006b MODE=WERR WT=1
    UC.2: GPORT=0x241ac002 MODE=WERR WT=1
    MC.2: GPORT=0x301ac002 MODE=WERR WT=1
L0.3: GPORT=0x3783006b MODE=WERR WT=1
    UC.3: GPORT=0x241ac003 MODE=WERR WT=1
    MC.3: GPORT=0x301ac003 MODE=WERR WT=1
L0.4: GPORT=0x3784006b MODE=WERR WT=1
    UC.4: GPORT=0x241ac004 MODE=WERR WT=1
    MC.4: GPORT=0x301ac004 MODE=WERR WT=1
L0.5: GPORT=0x3785006b MODE=WERR WT=1
    UC.5: GPORT=0x241ac005 MODE=WERR WT=1
    MC.5: GPORT=0x301ac005 MODE=WERR WT=1
L0.6: GPORT=0x3786006b MODE=WERR WT=1
    UC.6: GPORT=0x241ac006 MODE=WERR WT=1
    MC.6: GPORT=0x301ac006 MODE=WERR WT=1
L0.7: GPORT=0x3787006b MODE=WERR WT=1
    UC.7: GPORT=0x241ac007 MODE=WERR WT=1
    MC.7: GPORT=0x301ac007 MODE=WERR WT=1
L0.8: GPORT=0x3788006b MODE=WERR WT=1
    UC.8: GPORT=0x241ac008 MODE=WRR WT=1
    MC.8: GPORT=0x301ac008 MODE=WRR WT=1
L0.9: GPORT=0x3789006b MODE=WERR WT=1
    UC.9: GPORT=0x241ac009 MODE=WRR WT=1
    MC.9: GPORT=0x301ac009 MODE=WRR WT=1
=========== 
=== PORT 108
L0.0: GPORT=0x3780006c MODE=WERR WT=1
    UC.0: GPORT=0x241b0000 MODE=WERR WT=1
    MC.0: GPORT=0x301b0000 MODE=WERR WT=1
L0.1: GPORT=0x3781006c MODE=WERR WT=1
    UC.1: GPORT=0x241b0001 MODE=WERR WT=1
    MC.1: GPORT=0x301b0001 MODE=WERR WT=1
L0.2: GPORT=0x3782006c MODE=WERR WT=1
    UC.2: GPORT=0x241b0002 MODE=WERR WT=1
    MC.2: GPORT=0x301b0002 MODE=WERR WT=1
L0.3: GPORT=0x3783006c MODE=WERR WT=1
    UC.3: GPORT=0x241b0003 MODE=WERR WT=1
    MC.3: GPORT=0x301b0003 MODE=WERR WT=1
L0.4: GPORT=0x3784006c MODE=WERR WT=1
    UC.4: GPORT=0x241b0004 MODE=WERR WT=1
    MC.4: GPORT=0x301b0004 MODE=WERR WT=1
L0.5: GPORT=0x3785006c MODE=WERR WT=1
    UC.5: GPORT=0x241b0005 MODE=WERR WT=1
    MC.5: GPORT=0x301b0005 MODE=WERR WT=1
L0.6: GPORT=0x3786006c MODE=WERR WT=1
    UC.6: GPORT=0x241b0006 MODE=WERR WT=1
    MC.6: GPORT=0x301b0006 MODE=WERR WT=1
L0.7: GPORT=0x3787006c MODE=WERR WT=1
    UC.7: GPORT=0x241b0007 MODE=WERR WT=1
    MC.7: GPORT=0x301b0007 MODE=WERR WT=1
L0.8: GPORT=0x3788006c MODE=WERR WT=1
    UC.8: GPORT=0x241b0008 MODE=WRR WT=1
    MC.8: GPORT=0x301b0008 MODE=WRR WT=1
L0.9: GPORT=0x3789006c MODE=WERR WT=1
    UC.9: GPORT=0x241b0009 MODE=WRR WT=1
    MC.9: GPORT=0x301b0009 MODE=WRR WT=1
=========== 
=== PORT 109
L0.0: GPORT=0x3780006d MODE=WERR WT=1
    UC.0: GPORT=0x241b4000 MODE=WERR WT=1
    MC.0: GPORT=0x301b4000 MODE=WERR WT=1
L0.1: GPORT=0x3781006d MODE=WERR WT=1
    UC.1: GPORT=0x241b4001 MODE=WERR WT=1
    MC.1: GPORT=0x301b4001 MODE=WERR WT=1
L0.2: GPORT=0x3782006d MODE=WERR WT=1
    UC.2: GPORT=0x241b4002 MODE=WERR WT=1
    MC.2: GPORT=0x301b4002 MODE=WERR WT=1
L0.3: GPORT=0x3783006d MODE=WERR WT=1
    UC.3: GPORT=0x241b4003 MODE=WERR WT=1
    MC.3: GPORT=0x301b4003 MODE=WERR WT=1
L0.4: GPORT=0x3784006d MODE=WERR WT=1
    UC.4: GPORT=0x241b4004 MODE=WERR WT=1
    MC.4: GPORT=0x301b4004 MODE=WERR WT=1
L0.5: GPORT=0x3785006d MODE=WERR WT=1
    UC.5: GPORT=0x241b4005 MODE=WERR WT=1
    MC.5: GPORT=0x301b4005 MODE=WERR WT=1
L0.6: GPORT=0x3786006d MODE=WERR WT=1
    UC.6: GPORT=0x241b4006 MODE=WERR WT=1
    MC.6: GPORT=0x301b4006 MODE=WERR WT=1
L0.7: GPORT=0x3787006d MODE=WERR WT=1
    UC.7: GPORT=0x241b4007 MODE=WERR WT=1
    MC.7: GPORT=0x301b4007 MODE=WERR WT=1
L0.8: GPORT=0x3788006d MODE=WERR WT=1
    UC.8: GPORT=0x241b4008 MODE=WRR WT=1
    MC.8: GPORT=0x301b4008 MODE=WRR WT=1
L0.9: GPORT=0x3789006d MODE=WERR WT=1
    UC.9: GPORT=0x241b4009 MODE=WRR WT=1
    MC.9: GPORT=0x301b4009 MODE=WRR WT=1
=========== 
=== PORT 110
L0.0: GPORT=0x3780006e MODE=WERR WT=1
    UC.0: GPORT=0x241b8000 MODE=WERR WT=1
    MC.0: GPORT=0x301b8000 MODE=WERR WT=1
L0.1: GPORT=0x3781006e MODE=WERR WT=1
    UC.1: GPORT=0x241b8001 MODE=WERR WT=1
    MC.1: GPORT=0x301b8001 MODE=WERR WT=1
L0.2: GPORT=0x3782006e MODE=WERR WT=1
    UC.2: GPORT=0x241b8002 MODE=WERR WT=1
    MC.2: GPORT=0x301b8002 MODE=WERR WT=1
L0.3: GPORT=0x3783006e MODE=WERR WT=1
    UC.3: GPORT=0x241b8003 MODE=WERR WT=1
    MC.3: GPORT=0x301b8003 MODE=WERR WT=1
L0.4: GPORT=0x3784006e MODE=WERR WT=1
    UC.4: GPORT=0x241b8004 MODE=WERR WT=1
    MC.4: GPORT=0x301b8004 MODE=WERR WT=1
L0.5: GPORT=0x3785006e MODE=WERR WT=1
    UC.5: GPORT=0x241b8005 MODE=WERR WT=1
    MC.5: GPORT=0x301b8005 MODE=WERR WT=1
L0.6: GPORT=0x3786006e MODE=WERR WT=1
    UC.6: GPORT=0x241b8006 MODE=WERR WT=1
    MC.6: GPORT=0x301b8006 MODE=WERR WT=1
L0.7: GPORT=0x3787006e MODE=WERR WT=1
    UC.7: GPORT=0x241b8007 MODE=WERR WT=1
    MC.7: GPORT=0x301b8007 MODE=WERR WT=1
L0.8: GPORT=0x3788006e MODE=WERR WT=1
    UC.8: GPORT=0x241b8008 MODE=WRR WT=1
    MC.8: GPORT=0x301b8008 MODE=WRR WT=1
L0.9: GPORT=0x3789006e MODE=WERR WT=1
    UC.9: GPORT=0x241b8009 MODE=WRR WT=1
    MC.9: GPORT=0x301b8009 MODE=WRR WT=1
=========== 
=== PORT 115
L0.0: GPORT=0x37800073 MODE=WERR WT=1
    UC.0: GPORT=0x241cc000 MODE=WERR WT=1
    MC.0: GPORT=0x301cc000 MODE=WERR WT=1
L0.1: GPORT=0x37810073 MODE=WERR WT=1
    UC.1: GPORT=0x241cc001 MODE=WERR WT=1
    MC.1: GPORT=0x301cc001 MODE=WERR WT=1
L0.2: GPORT=0x37820073 MODE=WERR WT=1
    UC.2: GPORT=0x241cc002 MODE=WERR WT=1
    MC.2: GPORT=0x301cc002 MODE=WERR WT=1
L0.3: GPORT=0x37830073 MODE=WERR WT=1
    UC.3: GPORT=0x241cc003 MODE=WERR WT=1
    MC.3: GPORT=0x301cc003 MODE=WERR WT=1
L0.4: GPORT=0x37840073 MODE=WERR WT=1
    UC.4: GPORT=0x241cc004 MODE=WERR WT=1
    MC.4: GPORT=0x301cc004 MODE=WERR WT=1
L0.5: GPORT=0x37850073 MODE=WERR WT=1
    UC.5: GPORT=0x241cc005 MODE=WERR WT=1
    MC.5: GPORT=0x301cc005 MODE=WERR WT=1
L0.6: GPORT=0x37860073 MODE=WERR WT=1
    UC.6: GPORT=0x241cc006 MODE=WERR WT=1
    MC.6: GPORT=0x301cc006 MODE=WERR WT=1
L0.7: GPORT=0x37870073 MODE=WERR WT=1
    UC.7: GPORT=0x241cc007 MODE=WERR WT=1
    MC.7: GPORT=0x301cc007 MODE=WERR WT=1
L0.8: GPORT=0x37880073 MODE=WERR WT=1
    UC.8: GPORT=0x241cc008 MODE=WRR WT=1
    MC.8: GPORT=0x301cc008 MODE=WRR WT=1
L0.9: GPORT=0x37890073 MODE=WERR WT=1
    UC.9: GPORT=0x241cc009 MODE=WRR WT=1
    MC.9: GPORT=0x301cc009 MODE=WRR WT=1
=========== 
=== PORT 116
L0.0: GPORT=0x37800074 MODE=WERR WT=1
    UC.0: GPORT=0x241d0000 MODE=WERR WT=1
    MC.0: GPORT=0x301d0000 MODE=WERR WT=1
L0.1: GPORT=0x37810074 MODE=WERR WT=1
    UC.1: GPORT=0x241d0001 MODE=WERR WT=1
    MC.1: GPORT=0x301d0001 MODE=WERR WT=1
L0.2: GPORT=0x37820074 MODE=WERR WT=1
    UC.2: GPORT=0x241d0002 MODE=WERR WT=1
    MC.2: GPORT=0x301d0002 MODE=WERR WT=1
L0.3: GPORT=0x37830074 MODE=WERR WT=1
    UC.3: GPORT=0x241d0003 MODE=WERR WT=1
    MC.3: GPORT=0x301d0003 MODE=WERR WT=1
L0.4: GPORT=0x37840074 MODE=WERR WT=1
    UC.4: GPORT=0x241d0004 MODE=WERR WT=1
    MC.4: GPORT=0x301d0004 MODE=WERR WT=1
L0.5: GPORT=0x37850074 MODE=WERR WT=1
    UC.5: GPORT=0x241d0005 MODE=WERR WT=1
    MC.5: GPORT=0x301d0005 MODE=WERR WT=1
L0.6: GPORT=0x37860074 MODE=WERR WT=1
    UC.6: GPORT=0x241d0006 MODE=WERR WT=1
    MC.6: GPORT=0x301d0006 MODE=WERR WT=1
L0.7: GPORT=0x37870074 MODE=WERR WT=1
    UC.7: GPORT=0x241d0007 MODE=WERR WT=1
    MC.7: GPORT=0x301d0007 MODE=WERR WT=1
L0.8: GPORT=0x37880074 MODE=WERR WT=1
    UC.8: GPORT=0x241d0008 MODE=WRR WT=1
    MC.8: GPORT=0x301d0008 MODE=WRR WT=1
L0.9: GPORT=0x37890074 MODE=WERR WT=1
    UC.9: GPORT=0x241d0009 MODE=WRR WT=1
    MC.9: GPORT=0x301d0009 MODE=WRR WT=1
=========== 
=== PORT 117
L0.0: GPORT=0x37800075 MODE=WERR WT=1
    UC.0: GPORT=0x241d4000 MODE=WERR WT=1
    MC.0: GPORT=0x301d4000 MODE=WERR WT=1
L0.1: GPORT=0x37810075 MODE=WERR WT=1
    UC.1: GPORT=0x241d4001 MODE=WERR WT=1
    MC.1: GPORT=0x301d4001 MODE=WERR WT=1
L0.2: GPORT=0x37820075 MODE=WERR WT=1
    UC.2: GPORT=0x241d4002 MODE=WERR WT=1
    MC.2: GPORT=0x301d4002 MODE=WERR WT=1
L0.3: GPORT=0x37830075 MODE=WERR WT=1
    UC.3: GPORT=0x241d4003 MODE=WERR WT=1
    MC.3: GPORT=0x301d4003 MODE=WERR WT=1
L0.4: GPORT=0x37840075 MODE=WERR WT=1
    UC.4: GPORT=0x241d4004 MODE=WERR WT=1
    MC.4: GPORT=0x301d4004 MODE=WERR WT=1
L0.5: GPORT=0x37850075 MODE=WERR WT=1
    UC.5: GPORT=0x241d4005 MODE=WERR WT=1
    MC.5: GPORT=0x301d4005 MODE=WERR WT=1
L0.6: GPORT=0x37860075 MODE=WERR WT=1
    UC.6: GPORT=0x241d4006 MODE=WERR WT=1
    MC.6: GPORT=0x301d4006 MODE=WERR WT=1
L0.7: GPORT=0x37870075 MODE=WERR WT=1
    UC.7: GPORT=0x241d4007 MODE=WERR WT=1
    MC.7: GPORT=0x301d4007 MODE=WERR WT=1
L0.8: GPORT=0x37880075 MODE=WERR WT=1
    UC.8: GPORT=0x241d4008 MODE=WRR WT=1
    MC.8: GPORT=0x301d4008 MODE=WRR WT=1
L0.9: GPORT=0x37890075 MODE=WERR WT=1
    UC.9: GPORT=0x241d4009 MODE=WRR WT=1
    MC.9: GPORT=0x301d4009 MODE=WRR WT=1
=========== 
=== PORT 118
L0.0: GPORT=0x37800076 MODE=WERR WT=1
    UC.0: GPORT=0x241d8000 MODE=WERR WT=1
    MC.0: GPORT=0x301d8000 MODE=WERR WT=1
L0.1: GPORT=0x37810076 MODE=WERR WT=1
    UC.1: GPORT=0x241d8001 MODE=WERR WT=1
    MC.1: GPORT=0x301d8001 MODE=WERR WT=1
L0.2: GPORT=0x37820076 MODE=WERR WT=1
    UC.2: GPORT=0x241d8002 MODE=WERR WT=1
    MC.2: GPORT=0x301d8002 MODE=WERR WT=1
L0.3: GPORT=0x37830076 MODE=WERR WT=1
    UC.3: GPORT=0x241d8003 MODE=WERR WT=1
    MC.3: GPORT=0x301d8003 MODE=WERR WT=1
L0.4: GPORT=0x37840076 MODE=WERR WT=1
    UC.4: GPORT=0x241d8004 MODE=WERR WT=1
    MC.4: GPORT=0x301d8004 MODE=WERR WT=1
L0.5: GPORT=0x37850076 MODE=WERR WT=1
    UC.5: GPORT=0x241d8005 MODE=WERR WT=1
    MC.5: GPORT=0x301d8005 MODE=WERR WT=1
L0.6: GPORT=0x37860076 MODE=WERR WT=1
    UC.6: GPORT=0x241d8006 MODE=WERR WT=1
    MC.6: GPORT=0x301d8006 MODE=WERR WT=1
L0.7: GPORT=0x37870076 MODE=WERR WT=1
    UC.7: GPORT=0x241d8007 MODE=WERR WT=1
    MC.7: GPORT=0x301d8007 MODE=WERR WT=1
L0.8: GPORT=0x37880076 MODE=WERR WT=1
    UC.8: GPORT=0x241d8008 MODE=WRR WT=1
    MC.8: GPORT=0x301d8008 MODE=WRR WT=1
L0.9: GPORT=0x37890076 MODE=WERR WT=1
    UC.9: GPORT=0x241d8009 MODE=WRR WT=1
    MC.9: GPORT=0x301d8009 MODE=WRR WT=1
=========== 
=== PORT 123
L0.0: GPORT=0x3780007b MODE=WERR WT=1
    UC.0: GPORT=0x241ec000 MODE=WERR WT=1
    MC.0: GPORT=0x301ec000 MODE=WERR WT=1
L0.1: GPORT=0x3781007b MODE=WERR WT=1
    UC.1: GPORT=0x241ec001 MODE=WERR WT=1
    MC.1: GPORT=0x301ec001 MODE=WERR WT=1
L0.2: GPORT=0x3782007b MODE=WERR WT=1
    UC.2: GPORT=0x241ec002 MODE=WERR WT=1
    MC.2: GPORT=0x301ec002 MODE=WERR WT=1
L0.3: GPORT=0x3783007b MODE=WERR WT=1
    UC.3: GPORT=0x241ec003 MODE=WERR WT=1
    MC.3: GPORT=0x301ec003 MODE=WERR WT=1
L0.4: GPORT=0x3784007b MODE=WERR WT=1
    UC.4: GPORT=0x241ec004 MODE=WERR WT=1
    MC.4: GPORT=0x301ec004 MODE=WERR WT=1
L0.5: GPORT=0x3785007b MODE=WERR WT=1
    UC.5: GPORT=0x241ec005 MODE=WERR WT=1
    MC.5: GPORT=0x301ec005 MODE=WERR WT=1
L0.6: GPORT=0x3786007b MODE=WERR WT=1
    UC.6: GPORT=0x241ec006 MODE=WERR WT=1
    MC.6: GPORT=0x301ec006 MODE=WERR WT=1
L0.7: GPORT=0x3787007b MODE=WERR WT=1
    UC.7: GPORT=0x241ec007 MODE=WERR WT=1
    MC.7: GPORT=0x301ec007 MODE=WERR WT=1
L0.8: GPORT=0x3788007b MODE=WERR WT=1
    UC.8: GPORT=0x241ec008 MODE=WRR WT=1
    MC.8: GPORT=0x301ec008 MODE=WRR WT=1
L0.9: GPORT=0x3789007b MODE=WERR WT=1
    UC.9: GPORT=0x241ec009 MODE=WRR WT=1
    MC.9: GPORT=0x301ec009 MODE=WRR WT=1
=========== 
=== PORT 127
L0.0: GPORT=0x3780007f MODE=WERR WT=1
    UC.0: GPORT=0x241fc000 MODE=WERR WT=1
    MC.0: GPORT=0x301fc000 MODE=WERR WT=1
L0.1: GPORT=0x3781007f MODE=WERR WT=1
    UC.1: GPORT=0x241fc001 MODE=WERR WT=1
    MC.1: GPORT=0x301fc001 MODE=WERR WT=1
L0.2: GPORT=0x3782007f MODE=WERR WT=1
    UC.2: GPORT=0x241fc002 MODE=WERR WT=1
    MC.2: GPORT=0x301fc002 MODE=WERR WT=1
L0.3: GPORT=0x3783007f MODE=WERR WT=1
    UC.3: GPORT=0x241fc003 MODE=WERR WT=1
    MC.3: GPORT=0x301fc003 MODE=WERR WT=1
L0.4: GPORT=0x3784007f MODE=WERR WT=1
    UC.4: GPORT=0x241fc004 MODE=WERR WT=1
    MC.4: GPORT=0x301fc004 MODE=WERR WT=1
L0.5: GPORT=0x3785007f MODE=WERR WT=1
    UC.5: GPORT=0x241fc005 MODE=WERR WT=1
    MC.5: GPORT=0x301fc005 MODE=WERR WT=1
L0.6: GPORT=0x3786007f MODE=WERR WT=1
    UC.6: GPORT=0x241fc006 MODE=WERR WT=1
    MC.6: GPORT=0x301fc006 MODE=WERR WT=1
L0.7: GPORT=0x3787007f MODE=WERR WT=1
    UC.7: GPORT=0x241fc007 MODE=WERR WT=1
    MC.7: GPORT=0x301fc007 MODE=WERR WT=1
L0.8: GPORT=0x3788007f MODE=WERR WT=1
    UC.8: GPORT=0x241fc008 MODE=WRR WT=1
    MC.8: GPORT=0x301fc008 MODE=WRR WT=1
L0.9: GPORT=0x3789007f MODE=WERR WT=1
    UC.9: GPORT=0x241fc009 MODE=WRR WT=1
    MC.9: GPORT=0x301fc009 MODE=WRR WT=1
=========== 
BCM.0> 
BCM.0> 
