File logging started to cosq_dump_th3.log
BCM.0> 
BCM.0> log file=cosq_dump_th3.log on
File logging continued to cosq_dump_th3.log
BCM.0> 
BCM.0> dump sw cosq

SW Information COSQ - Unit 0
=== CPU PORT ===
L0 Nodes
    LO.0: GPORT=0x37800000 MODE=WRR WT=1
    LO.1: GPORT=0x37810000 MODE=WRR WT=1
    LO.2: GPORT=0x37820000 MODE=WRR WT=1
    LO.3: GPORT=0x37830000 MODE=WRR WT=1
    LO.4: GPORT=0x37840000 MODE=WRR WT=1
    LO.5: GPORT=0x37850000 MODE=WRR WT=1
    LO.6: GPORT=0x37860000 MODE=WRR WT=1
    LO.7: GPORT=0x37870000 MODE=WRR WT=1
    LO.8: GPORT=0x37880000 MODE=WRR WT=1
    LO.9: GPORT=0x37890000 MODE=WRR WT=1
    LO.10: GPORT=0x378a0000 MODE=WRR WT=1
    LO.11: GPORT=0x378b0000 MODE=WRR WT=1

MC Queues
    MC.0: GPORT=0x30000000 MODE=WRR WT=1 PARENT=L0.0
    MC.1: GPORT=0x30000001 MODE=WRR WT=1 PARENT=L0.0
    MC.2: GPORT=0x30000002 MODE=WRR WT=1 PARENT=L0.0
    MC.3: GPORT=0x30000003 MODE=WRR WT=1 PARENT=L0.0
    MC.4: GPORT=0x30000004 MODE=WRR WT=1 PARENT=L0.0
    MC.5: GPORT=0x30000005 MODE=WRR WT=1 PARENT=L0.0
    MC.6: GPORT=0x30000006 MODE=WRR WT=1 PARENT=L0.0
    MC.7: GPORT=0x30000007 MODE=WRR WT=1 PARENT=L0.0
    MC.8: GPORT=0x30000008 MODE=WRR WT=1 PARENT=L0.0
    MC.9: GPORT=0x30000009 MODE=WRR WT=1 PARENT=L0.0
    MC.10: GPORT=0x3000000a MODE=WRR WT=1 PARENT=L0.0
    MC.11: GPORT=0x3000000b MODE=WRR WT=1 PARENT=L0.0
    MC.12: GPORT=0x3000000c MODE=WRR WT=1 PARENT=L0.0
    MC.13: GPORT=0x3000000d MODE=WRR WT=1 PARENT=L0.0
    MC.14: GPORT=0x3000000e MODE=WRR WT=1 PARENT=L0.0
    MC.15: GPORT=0x3000000f MODE=WRR WT=1 PARENT=L0.0
    MC.16: GPORT=0x30000010 MODE=WRR WT=1 PARENT=L0.0
    MC.17: GPORT=0x30000011 MODE=WRR WT=1 PARENT=L0.0
    MC.18: GPORT=0x30000012 MODE=WRR WT=1 PARENT=L0.0
    MC.19: GPORT=0x30000013 MODE=WRR WT=1 PARENT=L0.0
    MC.20: GPORT=0x30000014 MODE=WRR WT=1 PARENT=L0.0
    MC.21: GPORT=0x30000015 MODE=WRR WT=1 PARENT=L0.0
    MC.22: GPORT=0x30000016 MODE=WRR WT=1 PARENT=L0.0
    MC.23: GPORT=0x30000017 MODE=WRR WT=1 PARENT=L0.0
    MC.24: GPORT=0x30000018 MODE=WRR WT=1 PARENT=L0.0
    MC.25: GPORT=0x30000019 MODE=WRR WT=1 PARENT=L0.0
    MC.26: GPORT=0x3000001a MODE=WRR WT=1 PARENT=L0.0
    MC.27: GPORT=0x3000001b MODE=WRR WT=1 PARENT=L0.0
    MC.28: GPORT=0x3000001c MODE=WRR WT=1 PARENT=L0.0
    MC.29: GPORT=0x3000001d MODE=WRR WT=1 PARENT=L0.0
    MC.30: GPORT=0x3000001e MODE=WRR WT=1 PARENT=L0.0
    MC.31: GPORT=0x3000001f MODE=WRR WT=1 PARENT=L0.0
    MC.32: GPORT=0x30000020 MODE=WRR WT=1 PARENT=L0.0
    MC.33: GPORT=0x30000021 MODE=WRR WT=1 PARENT=L0.0
    MC.34: GPORT=0x30000022 MODE=WRR WT=1 PARENT=L0.0
    MC.35: GPORT=0x30000023 MODE=WRR WT=1 PARENT=L0.0
    MC.36: GPORT=0x30000024 MODE=WRR WT=1 PARENT=L0.0
    MC.37: GPORT=0x30000025 MODE=WRR WT=1 PARENT=L0.0
    MC.38: GPORT=0x30000026 MODE=WRR WT=1 PARENT=L0.0
    MC.39: GPORT=0x30000027 MODE=WRR WT=1 PARENT=L0.0
    MC.40: GPORT=0x30000028 MODE=WRR WT=1 PARENT=L0.0
    MC.41: GPORT=0x30000029 MODE=WRR WT=1 PARENT=L0.0
    MC.42: GPORT=0x3000002a MODE=WRR WT=1 PARENT=L0.0
    MC.43: GPORT=0x3000002b MODE=WRR WT=1 PARENT=L0.0
    MC.44: GPORT=0x3000002c MODE=WRR WT=1 PARENT=L0.0
    MC.45: GPORT=0x3000002d MODE=WRR WT=1 PARENT=L0.0
    MC.46: GPORT=0x3000002e MODE=WRR WT=1 PARENT=L0.7
    MC.47: GPORT=0x3000002f MODE=WRR WT=1 PARENT=L0.8
=========== 
=== PORT 1
LO.0: GPORT=0x37800001 MODE=WERR WT=1, COS=0
LO.1: GPORT=0x37810001 MODE=WERR WT=1, COS=1
LO.2: GPORT=0x37820001 MODE=WERR WT=1, COS=2
LO.3: GPORT=0x37830001 MODE=WERR WT=1, COS=3
LO.4: GPORT=0x37840001 MODE=WERR WT=1, COS=4
LO.5: GPORT=0x37850001 MODE=WERR WT=1, COS=5
LO.6: GPORT=0x37860001 MODE=WERR WT=1, COS=6
LO.7: GPORT=0x37870001 MODE=WERR WT=1, COS=7
LO.8: GPORT=0x37880001 MODE=WERR WT=1, COS=8
LO.9: GPORT=0x37890001 MODE=WERR WT=1, COS=9
LO.10: GPORT=0x378a0001 MODE=WERR WT=1, COS=10
LO.11: GPORT=0x378b0001 MODE=WERR WT=1, COS=11
UC.0: GPORT=0x24004000 MODE=WERR WT=1 PARENT=0
UC.1: GPORT=0x24004001 MODE=WERR WT=1 PARENT=1
UC.2: GPORT=0x24004002 MODE=WERR WT=1 PARENT=2
UC.3: GPORT=0x24004003 MODE=WERR WT=1 PARENT=3
UC.4: GPORT=0x24004004 MODE=WERR WT=1 PARENT=4
UC.5: GPORT=0x24004005 MODE=WERR WT=1 PARENT=5
UC.6: GPORT=0x24004006 MODE=WERR WT=1 PARENT=6
UC.7: GPORT=0x24004007 MODE=WERR WT=1 PARENT=7
MC.0: GPORT=0x30004000 MODE=WERR WT=1 PARENT=8
MC.1: GPORT=0x30004001 MODE=WERR WT=1 PARENT=9
MC.2: GPORT=0x30004002 MODE=WERR WT=1 PARENT=10
MC.3: GPORT=0x30004003 MODE=WERR WT=1 PARENT=11
=========== 
=== PORT 2
LO.0: GPORT=0x37800002 MODE=WERR WT=1, COS=0
LO.1: GPORT=0x37810002 MODE=WERR WT=1, COS=1
LO.2: GPORT=0x37820002 MODE=WERR WT=1, COS=2
LO.3: GPORT=0x37830002 MODE=WERR WT=1, COS=3
LO.4: GPORT=0x37840002 MODE=WERR WT=1, COS=4
LO.5: GPORT=0x37850002 MODE=WERR WT=1, COS=5
LO.6: GPORT=0x37860002 MODE=WERR WT=1, COS=6
LO.7: GPORT=0x37870002 MODE=WERR WT=1, COS=7
LO.8: GPORT=0x37880002 MODE=WERR WT=1, COS=8
LO.9: GPORT=0x37890002 MODE=WERR WT=1, COS=9
LO.10: GPORT=0x378a0002 MODE=WERR WT=1, COS=10
LO.11: GPORT=0x378b0002 MODE=WERR WT=1, COS=11
UC.0: GPORT=0x24008000 MODE=WERR WT=1 PARENT=0
UC.1: GPORT=0x24008001 MODE=WERR WT=1 PARENT=1
UC.2: GPORT=0x24008002 MODE=WERR WT=1 PARENT=2
UC.3: GPORT=0x24008003 MODE=WERR WT=1 PARENT=3
UC.4: GPORT=0x24008004 MODE=WERR WT=1 PARENT=4
UC.5: GPORT=0x24008005 MODE=WERR WT=1 PARENT=5
UC.6: GPORT=0x24008006 MODE=WERR WT=1 PARENT=6
UC.7: GPORT=0x24008007 MODE=WERR WT=1 PARENT=7
MC.0: GPORT=0x30008000 MODE=WERR WT=1 PARENT=8
MC.1: GPORT=0x30008001 MODE=WERR WT=1 PARENT=9
MC.2: GPORT=0x30008002 MODE=WERR WT=1 PARENT=10
MC.3: GPORT=0x30008003 MODE=WERR WT=1 PARENT=11
=========== 
=== PORT 3
LO.0: GPORT=0x37800003 MODE=WERR WT=1, COS=0
LO.1: GPORT=0x37810003 MODE=WERR WT=1, COS=1
LO.2: GPORT=0x37820003 MODE=WERR WT=1, COS=2
LO.3: GPORT=0x37830003 MODE=WERR WT=1, COS=3
LO.4: GPORT=0x37840003 MODE=WERR WT=1, COS=4
LO.5: GPORT=0x37850003 MODE=WERR WT=1, COS=5
LO.6: GPORT=0x37860003 MODE=WERR WT=1, COS=6
LO.7: GPORT=0x37870003 MODE=WERR WT=1, COS=7
LO.8: GPORT=0x37880003 MODE=WERR WT=1, COS=8
LO.9: GPORT=0x37890003 MODE=WERR WT=1, COS=9
LO.10: GPORT=0x378a0003 MODE=WERR WT=1, COS=10
LO.11: GPORT=0x378b0003 MODE=WERR WT=1, COS=11
UC.0: GPORT=0x2400c000 MODE=WERR WT=1 PARENT=0
UC.1: GPORT=0x2400c001 MODE=WERR WT=1 PARENT=1
UC.2: GPORT=0x2400c002 MODE=WERR WT=1 PARENT=2
UC.3: GPORT=0x2400c003 MODE=WERR WT=1 PARENT=3
UC.4: GPORT=0x2400c004 MODE=WERR WT=1 PARENT=4
UC.5: GPORT=0x2400c005 MODE=WERR WT=1 PARENT=5
UC.6: GPORT=0x2400c006 MODE=WERR WT=1 PARENT=6
UC.7: GPORT=0x2400c007 MODE=WERR WT=1 PARENT=7
MC.0: GPORT=0x3000c000 MODE=WERR WT=1 PARENT=8
MC.1: GPORT=0x3000c001 MODE=WERR WT=1 PARENT=9
MC.2: GPORT=0x3000c002 MODE=WERR WT=1 PARENT=10
MC.3: GPORT=0x3000c003 MODE=WERR WT=1 PARENT=11
=========== 
=== PORT 4
LO.0: GPORT=0x37800004 MODE=WERR WT=1, COS=0
LO.1: GPORT=0x37810004 MODE=WERR WT=1, COS=1
LO.2: GPORT=0x37820004 MODE=WERR WT=1, COS=2
LO.3: GPORT=0x37830004 MODE=WERR WT=1, COS=3
LO.4: GPORT=0x37840004 MODE=WERR WT=1, COS=4
LO.5: GPORT=0x37850004 MODE=WERR WT=1, COS=5
LO.6: GPORT=0x37860004 MODE=WERR WT=1, COS=6
LO.7: GPORT=0x37870004 MODE=WERR WT=1, COS=7
LO.8: GPORT=0x37880004 MODE=WERR WT=1, COS=8
LO.9: GPORT=0x37890004 MODE=WERR WT=1, COS=9
LO.10: GPORT=0x378a0004 MODE=WERR WT=1, COS=10
LO.11: GPORT=0x378b0004 MODE=WERR WT=1, COS=11
UC.0: GPORT=0x24010000 MODE=WERR WT=1 PARENT=0
UC.1: GPORT=0x24010001 MODE=WERR WT=1 PARENT=1
UC.2: GPORT=0x24010002 MODE=WERR WT=1 PARENT=2
UC.3: GPORT=0x24010003 MODE=WERR WT=1 PARENT=3
UC.4: GPORT=0x24010004 MODE=WERR WT=1 PARENT=4
UC.5: GPORT=0x24010005 MODE=WERR WT=1 PARENT=5
UC.6: GPORT=0x24010006 MODE=WERR WT=1 PARENT=6
UC.7: GPORT=0x24010007 MODE=WERR WT=1 PARENT=7
MC.0: GPORT=0x30010000 MODE=WERR WT=1 PARENT=8
MC.1: GPORT=0x30010001 MODE=WERR WT=1 PARENT=9
MC.2: GPORT=0x30010002 MODE=WERR WT=1 PARENT=10
MC.3: GPORT=0x30010003 MODE=WERR WT=1 PARENT=11
=========== 
=== PORT 20
LO.0: GPORT=0x37800014 MODE=WERR WT=1, COS=0
LO.1: GPORT=0x37810014 MODE=WERR WT=1, COS=1
LO.2: GPORT=0x37820014 MODE=WERR WT=1, COS=2
LO.3: GPORT=0x37830014 MODE=WERR WT=1, COS=3
LO.4: GPORT=0x37840014 MODE=WERR WT=1, COS=4
LO.5: GPORT=0x37850014 MODE=WERR WT=1, COS=5
LO.6: GPORT=0x37860014 MODE=WERR WT=1, COS=6
LO.7: GPORT=0x37870014 MODE=WERR WT=1, COS=7
LO.8: GPORT=0x37880014 MODE=WERR WT=1, COS=8
LO.9: GPORT=0x37890014 MODE=WERR WT=1, COS=9
LO.10: GPORT=0x378a0014 MODE=WERR WT=1, COS=10
LO.11: GPORT=0x378b0014 MODE=WERR WT=1, COS=11
UC.0: GPORT=0x24050000 MODE=WERR WT=1 PARENT=0
UC.1: GPORT=0x24050001 MODE=WERR WT=1 PARENT=1
UC.2: GPORT=0x24050002 MODE=WERR WT=1 PARENT=2
UC.3: GPORT=0x24050003 MODE=WERR WT=1 PARENT=3
UC.4: GPORT=0x24050004 MODE=WERR WT=1 PARENT=4
UC.5: GPORT=0x24050005 MODE=WERR WT=1 PARENT=5
UC.6: GPORT=0x24050006 MODE=WERR WT=1 PARENT=6
UC.7: GPORT=0x24050007 MODE=WERR WT=1 PARENT=7
MC.0: GPORT=0x30050000 MODE=WERR WT=1 PARENT=8
MC.1: GPORT=0x30050001 MODE=WERR WT=1 PARENT=9
MC.2: GPORT=0x30050002 MODE=WERR WT=1 PARENT=10
MC.3: GPORT=0x30050003 MODE=WERR WT=1 PARENT=11
=========== 
=== PORT 21
LO.0: GPORT=0x37800015 MODE=WERR WT=1, COS=0
LO.1: GPORT=0x37810015 MODE=WERR WT=1, COS=1
LO.2: GPORT=0x37820015 MODE=WERR WT=1, COS=2
LO.3: GPORT=0x37830015 MODE=WERR WT=1, COS=3
LO.4: GPORT=0x37840015 MODE=WERR WT=1, COS=4
LO.5: GPORT=0x37850015 MODE=WERR WT=1, COS=5
LO.6: GPORT=0x37860015 MODE=WERR WT=1, COS=6
LO.7: GPORT=0x37870015 MODE=WERR WT=1, COS=7
LO.8: GPORT=0x37880015 MODE=WERR WT=1, COS=8
LO.9: GPORT=0x37890015 MODE=WERR WT=1, COS=9
LO.10: GPORT=0x378a0015 MODE=WERR WT=1, COS=10
LO.11: GPORT=0x378b0015 MODE=WERR WT=1, COS=11
UC.0: GPORT=0x24054000 MODE=WERR WT=1 PARENT=0
UC.1: GPORT=0x24054001 MODE=WERR WT=1 PARENT=1
UC.2: GPORT=0x24054002 MODE=WERR WT=1 PARENT=2
UC.3: GPORT=0x24054003 MODE=WERR WT=1 PARENT=3
UC.4: GPORT=0x24054004 MODE=WERR WT=1 PARENT=4
UC.5: GPORT=0x24054005 MODE=WERR WT=1 PARENT=5
UC.6: GPORT=0x24054006 MODE=WERR WT=1 PARENT=6
UC.7: GPORT=0x24054007 MODE=WERR WT=1 PARENT=7
MC.0: GPORT=0x30054000 MODE=WERR WT=1 PARENT=8
MC.1: GPORT=0x30054001 MODE=WERR WT=1 PARENT=9
MC.2: GPORT=0x30054002 MODE=WERR WT=1 PARENT=10
MC.3: GPORT=0x30054003 MODE=WERR WT=1 PARENT=11
=========== 
=== PORT 22
LO.0: GPORT=0x37800016 MODE=WERR WT=1, COS=0
LO.1: GPORT=0x37810016 MODE=WERR WT=1, COS=1
LO.2: GPORT=0x37820016 MODE=WERR WT=1, COS=2
LO.3: GPORT=0x37830016 MODE=WERR WT=1, COS=3
LO.4: GPORT=0x37840016 MODE=WERR WT=1, COS=4
LO.5: GPORT=0x37850016 MODE=WERR WT=1, COS=5
LO.6: GPORT=0x37860016 MODE=WERR WT=1, COS=6
LO.7: GPORT=0x37870016 MODE=WERR WT=1, COS=7
LO.8: GPORT=0x37880016 MODE=WERR WT=1, COS=8
LO.9: GPORT=0x37890016 MODE=WERR WT=1, COS=9
LO.10: GPORT=0x378a0016 MODE=WERR WT=1, COS=10
LO.11: GPORT=0x378b0016 MODE=WERR WT=1, COS=11
UC.0: GPORT=0x24058000 MODE=WERR WT=1 PARENT=0
UC.1: GPORT=0x24058001 MODE=WERR WT=1 PARENT=1
UC.2: GPORT=0x24058002 MODE=WERR WT=1 PARENT=2
UC.3: GPORT=0x24058003 MODE=WERR WT=1 PARENT=3
UC.4: GPORT=0x24058004 MODE=WERR WT=1 PARENT=4
UC.5: GPORT=0x24058005 MODE=WERR WT=1 PARENT=5
UC.6: GPORT=0x24058006 MODE=WERR WT=1 PARENT=6
UC.7: GPORT=0x24058007 MODE=WERR WT=1 PARENT=7
MC.0: GPORT=0x30058000 MODE=WERR WT=1 PARENT=8
MC.1: GPORT=0x30058001 MODE=WERR WT=1 PARENT=9
MC.2: GPORT=0x30058002 MODE=WERR WT=1 PARENT=10
MC.3: GPORT=0x30058003 MODE=WERR WT=1 PARENT=11
=========== 
=== PORT 23
LO.0: GPORT=0x37800017 MODE=WERR WT=1, COS=0
LO.1: GPORT=0x37810017 MODE=WERR WT=1, COS=1
LO.2: GPORT=0x37820017 MODE=WERR WT=1, COS=2
LO.3: GPORT=0x37830017 MODE=WERR WT=1, COS=3
LO.4: GPORT=0x37840017 MODE=WERR WT=1, COS=4
LO.5: GPORT=0x37850017 MODE=WERR WT=1, COS=5
LO.6: GPORT=0x37860017 MODE=WERR WT=1, COS=6
LO.7: GPORT=0x37870017 MODE=WERR WT=1, COS=7
LO.8: GPORT=0x37880017 MODE=WERR WT=1, COS=8
LO.9: GPORT=0x37890017 MODE=WERR WT=1, COS=9
LO.10: GPORT=0x378a0017 MODE=WERR WT=1, COS=10
LO.11: GPORT=0x378b0017 MODE=WERR WT=1, COS=11
UC.0: GPORT=0x2405c000 MODE=WERR WT=1 PARENT=0
UC.1: GPORT=0x2405c001 MODE=WERR WT=1 PARENT=1
UC.2: GPORT=0x2405c002 MODE=WERR WT=1 PARENT=2
UC.3: GPORT=0x2405c003 MODE=WERR WT=1 PARENT=3
UC.4: GPORT=0x2405c004 MODE=WERR WT=1 PARENT=4
UC.5: GPORT=0x2405c005 MODE=WERR WT=1 PARENT=5
UC.6: GPORT=0x2405c006 MODE=WERR WT=1 PARENT=6
UC.7: GPORT=0x2405c007 MODE=WERR WT=1 PARENT=7
MC.0: GPORT=0x3005c000 MODE=WERR WT=1 PARENT=8
MC.1: GPORT=0x3005c001 MODE=WERR WT=1 PARENT=9
MC.2: GPORT=0x3005c002 MODE=WERR WT=1 PARENT=10
MC.3: GPORT=0x3005c003 MODE=WERR WT=1 PARENT=11
=========== 
=== PORT 24
LO.0: GPORT=0x37800018 MODE=WERR WT=1, COS=0
LO.1: GPORT=0x37810018 MODE=WERR WT=1, COS=1
LO.2: GPORT=0x37820018 MODE=WERR WT=1, COS=2
LO.3: GPORT=0x37830018 MODE=WERR WT=1, COS=3
LO.4: GPORT=0x37840018 MODE=WERR WT=1, COS=4
LO.5: GPORT=0x37850018 MODE=WERR WT=1, COS=5
LO.6: GPORT=0x37860018 MODE=WERR WT=1, COS=6
LO.7: GPORT=0x37870018 MODE=WERR WT=1, COS=7
LO.8: GPORT=0x37880018 MODE=WERR WT=1, COS=8
LO.9: GPORT=0x37890018 MODE=WERR WT=1, COS=9
LO.10: GPORT=0x378a0018 MODE=WERR WT=1, COS=10
LO.11: GPORT=0x378b0018 MODE=WERR WT=1, COS=11
UC.0: GPORT=0x24060000 MODE=WERR WT=1 PARENT=0
UC.1: GPORT=0x24060001 MODE=WERR WT=1 PARENT=1
UC.2: GPORT=0x24060002 MODE=WERR WT=1 PARENT=2
UC.3: GPORT=0x24060003 MODE=WERR WT=1 PARENT=3
UC.4: GPORT=0x24060004 MODE=WERR WT=1 PARENT=4
UC.5: GPORT=0x24060005 MODE=WERR WT=1 PARENT=5
UC.6: GPORT=0x24060006 MODE=WERR WT=1 PARENT=6
UC.7: GPORT=0x24060007 MODE=WERR WT=1 PARENT=7
MC.0: GPORT=0x30060000 MODE=WERR WT=1 PARENT=8
MC.1: GPORT=0x30060001 MODE=WERR WT=1 PARENT=9
MC.2: GPORT=0x30060002 MODE=WERR WT=1 PARENT=10
MC.3: GPORT=0x30060003 MODE=WERR WT=1 PARENT=11
=========== 
=== PORT 25
LO.0: GPORT=0x37800019 MODE=WERR WT=1, COS=0
LO.1: GPORT=0x37810019 MODE=WERR WT=1, COS=1
LO.2: GPORT=0x37820019 MODE=WERR WT=1, COS=2
LO.3: GPORT=0x37830019 MODE=WERR WT=1, COS=3
LO.4: GPORT=0x37840019 MODE=WERR WT=1, COS=4
LO.5: GPORT=0x37850019 MODE=WERR WT=1, COS=5
LO.6: GPORT=0x37860019 MODE=WERR WT=1, COS=6
LO.7: GPORT=0x37870019 MODE=WERR WT=1, COS=7
LO.8: GPORT=0x37880019 MODE=WERR WT=1, COS=8
LO.9: GPORT=0x37890019 MODE=WERR WT=1, COS=9
LO.10: GPORT=0x378a0019 MODE=WERR WT=1, COS=10
LO.11: GPORT=0x378b0019 MODE=WERR WT=1, COS=11
UC.0: GPORT=0x24064000 MODE=WERR WT=1 PARENT=0
UC.1: GPORT=0x24064001 MODE=WERR WT=1 PARENT=1
UC.2: GPORT=0x24064002 MODE=WERR WT=1 PARENT=2
UC.3: GPORT=0x24064003 MODE=WERR WT=1 PARENT=3
UC.4: GPORT=0x24064004 MODE=WERR WT=1 PARENT=4
UC.5: GPORT=0x24064005 MODE=WERR WT=1 PARENT=5
UC.6: GPORT=0x24064006 MODE=WERR WT=1 PARENT=6
UC.7: GPORT=0x24064007 MODE=WERR WT=1 PARENT=7
MC.0: GPORT=0x30064000 MODE=WERR WT=1 PARENT=8
MC.1: GPORT=0x30064001 MODE=WERR WT=1 PARENT=9
MC.2: GPORT=0x30064002 MODE=WERR WT=1 PARENT=10
MC.3: GPORT=0x30064003 MODE=WERR WT=1 PARENT=11
=========== 
=== PORT 26
LO.0: GPORT=0x3780001a MODE=WERR WT=1, COS=0
LO.1: GPORT=0x3781001a MODE=WERR WT=1, COS=1
LO.2: GPORT=0x3782001a MODE=WERR WT=1, COS=2
LO.3: GPORT=0x3783001a MODE=WERR WT=1, COS=3
LO.4: GPORT=0x3784001a MODE=WERR WT=1, COS=4
LO.5: GPORT=0x3785001a MODE=WERR WT=1, COS=5
LO.6: GPORT=0x3786001a MODE=WERR WT=1, COS=6
LO.7: GPORT=0x3787001a MODE=WERR WT=1, COS=7
LO.8: GPORT=0x3788001a MODE=WERR WT=1, COS=8
LO.9: GPORT=0x3789001a MODE=WERR WT=1, COS=9
LO.10: GPORT=0x378a001a MODE=WERR WT=1, COS=10
LO.11: GPORT=0x378b001a MODE=WERR WT=1, COS=11
UC.0: GPORT=0x24068000 MODE=WERR WT=1 PARENT=0
UC.1: GPORT=0x24068001 MODE=WERR WT=1 PARENT=1
UC.2: GPORT=0x24068002 MODE=WERR WT=1 PARENT=2
UC.3: GPORT=0x24068003 MODE=WERR WT=1 PARENT=3
UC.4: GPORT=0x24068004 MODE=WERR WT=1 PARENT=4
UC.5: GPORT=0x24068005 MODE=WERR WT=1 PARENT=5
UC.6: GPORT=0x24068006 MODE=WERR WT=1 PARENT=6
UC.7: GPORT=0x24068007 MODE=WERR WT=1 PARENT=7
MC.0: GPORT=0x30068000 MODE=WERR WT=1 PARENT=8
MC.1: GPORT=0x30068001 MODE=WERR WT=1 PARENT=9
MC.2: GPORT=0x30068002 MODE=WERR WT=1 PARENT=10
MC.3: GPORT=0x30068003 MODE=WERR WT=1 PARENT=11
=========== 
=== PORT 27
LO.0: GPORT=0x3780001b MODE=WERR WT=1, COS=0
LO.1: GPORT=0x3781001b MODE=WERR WT=1, COS=1
LO.2: GPORT=0x3782001b MODE=WERR WT=1, COS=2
LO.3: GPORT=0x3783001b MODE=WERR WT=1, COS=3
LO.4: GPORT=0x3784001b MODE=WERR WT=1, COS=4
LO.5: GPORT=0x3785001b MODE=WERR WT=1, COS=5
LO.6: GPORT=0x3786001b MODE=WERR WT=1, COS=6
LO.7: GPORT=0x3787001b MODE=WERR WT=1, COS=7
LO.8: GPORT=0x3788001b MODE=WERR WT=1, COS=8
LO.9: GPORT=0x3789001b MODE=WERR WT=1, COS=9
LO.10: GPORT=0x378a001b MODE=WERR WT=1, COS=10
LO.11: GPORT=0x378b001b MODE=WERR WT=1, COS=11
UC.0: GPORT=0x2406c000 MODE=WERR WT=1 PARENT=0
UC.1: GPORT=0x2406c001 MODE=WERR WT=1 PARENT=1
UC.2: GPORT=0x2406c002 MODE=WERR WT=1 PARENT=2
UC.3: GPORT=0x2406c003 MODE=WERR WT=1 PARENT=3
UC.4: GPORT=0x2406c004 MODE=WERR WT=1 PARENT=4
UC.5: GPORT=0x2406c005 MODE=WERR WT=1 PARENT=5
UC.6: GPORT=0x2406c006 MODE=WERR WT=1 PARENT=6
UC.7: GPORT=0x2406c007 MODE=WERR WT=1 PARENT=7
MC.0: GPORT=0x3006c000 MODE=WERR WT=1 PARENT=8
MC.1: GPORT=0x3006c001 MODE=WERR WT=1 PARENT=9
MC.2: GPORT=0x3006c002 MODE=WERR WT=1 PARENT=10
MC.3: GPORT=0x3006c003 MODE=WERR WT=1 PARENT=11
=========== 
=== PORT 28
LO.0: GPORT=0x3780001c MODE=WERR WT=1, COS=0
LO.1: GPORT=0x3781001c MODE=WERR WT=1, COS=1
LO.2: GPORT=0x3782001c MODE=WERR WT=1, COS=2
LO.3: GPORT=0x3783001c MODE=WERR WT=1, COS=3
LO.4: GPORT=0x3784001c MODE=WERR WT=1, COS=4
LO.5: GPORT=0x3785001c MODE=WERR WT=1, COS=5
LO.6: GPORT=0x3786001c MODE=WERR WT=1, COS=6
LO.7: GPORT=0x3787001c MODE=WERR WT=1, COS=7
LO.8: GPORT=0x3788001c MODE=WERR WT=1, COS=8
LO.9: GPORT=0x3789001c MODE=WERR WT=1, COS=9
LO.10: GPORT=0x378a001c MODE=WERR WT=1, COS=10
LO.11: GPORT=0x378b001c MODE=WERR WT=1, COS=11
UC.0: GPORT=0x24070000 MODE=WERR WT=1 PARENT=0
UC.1: GPORT=0x24070001 MODE=WERR WT=1 PARENT=1
UC.2: GPORT=0x24070002 MODE=WERR WT=1 PARENT=2
UC.3: GPORT=0x24070003 MODE=WERR WT=1 PARENT=3
UC.4: GPORT=0x24070004 MODE=WERR WT=1 PARENT=4
UC.5: GPORT=0x24070005 MODE=WERR WT=1 PARENT=5
UC.6: GPORT=0x24070006 MODE=WERR WT=1 PARENT=6
UC.7: GPORT=0x24070007 MODE=WERR WT=1 PARENT=7
MC.0: GPORT=0x30070000 MODE=WERR WT=1 PARENT=8
MC.1: GPORT=0x30070001 MODE=WERR WT=1 PARENT=9
MC.2: GPORT=0x30070002 MODE=WERR WT=1 PARENT=10
MC.3: GPORT=0x30070003 MODE=WERR WT=1 PARENT=11
=========== 
=== PORT 29
LO.0: GPORT=0x3780001d MODE=WERR WT=1, COS=0
LO.1: GPORT=0x3781001d MODE=WERR WT=1, COS=1
LO.2: GPORT=0x3782001d MODE=WERR WT=1, COS=2
LO.3: GPORT=0x3783001d MODE=WERR WT=1, COS=3
LO.4: GPORT=0x3784001d MODE=WERR WT=1, COS=4
LO.5: GPORT=0x3785001d MODE=WERR WT=1, COS=5
LO.6: GPORT=0x3786001d MODE=WERR WT=1, COS=6
LO.7: GPORT=0x3787001d MODE=WERR WT=1, COS=7
LO.8: GPORT=0x3788001d MODE=WERR WT=1, COS=8
LO.9: GPORT=0x3789001d MODE=WERR WT=1, COS=9
LO.10: GPORT=0x378a001d MODE=WERR WT=1, COS=10
LO.11: GPORT=0x378b001d MODE=WERR WT=1, COS=11
UC.0: GPORT=0x24074000 MODE=WERR WT=1 PARENT=0
UC.1: GPORT=0x24074001 MODE=WERR WT=1 PARENT=1
UC.2: GPORT=0x24074002 MODE=WERR WT=1 PARENT=2
UC.3: GPORT=0x24074003 MODE=WERR WT=1 PARENT=3
UC.4: GPORT=0x24074004 MODE=WERR WT=1 PARENT=4
UC.5: GPORT=0x24074005 MODE=WERR WT=1 PARENT=5
UC.6: GPORT=0x24074006 MODE=WERR WT=1 PARENT=6
UC.7: GPORT=0x24074007 MODE=WERR WT=1 PARENT=7
MC.0: GPORT=0x30074000 MODE=WERR WT=1 PARENT=8
MC.1: GPORT=0x30074001 MODE=WERR WT=1 PARENT=9
MC.2: GPORT=0x30074002 MODE=WERR WT=1 PARENT=10
MC.3: GPORT=0x30074003 MODE=WERR WT=1 PARENT=11
=========== 
=== PORT 30
LO.0: GPORT=0x3780001e MODE=WERR WT=1, COS=0
LO.1: GPORT=0x3781001e MODE=WERR WT=1, COS=1
LO.2: GPORT=0x3782001e MODE=WERR WT=1, COS=2
LO.3: GPORT=0x3783001e MODE=WERR WT=1, COS=3
LO.4: GPORT=0x3784001e MODE=WERR WT=1, COS=4
LO.5: GPORT=0x3785001e MODE=WERR WT=1, COS=5
LO.6: GPORT=0x3786001e MODE=WERR WT=1, COS=6
LO.7: GPORT=0x3787001e MODE=WERR WT=1, COS=7
LO.8: GPORT=0x3788001e MODE=WERR WT=1, COS=8
LO.9: GPORT=0x3789001e MODE=WERR WT=1, COS=9
LO.10: GPORT=0x378a001e MODE=WERR WT=1, COS=10
LO.11: GPORT=0x378b001e MODE=WERR WT=1, COS=11
UC.0: GPORT=0x24078000 MODE=WERR WT=1 PARENT=0
UC.1: GPORT=0x24078001 MODE=WERR WT=1 PARENT=1
UC.2: GPORT=0x24078002 MODE=WERR WT=1 PARENT=2
UC.3: GPORT=0x24078003 MODE=WERR WT=1 PARENT=3
UC.4: GPORT=0x24078004 MODE=WERR WT=1 PARENT=4
UC.5: GPORT=0x24078005 MODE=WERR WT=1 PARENT=5
UC.6: GPORT=0x24078006 MODE=WERR WT=1 PARENT=6
UC.7: GPORT=0x24078007 MODE=WERR WT=1 PARENT=7
MC.0: GPORT=0x30078000 MODE=WERR WT=1 PARENT=8
MC.1: GPORT=0x30078001 MODE=WERR WT=1 PARENT=9
MC.2: GPORT=0x30078002 MODE=WERR WT=1 PARENT=10
MC.3: GPORT=0x30078003 MODE=WERR WT=1 PARENT=11
=========== 
=== PORT 31
LO.0: GPORT=0x3780001f MODE=WERR WT=1, COS=0
LO.1: GPORT=0x3781001f MODE=WERR WT=1, COS=1
LO.2: GPORT=0x3782001f MODE=WERR WT=1, COS=2
LO.3: GPORT=0x3783001f MODE=WERR WT=1, COS=3
LO.4: GPORT=0x3784001f MODE=WERR WT=1, COS=4
LO.5: GPORT=0x3785001f MODE=WERR WT=1, COS=5
LO.6: GPORT=0x3786001f MODE=WERR WT=1, COS=6
LO.7: GPORT=0x3787001f MODE=WERR WT=1, COS=7
LO.8: GPORT=0x3788001f MODE=WERR WT=1, COS=8
LO.9: GPORT=0x3789001f MODE=WERR WT=1, COS=9
LO.10: GPORT=0x378a001f MODE=WERR WT=1, COS=10
LO.11: GPORT=0x378b001f MODE=WERR WT=1, COS=11
UC.0: GPORT=0x2407c000 MODE=WERR WT=1 PARENT=0
UC.1: GPORT=0x2407c001 MODE=WERR WT=1 PARENT=1
UC.2: GPORT=0x2407c002 MODE=WERR WT=1 PARENT=2
UC.3: GPORT=0x2407c003 MODE=WERR WT=1 PARENT=3
UC.4: GPORT=0x2407c004 MODE=WERR WT=1 PARENT=4
UC.5: GPORT=0x2407c005 MODE=WERR WT=1 PARENT=5
UC.6: GPORT=0x2407c006 MODE=WERR WT=1 PARENT=6
UC.7: GPORT=0x2407c007 MODE=WERR WT=1 PARENT=7
MC.0: GPORT=0x3007c000 MODE=WERR WT=1 PARENT=8
MC.1: GPORT=0x3007c001 MODE=WERR WT=1 PARENT=9
MC.2: GPORT=0x3007c002 MODE=WERR WT=1 PARENT=10
MC.3: GPORT=0x3007c003 MODE=WERR WT=1 PARENT=11
=========== 
=== PORT 32
LO.0: GPORT=0x37800020 MODE=WERR WT=1, COS=0
LO.1: GPORT=0x37810020 MODE=WERR WT=1, COS=1
LO.2: GPORT=0x37820020 MODE=WERR WT=1, COS=2
LO.3: GPORT=0x37830020 MODE=WERR WT=1, COS=3
LO.4: GPORT=0x37840020 MODE=WERR WT=1, COS=4
LO.5: GPORT=0x37850020 MODE=WERR WT=1, COS=5
LO.6: GPORT=0x37860020 MODE=WERR WT=1, COS=6
LO.7: GPORT=0x37870020 MODE=WERR WT=1, COS=7
LO.8: GPORT=0x37880020 MODE=WERR WT=1, COS=8
LO.9: GPORT=0x37890020 MODE=WERR WT=1, COS=9
LO.10: GPORT=0x378a0020 MODE=WERR WT=1, COS=10
LO.11: GPORT=0x378b0020 MODE=WERR WT=1, COS=11
UC.0: GPORT=0x24080000 MODE=WERR WT=1 PARENT=0
UC.1: GPORT=0x24080001 MODE=WERR WT=1 PARENT=1
UC.2: GPORT=0x24080002 MODE=WERR WT=1 PARENT=2
UC.3: GPORT=0x24080003 MODE=WERR WT=1 PARENT=3
UC.4: GPORT=0x24080004 MODE=WERR WT=1 PARENT=4
UC.5: GPORT=0x24080005 MODE=WERR WT=1 PARENT=5
UC.6: GPORT=0x24080006 MODE=WERR WT=1 PARENT=6
UC.7: GPORT=0x24080007 MODE=WERR WT=1 PARENT=7
MC.0: GPORT=0x30080000 MODE=WERR WT=1 PARENT=8
MC.1: GPORT=0x30080001 MODE=WERR WT=1 PARENT=9
MC.2: GPORT=0x30080002 MODE=WERR WT=1 PARENT=10
MC.3: GPORT=0x30080003 MODE=WERR WT=1 PARENT=11
=========== 
=== PORT 40
LO.0: GPORT=0x37800028 MODE=WERR WT=1, COS=0
LO.1: GPORT=0x37810028 MODE=WERR WT=1, COS=1
LO.2: GPORT=0x37820028 MODE=WERR WT=1, COS=2
LO.3: GPORT=0x37830028 MODE=WERR WT=1, COS=3
LO.4: GPORT=0x37840028 MODE=WERR WT=1, COS=4
LO.5: GPORT=0x37850028 MODE=WERR WT=1, COS=5
LO.6: GPORT=0x37860028 MODE=WERR WT=1, COS=6
LO.7: GPORT=0x37870028 MODE=WERR WT=1, COS=7
LO.8: GPORT=0x37880028 MODE=WERR WT=1, COS=8
LO.9: GPORT=0x37890028 MODE=WERR WT=1, COS=9
LO.10: GPORT=0x378a0028 MODE=WERR WT=1, COS=10
LO.11: GPORT=0x378b0028 MODE=WERR WT=1, COS=11
UC.0: GPORT=0x240a0000 MODE=WERR WT=1 PARENT=0
UC.1: GPORT=0x240a0001 MODE=WERR WT=1 PARENT=1
UC.2: GPORT=0x240a0002 MODE=WERR WT=1 PARENT=2
UC.3: GPORT=0x240a0003 MODE=WERR WT=1 PARENT=3
UC.4: GPORT=0x240a0004 MODE=WERR WT=1 PARENT=4
UC.5: GPORT=0x240a0005 MODE=WERR WT=1 PARENT=5
UC.6: GPORT=0x240a0006 MODE=WERR WT=1 PARENT=6
UC.7: GPORT=0x240a0007 MODE=WERR WT=1 PARENT=7
MC.0: GPORT=0x300a0000 MODE=WERR WT=1 PARENT=8
MC.1: GPORT=0x300a0001 MODE=WERR WT=1 PARENT=9
MC.2: GPORT=0x300a0002 MODE=WERR WT=1 PARENT=10
MC.3: GPORT=0x300a0003 MODE=WERR WT=1 PARENT=11
=========== 
=== PORT 41
LO.0: GPORT=0x37800029 MODE=WERR WT=1, COS=0
LO.1: GPORT=0x37810029 MODE=WERR WT=1, COS=1
LO.2: GPORT=0x37820029 MODE=WERR WT=1, COS=2
LO.3: GPORT=0x37830029 MODE=WERR WT=1, COS=3
LO.4: GPORT=0x37840029 MODE=WERR WT=1, COS=4
LO.5: GPORT=0x37850029 MODE=WERR WT=1, COS=5
LO.6: GPORT=0x37860029 MODE=WERR WT=1, COS=6
LO.7: GPORT=0x37870029 MODE=WERR WT=1, COS=7
LO.8: GPORT=0x37880029 MODE=WERR WT=1, COS=8
LO.9: GPORT=0x37890029 MODE=WERR WT=1, COS=9
LO.10: GPORT=0x378a0029 MODE=WERR WT=1, COS=10
LO.11: GPORT=0x378b0029 MODE=WERR WT=1, COS=11
UC.0: GPORT=0x240a4000 MODE=WERR WT=1 PARENT=0
UC.1: GPORT=0x240a4001 MODE=WERR WT=1 PARENT=1
UC.2: GPORT=0x240a4002 MODE=WERR WT=1 PARENT=2
UC.3: GPORT=0x240a4003 MODE=WERR WT=1 PARENT=3
UC.4: GPORT=0x240a4004 MODE=WERR WT=1 PARENT=4
UC.5: GPORT=0x240a4005 MODE=WERR WT=1 PARENT=5
UC.6: GPORT=0x240a4006 MODE=WERR WT=1 PARENT=6
UC.7: GPORT=0x240a4007 MODE=WERR WT=1 PARENT=7
MC.0: GPORT=0x300a4000 MODE=WERR WT=1 PARENT=8
MC.1: GPORT=0x300a4001 MODE=WERR WT=1 PARENT=9
MC.2: GPORT=0x300a4002 MODE=WERR WT=1 PARENT=10
MC.3: GPORT=0x300a4003 MODE=WERR WT=1 PARENT=11
=========== 
=== PORT 42
LO.0: GPORT=0x3780002a MODE=WERR WT=1, COS=0
LO.1: GPORT=0x3781002a MODE=WERR WT=1, COS=1
LO.2: GPORT=0x3782002a MODE=WERR WT=1, COS=2
LO.3: GPORT=0x3783002a MODE=WERR WT=1, COS=3
LO.4: GPORT=0x3784002a MODE=WERR WT=1, COS=4
LO.5: GPORT=0x3785002a MODE=WERR WT=1, COS=5
LO.6: GPORT=0x3786002a MODE=WERR WT=1, COS=6
LO.7: GPORT=0x3787002a MODE=WERR WT=1, COS=7
LO.8: GPORT=0x3788002a MODE=WERR WT=1, COS=8
LO.9: GPORT=0x3789002a MODE=WERR WT=1, COS=9
LO.10: GPORT=0x378a002a MODE=WERR WT=1, COS=10
LO.11: GPORT=0x378b002a MODE=WERR WT=1, COS=11
UC.0: GPORT=0x240a8000 MODE=WERR WT=1 PARENT=0
UC.1: GPORT=0x240a8001 MODE=WERR WT=1 PARENT=1
UC.2: GPORT=0x240a8002 MODE=WERR WT=1 PARENT=2
UC.3: GPORT=0x240a8003 MODE=WERR WT=1 PARENT=3
UC.4: GPORT=0x240a8004 MODE=WERR WT=1 PARENT=4
UC.5: GPORT=0x240a8005 MODE=WERR WT=1 PARENT=5
UC.6: GPORT=0x240a8006 MODE=WERR WT=1 PARENT=6
UC.7: GPORT=0x240a8007 MODE=WERR WT=1 PARENT=7
MC.0: GPORT=0x300a8000 MODE=WERR WT=1 PARENT=8
MC.1: GPORT=0x300a8001 MODE=WERR WT=1 PARENT=9
MC.2: GPORT=0x300a8002 MODE=WERR WT=1 PARENT=10
MC.3: GPORT=0x300a8003 MODE=WERR WT=1 PARENT=11
=========== 
=== PORT 43
LO.0: GPORT=0x3780002b MODE=WERR WT=1, COS=0
LO.1: GPORT=0x3781002b MODE=WERR WT=1, COS=1
LO.2: GPORT=0x3782002b MODE=WERR WT=1, COS=2
LO.3: GPORT=0x3783002b MODE=WERR WT=1, COS=3
LO.4: GPORT=0x3784002b MODE=WERR WT=1, COS=4
LO.5: GPORT=0x3785002b MODE=WERR WT=1, COS=5
LO.6: GPORT=0x3786002b MODE=WERR WT=1, COS=6
LO.7: GPORT=0x3787002b MODE=WERR WT=1, COS=7
LO.8: GPORT=0x3788002b MODE=WERR WT=1, COS=8
LO.9: GPORT=0x3789002b MODE=WERR WT=1, COS=9
LO.10: GPORT=0x378a002b MODE=WERR WT=1, COS=10
LO.11: GPORT=0x378b002b MODE=WERR WT=1, COS=11
UC.0: GPORT=0x240ac000 MODE=WERR WT=1 PARENT=0
UC.1: GPORT=0x240ac001 MODE=WERR WT=1 PARENT=1
UC.2: GPORT=0x240ac002 MODE=WERR WT=1 PARENT=2
UC.3: GPORT=0x240ac003 MODE=WERR WT=1 PARENT=3
UC.4: GPORT=0x240ac004 MODE=WERR WT=1 PARENT=4
UC.5: GPORT=0x240ac005 MODE=WERR WT=1 PARENT=5
UC.6: GPORT=0x240ac006 MODE=WERR WT=1 PARENT=6
UC.7: GPORT=0x240ac007 MODE=WERR WT=1 PARENT=7
MC.0: GPORT=0x300ac000 MODE=WERR WT=1 PARENT=8
MC.1: GPORT=0x300ac001 MODE=WERR WT=1 PARENT=9
MC.2: GPORT=0x300ac002 MODE=WERR WT=1 PARENT=10
MC.3: GPORT=0x300ac003 MODE=WERR WT=1 PARENT=11
=========== 
=== PORT 44
LO.0: GPORT=0x3780002c MODE=WERR WT=1, COS=0
LO.1: GPORT=0x3781002c MODE=WERR WT=1, COS=1
LO.2: GPORT=0x3782002c MODE=WERR WT=1, COS=2
LO.3: GPORT=0x3783002c MODE=WERR WT=1, COS=3
LO.4: GPORT=0x3784002c MODE=WERR WT=1, COS=4
LO.5: GPORT=0x3785002c MODE=WERR WT=1, COS=5
LO.6: GPORT=0x3786002c MODE=WERR WT=1, COS=6
LO.7: GPORT=0x3787002c MODE=WERR WT=1, COS=7
LO.8: GPORT=0x3788002c MODE=WERR WT=1, COS=8
LO.9: GPORT=0x3789002c MODE=WERR WT=1, COS=9
LO.10: GPORT=0x378a002c MODE=WERR WT=1, COS=10
LO.11: GPORT=0x378b002c MODE=WERR WT=1, COS=11
UC.0: GPORT=0x240b0000 MODE=WERR WT=1 PARENT=0
UC.1: GPORT=0x240b0001 MODE=WERR WT=1 PARENT=1
UC.2: GPORT=0x240b0002 MODE=WERR WT=1 PARENT=2
UC.3: GPORT=0x240b0003 MODE=WERR WT=1 PARENT=3
UC.4: GPORT=0x240b0004 MODE=WERR WT=1 PARENT=4
UC.5: GPORT=0x240b0005 MODE=WERR WT=1 PARENT=5
UC.6: GPORT=0x240b0006 MODE=WERR WT=1 PARENT=6
UC.7: GPORT=0x240b0007 MODE=WERR WT=1 PARENT=7
MC.0: GPORT=0x300b0000 MODE=WERR WT=1 PARENT=8
MC.1: GPORT=0x300b0001 MODE=WERR WT=1 PARENT=9
MC.2: GPORT=0x300b0002 MODE=WERR WT=1 PARENT=10
MC.3: GPORT=0x300b0003 MODE=WERR WT=1 PARENT=11
=========== 
=== PORT 45
LO.0: GPORT=0x3780002d MODE=WERR WT=1, COS=0
LO.1: GPORT=0x3781002d MODE=WERR WT=1, COS=1
LO.2: GPORT=0x3782002d MODE=WERR WT=1, COS=2
LO.3: GPORT=0x3783002d MODE=WERR WT=1, COS=3
LO.4: GPORT=0x3784002d MODE=WERR WT=1, COS=4
LO.5: GPORT=0x3785002d MODE=WERR WT=1, COS=5
LO.6: GPORT=0x3786002d MODE=WERR WT=1, COS=6
LO.7: GPORT=0x3787002d MODE=WERR WT=1, COS=7
LO.8: GPORT=0x3788002d MODE=WERR WT=1, COS=8
LO.9: GPORT=0x3789002d MODE=WERR WT=1, COS=9
LO.10: GPORT=0x378a002d MODE=WERR WT=1, COS=10
LO.11: GPORT=0x378b002d MODE=WERR WT=1, COS=11
UC.0: GPORT=0x240b4000 MODE=WERR WT=1 PARENT=0
UC.1: GPORT=0x240b4001 MODE=WERR WT=1 PARENT=1
UC.2: GPORT=0x240b4002 MODE=WERR WT=1 PARENT=2
UC.3: GPORT=0x240b4003 MODE=WERR WT=1 PARENT=3
UC.4: GPORT=0x240b4004 MODE=WERR WT=1 PARENT=4
UC.5: GPORT=0x240b4005 MODE=WERR WT=1 PARENT=5
UC.6: GPORT=0x240b4006 MODE=WERR WT=1 PARENT=6
UC.7: GPORT=0x240b4007 MODE=WERR WT=1 PARENT=7
MC.0: GPORT=0x300b4000 MODE=WERR WT=1 PARENT=8
MC.1: GPORT=0x300b4001 MODE=WERR WT=1 PARENT=9
MC.2: GPORT=0x300b4002 MODE=WERR WT=1 PARENT=10
MC.3: GPORT=0x300b4003 MODE=WERR WT=1 PARENT=11
=========== 
=== PORT 46
LO.0: GPORT=0x3780002e MODE=WERR WT=1, COS=0
LO.1: GPORT=0x3781002e MODE=WERR WT=1, COS=1
LO.2: GPORT=0x3782002e MODE=WERR WT=1, COS=2
LO.3: GPORT=0x3783002e MODE=WERR WT=1, COS=3
LO.4: GPORT=0x3784002e MODE=WERR WT=1, COS=4
LO.5: GPORT=0x3785002e MODE=WERR WT=1, COS=5
LO.6: GPORT=0x3786002e MODE=WERR WT=1, COS=6
LO.7: GPORT=0x3787002e MODE=WERR WT=1, COS=7
LO.8: GPORT=0x3788002e MODE=WERR WT=1, COS=8
LO.9: GPORT=0x3789002e MODE=WERR WT=1, COS=9
LO.10: GPORT=0x378a002e MODE=WERR WT=1, COS=10
LO.11: GPORT=0x378b002e MODE=WERR WT=1, COS=11
UC.0: GPORT=0x240b8000 MODE=WERR WT=1 PARENT=0
UC.1: GPORT=0x240b8001 MODE=WERR WT=1 PARENT=1
UC.2: GPORT=0x240b8002 MODE=WERR WT=1 PARENT=2
UC.3: GPORT=0x240b8003 MODE=WERR WT=1 PARENT=3
UC.4: GPORT=0x240b8004 MODE=WERR WT=1 PARENT=4
UC.5: GPORT=0x240b8005 MODE=WERR WT=1 PARENT=5
UC.6: GPORT=0x240b8006 MODE=WERR WT=1 PARENT=6
UC.7: GPORT=0x240b8007 MODE=WERR WT=1 PARENT=7
MC.0: GPORT=0x300b8000 MODE=WERR WT=1 PARENT=8
MC.1: GPORT=0x300b8001 MODE=WERR WT=1 PARENT=9
MC.2: GPORT=0x300b8002 MODE=WERR WT=1 PARENT=10
MC.3: GPORT=0x300b8003 MODE=WERR WT=1 PARENT=11
=========== 
=== PORT 47
LO.0: GPORT=0x3780002f MODE=WERR WT=1, COS=0
LO.1: GPORT=0x3781002f MODE=WERR WT=1, COS=1
LO.2: GPORT=0x3782002f MODE=WERR WT=1, COS=2
LO.3: GPORT=0x3783002f MODE=WERR WT=1, COS=3
LO.4: GPORT=0x3784002f MODE=WERR WT=1, COS=4
LO.5: GPORT=0x3785002f MODE=WERR WT=1, COS=5
LO.6: GPORT=0x3786002f MODE=WERR WT=1, COS=6
LO.7: GPORT=0x3787002f MODE=WERR WT=1, COS=7
LO.8: GPORT=0x3788002f MODE=WERR WT=1, COS=8
LO.9: GPORT=0x3789002f MODE=WERR WT=1, COS=9
LO.10: GPORT=0x378a002f MODE=WERR WT=1, COS=10
LO.11: GPORT=0x378b002f MODE=WERR WT=1, COS=11
UC.0: GPORT=0x240bc000 MODE=WERR WT=1 PARENT=0
UC.1: GPORT=0x240bc001 MODE=WERR WT=1 PARENT=1
UC.2: GPORT=0x240bc002 MODE=WERR WT=1 PARENT=2
UC.3: GPORT=0x240bc003 MODE=WERR WT=1 PARENT=3
UC.4: GPORT=0x240bc004 MODE=WERR WT=1 PARENT=4
UC.5: GPORT=0x240bc005 MODE=WERR WT=1 PARENT=5
UC.6: GPORT=0x240bc006 MODE=WERR WT=1 PARENT=6
UC.7: GPORT=0x240bc007 MODE=WERR WT=1 PARENT=7
MC.0: GPORT=0x300bc000 MODE=WERR WT=1 PARENT=8
MC.1: GPORT=0x300bc001 MODE=WERR WT=1 PARENT=9
MC.2: GPORT=0x300bc002 MODE=WERR WT=1 PARENT=10
MC.3: GPORT=0x300bc003 MODE=WERR WT=1 PARENT=11
=========== 
=== PORT 48
LO.0: GPORT=0x37800030 MODE=WERR WT=1, COS=0
LO.1: GPORT=0x37810030 MODE=WERR WT=1, COS=1
LO.2: GPORT=0x37820030 MODE=WERR WT=1, COS=2
LO.3: GPORT=0x37830030 MODE=WERR WT=1, COS=3
LO.4: GPORT=0x37840030 MODE=WERR WT=1, COS=4
LO.5: GPORT=0x37850030 MODE=WERR WT=1, COS=5
LO.6: GPORT=0x37860030 MODE=WERR WT=1, COS=6
LO.7: GPORT=0x37870030 MODE=WERR WT=1, COS=7
LO.8: GPORT=0x37880030 MODE=WERR WT=1, COS=8
LO.9: GPORT=0x37890030 MODE=WERR WT=1, COS=9
LO.10: GPORT=0x378a0030 MODE=WERR WT=1, COS=10
LO.11: GPORT=0x378b0030 MODE=WERR WT=1, COS=11
UC.0: GPORT=0x240c0000 MODE=WERR WT=1 PARENT=0
UC.1: GPORT=0x240c0001 MODE=WERR WT=1 PARENT=1
UC.2: GPORT=0x240c0002 MODE=WERR WT=1 PARENT=2
UC.3: GPORT=0x240c0003 MODE=WERR WT=1 PARENT=3
UC.4: GPORT=0x240c0004 MODE=WERR WT=1 PARENT=4
UC.5: GPORT=0x240c0005 MODE=WERR WT=1 PARENT=5
UC.6: GPORT=0x240c0006 MODE=WERR WT=1 PARENT=6
UC.7: GPORT=0x240c0007 MODE=WERR WT=1 PARENT=7
MC.0: GPORT=0x300c0000 MODE=WERR WT=1 PARENT=8
MC.1: GPORT=0x300c0001 MODE=WERR WT=1 PARENT=9
MC.2: GPORT=0x300c0002 MODE=WERR WT=1 PARENT=10
MC.3: GPORT=0x300c0003 MODE=WERR WT=1 PARENT=11
=========== 
=== PORT 49
LO.0: GPORT=0x37800031 MODE=WERR WT=1, COS=0
LO.1: GPORT=0x37810031 MODE=WERR WT=1, COS=1
LO.2: GPORT=0x37820031 MODE=WERR WT=1, COS=2
LO.3: GPORT=0x37830031 MODE=WERR WT=1, COS=3
LO.4: GPORT=0x37840031 MODE=WERR WT=1, COS=4
LO.5: GPORT=0x37850031 MODE=WERR WT=1, COS=5
LO.6: GPORT=0x37860031 MODE=WERR WT=1, COS=6
LO.7: GPORT=0x37870031 MODE=WERR WT=1, COS=7
LO.8: GPORT=0x37880031 MODE=WERR WT=1, COS=8
LO.9: GPORT=0x37890031 MODE=WERR WT=1, COS=9
LO.10: GPORT=0x378a0031 MODE=WERR WT=1, COS=10
LO.11: GPORT=0x378b0031 MODE=WERR WT=1, COS=11
UC.0: GPORT=0x240c4000 MODE=WERR WT=1 PARENT=0
UC.1: GPORT=0x240c4001 MODE=WERR WT=1 PARENT=1
UC.2: GPORT=0x240c4002 MODE=WERR WT=1 PARENT=2
UC.3: GPORT=0x240c4003 MODE=WERR WT=1 PARENT=3
UC.4: GPORT=0x240c4004 MODE=WERR WT=1 PARENT=4
UC.5: GPORT=0x240c4005 MODE=WERR WT=1 PARENT=5
UC.6: GPORT=0x240c4006 MODE=WERR WT=1 PARENT=6
UC.7: GPORT=0x240c4007 MODE=WERR WT=1 PARENT=7
MC.0: GPORT=0x300c4000 MODE=WERR WT=1 PARENT=8
MC.1: GPORT=0x300c4001 MODE=WERR WT=1 PARENT=9
MC.2: GPORT=0x300c4002 MODE=WERR WT=1 PARENT=10
MC.3: GPORT=0x300c4003 MODE=WERR WT=1 PARENT=11
=========== 
=== PORT 60
LO.0: GPORT=0x3780003c MODE=WERR WT=1, COS=0
LO.1: GPORT=0x3781003c MODE=WERR WT=1, COS=1
LO.2: GPORT=0x3782003c MODE=WERR WT=1, COS=2
LO.3: GPORT=0x3783003c MODE=WERR WT=1, COS=3
LO.4: GPORT=0x3784003c MODE=WERR WT=1, COS=4
LO.5: GPORT=0x3785003c MODE=WERR WT=1, COS=5
LO.6: GPORT=0x3786003c MODE=WERR WT=1, COS=6
LO.7: GPORT=0x3787003c MODE=WERR WT=1, COS=7
LO.8: GPORT=0x3788003c MODE=WERR WT=1, COS=8
LO.9: GPORT=0x3789003c MODE=WERR WT=1, COS=9
LO.10: GPORT=0x378a003c MODE=WERR WT=1, COS=10
LO.11: GPORT=0x378b003c MODE=WERR WT=1, COS=11
UC.0: GPORT=0x240f0000 MODE=WERR WT=1 PARENT=0
UC.1: GPORT=0x240f0001 MODE=WERR WT=1 PARENT=1
UC.2: GPORT=0x240f0002 MODE=WERR WT=1 PARENT=2
UC.3: GPORT=0x240f0003 MODE=WERR WT=1 PARENT=3
UC.4: GPORT=0x240f0004 MODE=WERR WT=1 PARENT=4
UC.5: GPORT=0x240f0005 MODE=WERR WT=1 PARENT=5
UC.6: GPORT=0x240f0006 MODE=WERR WT=1 PARENT=6
UC.7: GPORT=0x240f0007 MODE=WERR WT=1 PARENT=7
MC.0: GPORT=0x300f0000 MODE=WERR WT=1 PARENT=8
MC.1: GPORT=0x300f0001 MODE=WERR WT=1 PARENT=9
MC.2: GPORT=0x300f0002 MODE=WERR WT=1 PARENT=10
MC.3: GPORT=0x300f0003 MODE=WERR WT=1 PARENT=11
=========== 
=== PORT 61
LO.0: GPORT=0x3780003d MODE=WERR WT=1, COS=0
LO.1: GPORT=0x3781003d MODE=WERR WT=1, COS=1
LO.2: GPORT=0x3782003d MODE=WERR WT=1, COS=2
LO.3: GPORT=0x3783003d MODE=WERR WT=1, COS=3
LO.4: GPORT=0x3784003d MODE=WERR WT=1, COS=4
LO.5: GPORT=0x3785003d MODE=WERR WT=1, COS=5
LO.6: GPORT=0x3786003d MODE=WERR WT=1, COS=6
LO.7: GPORT=0x3787003d MODE=WERR WT=1, COS=7
LO.8: GPORT=0x3788003d MODE=WERR WT=1, COS=8
LO.9: GPORT=0x3789003d MODE=WERR WT=1, COS=9
LO.10: GPORT=0x378a003d MODE=WERR WT=1, COS=10
LO.11: GPORT=0x378b003d MODE=WERR WT=1, COS=11
UC.0: GPORT=0x240f4000 MODE=WERR WT=1 PARENT=0
UC.1: GPORT=0x240f4001 MODE=WERR WT=1 PARENT=1
UC.2: GPORT=0x240f4002 MODE=WERR WT=1 PARENT=2
UC.3: GPORT=0x240f4003 MODE=WERR WT=1 PARENT=3
UC.4: GPORT=0x240f4004 MODE=WERR WT=1 PARENT=4
UC.5: GPORT=0x240f4005 MODE=WERR WT=1 PARENT=5
UC.6: GPORT=0x240f4006 MODE=WERR WT=1 PARENT=6
UC.7: GPORT=0x240f4007 MODE=WERR WT=1 PARENT=7
MC.0: GPORT=0x300f4000 MODE=WERR WT=1 PARENT=8
MC.1: GPORT=0x300f4001 MODE=WERR WT=1 PARENT=9
MC.2: GPORT=0x300f4002 MODE=WERR WT=1 PARENT=10
MC.3: GPORT=0x300f4003 MODE=WERR WT=1 PARENT=11
=========== 
=== PORT 62
LO.0: GPORT=0x3780003e MODE=WERR WT=1, COS=0
LO.1: GPORT=0x3781003e MODE=WERR WT=1, COS=1
LO.2: GPORT=0x3782003e MODE=WERR WT=1, COS=2
LO.3: GPORT=0x3783003e MODE=WERR WT=1, COS=3
LO.4: GPORT=0x3784003e MODE=WERR WT=1, COS=4
LO.5: GPORT=0x3785003e MODE=WERR WT=1, COS=5
LO.6: GPORT=0x3786003e MODE=WERR WT=1, COS=6
LO.7: GPORT=0x3787003e MODE=WERR WT=1, COS=7
LO.8: GPORT=0x3788003e MODE=WERR WT=1, COS=8
LO.9: GPORT=0x3789003e MODE=WERR WT=1, COS=9
LO.10: GPORT=0x378a003e MODE=WERR WT=1, COS=10
LO.11: GPORT=0x378b003e MODE=WERR WT=1, COS=11
UC.0: GPORT=0x240f8000 MODE=WERR WT=1 PARENT=0
UC.1: GPORT=0x240f8001 MODE=WERR WT=1 PARENT=1
UC.2: GPORT=0x240f8002 MODE=WERR WT=1 PARENT=2
UC.3: GPORT=0x240f8003 MODE=WERR WT=1 PARENT=3
UC.4: GPORT=0x240f8004 MODE=WERR WT=1 PARENT=4
UC.5: GPORT=0x240f8005 MODE=WERR WT=1 PARENT=5
UC.6: GPORT=0x240f8006 MODE=WERR WT=1 PARENT=6
UC.7: GPORT=0x240f8007 MODE=WERR WT=1 PARENT=7
MC.0: GPORT=0x300f8000 MODE=WERR WT=1 PARENT=8
MC.1: GPORT=0x300f8001 MODE=WERR WT=1 PARENT=9
MC.2: GPORT=0x300f8002 MODE=WERR WT=1 PARENT=10
MC.3: GPORT=0x300f8003 MODE=WERR WT=1 PARENT=11
=========== 
=== PORT 63
LO.0: GPORT=0x3780003f MODE=WERR WT=1, COS=0
LO.1: GPORT=0x3781003f MODE=WERR WT=1, COS=1
LO.2: GPORT=0x3782003f MODE=WERR WT=1, COS=2
LO.3: GPORT=0x3783003f MODE=WERR WT=1, COS=3
LO.4: GPORT=0x3784003f MODE=WERR WT=1, COS=4
LO.5: GPORT=0x3785003f MODE=WERR WT=1, COS=5
LO.6: GPORT=0x3786003f MODE=WERR WT=1, COS=6
LO.7: GPORT=0x3787003f MODE=WERR WT=1, COS=7
LO.8: GPORT=0x3788003f MODE=WERR WT=1, COS=8
LO.9: GPORT=0x3789003f MODE=WERR WT=1, COS=9
LO.10: GPORT=0x378a003f MODE=WERR WT=1, COS=10
LO.11: GPORT=0x378b003f MODE=WERR WT=1, COS=11
UC.0: GPORT=0x240fc000 MODE=WERR WT=1 PARENT=0
UC.1: GPORT=0x240fc001 MODE=WERR WT=1 PARENT=1
UC.2: GPORT=0x240fc002 MODE=WERR WT=1 PARENT=2
UC.3: GPORT=0x240fc003 MODE=WERR WT=1 PARENT=3
UC.4: GPORT=0x240fc004 MODE=WERR WT=1 PARENT=4
UC.5: GPORT=0x240fc005 MODE=WERR WT=1 PARENT=5
UC.6: GPORT=0x240fc006 MODE=WERR WT=1 PARENT=6
UC.7: GPORT=0x240fc007 MODE=WERR WT=1 PARENT=7
MC.0: GPORT=0x300fc000 MODE=WERR WT=1 PARENT=8
MC.1: GPORT=0x300fc001 MODE=WERR WT=1 PARENT=9
MC.2: GPORT=0x300fc002 MODE=WERR WT=1 PARENT=10
MC.3: GPORT=0x300fc003 MODE=WERR WT=1 PARENT=11
=========== 
=== PORT 80
LO.0: GPORT=0x37800050 MODE=WERR WT=1, COS=0
LO.1: GPORT=0x37810050 MODE=WERR WT=1, COS=1
LO.2: GPORT=0x37820050 MODE=WERR WT=1, COS=2
LO.3: GPORT=0x37830050 MODE=WERR WT=1, COS=3
LO.4: GPORT=0x37840050 MODE=WERR WT=1, COS=4
LO.5: GPORT=0x37850050 MODE=WERR WT=1, COS=5
LO.6: GPORT=0x37860050 MODE=WERR WT=1, COS=6
LO.7: GPORT=0x37870050 MODE=WERR WT=1, COS=7
LO.8: GPORT=0x37880050 MODE=WERR WT=1, COS=8
LO.9: GPORT=0x37890050 MODE=WERR WT=1, COS=9
LO.10: GPORT=0x378a0050 MODE=WERR WT=1, COS=10
LO.11: GPORT=0x378b0050 MODE=WERR WT=1, COS=11
UC.0: GPORT=0x24140000 MODE=WERR WT=1 PARENT=0
UC.1: GPORT=0x24140001 MODE=WERR WT=1 PARENT=1
UC.2: GPORT=0x24140002 MODE=WERR WT=1 PARENT=2
UC.3: GPORT=0x24140003 MODE=WERR WT=1 PARENT=3
UC.4: GPORT=0x24140004 MODE=WERR WT=1 PARENT=4
UC.5: GPORT=0x24140005 MODE=WERR WT=1 PARENT=5
UC.6: GPORT=0x24140006 MODE=WERR WT=1 PARENT=6
UC.7: GPORT=0x24140007 MODE=WERR WT=1 PARENT=7
MC.0: GPORT=0x30140000 MODE=WERR WT=1 PARENT=8
MC.1: GPORT=0x30140001 MODE=WERR WT=1 PARENT=9
MC.2: GPORT=0x30140002 MODE=WERR WT=1 PARENT=10
MC.3: GPORT=0x30140003 MODE=WERR WT=1 PARENT=11
=========== 
=== PORT 81
LO.0: GPORT=0x37800051 MODE=WERR WT=1, COS=0
LO.1: GPORT=0x37810051 MODE=WERR WT=1, COS=1
LO.2: GPORT=0x37820051 MODE=WERR WT=1, COS=2
LO.3: GPORT=0x37830051 MODE=WERR WT=1, COS=3
LO.4: GPORT=0x37840051 MODE=WERR WT=1, COS=4
LO.5: GPORT=0x37850051 MODE=WERR WT=1, COS=5
LO.6: GPORT=0x37860051 MODE=WERR WT=1, COS=6
LO.7: GPORT=0x37870051 MODE=WERR WT=1, COS=7
LO.8: GPORT=0x37880051 MODE=WERR WT=1, COS=8
LO.9: GPORT=0x37890051 MODE=WERR WT=1, COS=9
LO.10: GPORT=0x378a0051 MODE=WERR WT=1, COS=10
LO.11: GPORT=0x378b0051 MODE=WERR WT=1, COS=11
UC.0: GPORT=0x24144000 MODE=WERR WT=1 PARENT=0
UC.1: GPORT=0x24144001 MODE=WERR WT=1 PARENT=1
UC.2: GPORT=0x24144002 MODE=WERR WT=1 PARENT=2
UC.3: GPORT=0x24144003 MODE=WERR WT=1 PARENT=3
UC.4: GPORT=0x24144004 MODE=WERR WT=1 PARENT=4
UC.5: GPORT=0x24144005 MODE=WERR WT=1 PARENT=5
UC.6: GPORT=0x24144006 MODE=WERR WT=1 PARENT=6
UC.7: GPORT=0x24144007 MODE=WERR WT=1 PARENT=7
MC.0: GPORT=0x30144000 MODE=WERR WT=1 PARENT=8
MC.1: GPORT=0x30144001 MODE=WERR WT=1 PARENT=9
MC.2: GPORT=0x30144002 MODE=WERR WT=1 PARENT=10
MC.3: GPORT=0x30144003 MODE=WERR WT=1 PARENT=11
=========== 
=== PORT 82
LO.0: GPORT=0x37800052 MODE=WERR WT=1, COS=0
LO.1: GPORT=0x37810052 MODE=WERR WT=1, COS=1
LO.2: GPORT=0x37820052 MODE=WERR WT=1, COS=2
LO.3: GPORT=0x37830052 MODE=WERR WT=1, COS=3
LO.4: GPORT=0x37840052 MODE=WERR WT=1, COS=4
LO.5: GPORT=0x37850052 MODE=WERR WT=1, COS=5
LO.6: GPORT=0x37860052 MODE=WERR WT=1, COS=6
LO.7: GPORT=0x37870052 MODE=WERR WT=1, COS=7
LO.8: GPORT=0x37880052 MODE=WERR WT=1, COS=8
LO.9: GPORT=0x37890052 MODE=WERR WT=1, COS=9
LO.10: GPORT=0x378a0052 MODE=WERR WT=1, COS=10
LO.11: GPORT=0x378b0052 MODE=WERR WT=1, COS=11
UC.0: GPORT=0x24148000 MODE=WERR WT=1 PARENT=0
UC.1: GPORT=0x24148001 MODE=WERR WT=1 PARENT=1
UC.2: GPORT=0x24148002 MODE=WERR WT=1 PARENT=2
UC.3: GPORT=0x24148003 MODE=WERR WT=1 PARENT=3
UC.4: GPORT=0x24148004 MODE=WERR WT=1 PARENT=4
UC.5: GPORT=0x24148005 MODE=WERR WT=1 PARENT=5
UC.6: GPORT=0x24148006 MODE=WERR WT=1 PARENT=6
UC.7: GPORT=0x24148007 MODE=WERR WT=1 PARENT=7
MC.0: GPORT=0x30148000 MODE=WERR WT=1 PARENT=8
MC.1: GPORT=0x30148001 MODE=WERR WT=1 PARENT=9
MC.2: GPORT=0x30148002 MODE=WERR WT=1 PARENT=10
MC.3: GPORT=0x30148003 MODE=WERR WT=1 PARENT=11
=========== 
=== PORT 83
LO.0: GPORT=0x37800053 MODE=WERR WT=1, COS=0
LO.1: GPORT=0x37810053 MODE=WERR WT=1, COS=1
LO.2: GPORT=0x37820053 MODE=WERR WT=1, COS=2
LO.3: GPORT=0x37830053 MODE=WERR WT=1, COS=3
LO.4: GPORT=0x37840053 MODE=WERR WT=1, COS=4
LO.5: GPORT=0x37850053 MODE=WERR WT=1, COS=5
LO.6: GPORT=0x37860053 MODE=WERR WT=1, COS=6
LO.7: GPORT=0x37870053 MODE=WERR WT=1, COS=7
LO.8: GPORT=0x37880053 MODE=WERR WT=1, COS=8
LO.9: GPORT=0x37890053 MODE=WERR WT=1, COS=9
LO.10: GPORT=0x378a0053 MODE=WERR WT=1, COS=10
LO.11: GPORT=0x378b0053 MODE=WERR WT=1, COS=11
UC.0: GPORT=0x2414c000 MODE=WERR WT=1 PARENT=0
UC.1: GPORT=0x2414c001 MODE=WERR WT=1 PARENT=1
UC.2: GPORT=0x2414c002 MODE=WERR WT=1 PARENT=2
UC.3: GPORT=0x2414c003 MODE=WERR WT=1 PARENT=3
UC.4: GPORT=0x2414c004 MODE=WERR WT=1 PARENT=4
UC.5: GPORT=0x2414c005 MODE=WERR WT=1 PARENT=5
UC.6: GPORT=0x2414c006 MODE=WERR WT=1 PARENT=6
UC.7: GPORT=0x2414c007 MODE=WERR WT=1 PARENT=7
MC.0: GPORT=0x3014c000 MODE=WERR WT=1 PARENT=8
MC.1: GPORT=0x3014c001 MODE=WERR WT=1 PARENT=9
MC.2: GPORT=0x3014c002 MODE=WERR WT=1 PARENT=10
MC.3: GPORT=0x3014c003 MODE=WERR WT=1 PARENT=11
=========== 
=== PORT 84
LO.0: GPORT=0x37800054 MODE=WERR WT=1, COS=0
LO.1: GPORT=0x37810054 MODE=WERR WT=1, COS=1
LO.2: GPORT=0x37820054 MODE=WERR WT=1, COS=2
LO.3: GPORT=0x37830054 MODE=WERR WT=1, COS=3
LO.4: GPORT=0x37840054 MODE=WERR WT=1, COS=4
LO.5: GPORT=0x37850054 MODE=WERR WT=1, COS=5
LO.6: GPORT=0x37860054 MODE=WERR WT=1, COS=6
LO.7: GPORT=0x37870054 MODE=WERR WT=1, COS=7
LO.8: GPORT=0x37880054 MODE=WERR WT=1, COS=8
LO.9: GPORT=0x37890054 MODE=WERR WT=1, COS=9
LO.10: GPORT=0x378a0054 MODE=WERR WT=1, COS=10
LO.11: GPORT=0x378b0054 MODE=WERR WT=1, COS=11
UC.0: GPORT=0x24150000 MODE=WERR WT=1 PARENT=0
UC.1: GPORT=0x24150001 MODE=WERR WT=1 PARENT=1
UC.2: GPORT=0x24150002 MODE=WERR WT=1 PARENT=2
UC.3: GPORT=0x24150003 MODE=WERR WT=1 PARENT=3
UC.4: GPORT=0x24150004 MODE=WERR WT=1 PARENT=4
UC.5: GPORT=0x24150005 MODE=WERR WT=1 PARENT=5
UC.6: GPORT=0x24150006 MODE=WERR WT=1 PARENT=6
UC.7: GPORT=0x24150007 MODE=WERR WT=1 PARENT=7
MC.0: GPORT=0x30150000 MODE=WERR WT=1 PARENT=8
MC.1: GPORT=0x30150001 MODE=WERR WT=1 PARENT=9
MC.2: GPORT=0x30150002 MODE=WERR WT=1 PARENT=10
MC.3: GPORT=0x30150003 MODE=WERR WT=1 PARENT=11
=========== 
=== PORT 85
LO.0: GPORT=0x37800055 MODE=WERR WT=1, COS=0
LO.1: GPORT=0x37810055 MODE=WERR WT=1, COS=1
LO.2: GPORT=0x37820055 MODE=WERR WT=1, COS=2
LO.3: GPORT=0x37830055 MODE=WERR WT=1, COS=3
LO.4: GPORT=0x37840055 MODE=WERR WT=1, COS=4
LO.5: GPORT=0x37850055 MODE=WERR WT=1, COS=5
LO.6: GPORT=0x37860055 MODE=WERR WT=1, COS=6
LO.7: GPORT=0x37870055 MODE=WERR WT=1, COS=7
LO.8: GPORT=0x37880055 MODE=WERR WT=1, COS=8
LO.9: GPORT=0x37890055 MODE=WERR WT=1, COS=9
LO.10: GPORT=0x378a0055 MODE=WERR WT=1, COS=10
LO.11: GPORT=0x378b0055 MODE=WERR WT=1, COS=11
UC.0: GPORT=0x24154000 MODE=WERR WT=1 PARENT=0
UC.1: GPORT=0x24154001 MODE=WERR WT=1 PARENT=1
UC.2: GPORT=0x24154002 MODE=WERR WT=1 PARENT=2
UC.3: GPORT=0x24154003 MODE=WERR WT=1 PARENT=3
UC.4: GPORT=0x24154004 MODE=WERR WT=1 PARENT=4
UC.5: GPORT=0x24154005 MODE=WERR WT=1 PARENT=5
UC.6: GPORT=0x24154006 MODE=WERR WT=1 PARENT=6
UC.7: GPORT=0x24154007 MODE=WERR WT=1 PARENT=7
MC.0: GPORT=0x30154000 MODE=WERR WT=1 PARENT=8
MC.1: GPORT=0x30154001 MODE=WERR WT=1 PARENT=9
MC.2: GPORT=0x30154002 MODE=WERR WT=1 PARENT=10
MC.3: GPORT=0x30154003 MODE=WERR WT=1 PARENT=11
=========== 
=== PORT 86
LO.0: GPORT=0x37800056 MODE=WERR WT=1, COS=0
LO.1: GPORT=0x37810056 MODE=WERR WT=1, COS=1
LO.2: GPORT=0x37820056 MODE=WERR WT=1, COS=2
LO.3: GPORT=0x37830056 MODE=WERR WT=1, COS=3
LO.4: GPORT=0x37840056 MODE=WERR WT=1, COS=4
LO.5: GPORT=0x37850056 MODE=WERR WT=1, COS=5
LO.6: GPORT=0x37860056 MODE=WERR WT=1, COS=6
LO.7: GPORT=0x37870056 MODE=WERR WT=1, COS=7
LO.8: GPORT=0x37880056 MODE=WERR WT=1, COS=8
LO.9: GPORT=0x37890056 MODE=WERR WT=1, COS=9
LO.10: GPORT=0x378a0056 MODE=WERR WT=1, COS=10
LO.11: GPORT=0x378b0056 MODE=WERR WT=1, COS=11
UC.0: GPORT=0x24158000 MODE=WERR WT=1 PARENT=0
UC.1: GPORT=0x24158001 MODE=WERR WT=1 PARENT=1
UC.2: GPORT=0x24158002 MODE=WERR WT=1 PARENT=2
UC.3: GPORT=0x24158003 MODE=WERR WT=1 PARENT=3
UC.4: GPORT=0x24158004 MODE=WERR WT=1 PARENT=4
UC.5: GPORT=0x24158005 MODE=WERR WT=1 PARENT=5
UC.6: GPORT=0x24158006 MODE=WERR WT=1 PARENT=6
UC.7: GPORT=0x24158007 MODE=WERR WT=1 PARENT=7
MC.0: GPORT=0x30158000 MODE=WERR WT=1 PARENT=8
MC.1: GPORT=0x30158001 MODE=WERR WT=1 PARENT=9
MC.2: GPORT=0x30158002 MODE=WERR WT=1 PARENT=10
MC.3: GPORT=0x30158003 MODE=WERR WT=1 PARENT=11
=========== 
=== PORT 87
LO.0: GPORT=0x37800057 MODE=WERR WT=1, COS=0
LO.1: GPORT=0x37810057 MODE=WERR WT=1, COS=1
LO.2: GPORT=0x37820057 MODE=WERR WT=1, COS=2
LO.3: GPORT=0x37830057 MODE=WERR WT=1, COS=3
LO.4: GPORT=0x37840057 MODE=WERR WT=1, COS=4
LO.5: GPORT=0x37850057 MODE=WERR WT=1, COS=5
LO.6: GPORT=0x37860057 MODE=WERR WT=1, COS=6
LO.7: GPORT=0x37870057 MODE=WERR WT=1, COS=7
LO.8: GPORT=0x37880057 MODE=WERR WT=1, COS=8
LO.9: GPORT=0x37890057 MODE=WERR WT=1, COS=9
LO.10: GPORT=0x378a0057 MODE=WERR WT=1, COS=10
LO.11: GPORT=0x378b0057 MODE=WERR WT=1, COS=11
UC.0: GPORT=0x2415c000 MODE=WERR WT=1 PARENT=0
UC.1: GPORT=0x2415c001 MODE=WERR WT=1 PARENT=1
UC.2: GPORT=0x2415c002 MODE=WERR WT=1 PARENT=2
UC.3: GPORT=0x2415c003 MODE=WERR WT=1 PARENT=3
UC.4: GPORT=0x2415c004 MODE=WERR WT=1 PARENT=4
UC.5: GPORT=0x2415c005 MODE=WERR WT=1 PARENT=5
UC.6: GPORT=0x2415c006 MODE=WERR WT=1 PARENT=6
UC.7: GPORT=0x2415c007 MODE=WERR WT=1 PARENT=7
MC.0: GPORT=0x3015c000 MODE=WERR WT=1 PARENT=8
MC.1: GPORT=0x3015c001 MODE=WERR WT=1 PARENT=9
MC.2: GPORT=0x3015c002 MODE=WERR WT=1 PARENT=10
MC.3: GPORT=0x3015c003 MODE=WERR WT=1 PARENT=11
=========== 
=== PORT 88
LO.0: GPORT=0x37800058 MODE=WERR WT=1, COS=0
LO.1: GPORT=0x37810058 MODE=WERR WT=1, COS=1
LO.2: GPORT=0x37820058 MODE=WERR WT=1, COS=2
LO.3: GPORT=0x37830058 MODE=WERR WT=1, COS=3
LO.4: GPORT=0x37840058 MODE=WERR WT=1, COS=4
LO.5: GPORT=0x37850058 MODE=WERR WT=1, COS=5
LO.6: GPORT=0x37860058 MODE=WERR WT=1, COS=6
LO.7: GPORT=0x37870058 MODE=WERR WT=1, COS=7
LO.8: GPORT=0x37880058 MODE=WERR WT=1, COS=8
LO.9: GPORT=0x37890058 MODE=WERR WT=1, COS=9
LO.10: GPORT=0x378a0058 MODE=WERR WT=1, COS=10
LO.11: GPORT=0x378b0058 MODE=WERR WT=1, COS=11
UC.0: GPORT=0x24160000 MODE=WERR WT=1 PARENT=0
UC.1: GPORT=0x24160001 MODE=WERR WT=1 PARENT=1
UC.2: GPORT=0x24160002 MODE=WERR WT=1 PARENT=2
UC.3: GPORT=0x24160003 MODE=WERR WT=1 PARENT=3
UC.4: GPORT=0x24160004 MODE=WERR WT=1 PARENT=4
UC.5: GPORT=0x24160005 MODE=WERR WT=1 PARENT=5
UC.6: GPORT=0x24160006 MODE=WERR WT=1 PARENT=6
UC.7: GPORT=0x24160007 MODE=WERR WT=1 PARENT=7
MC.0: GPORT=0x30160000 MODE=WERR WT=1 PARENT=8
MC.1: GPORT=0x30160001 MODE=WERR WT=1 PARENT=9
MC.2: GPORT=0x30160002 MODE=WERR WT=1 PARENT=10
MC.3: GPORT=0x30160003 MODE=WERR WT=1 PARENT=11
=========== 
=== PORT 89
LO.0: GPORT=0x37800059 MODE=WERR WT=1, COS=0
LO.1: GPORT=0x37810059 MODE=WERR WT=1, COS=1
LO.2: GPORT=0x37820059 MODE=WERR WT=1, COS=2
LO.3: GPORT=0x37830059 MODE=WERR WT=1, COS=3
LO.4: GPORT=0x37840059 MODE=WERR WT=1, COS=4
LO.5: GPORT=0x37850059 MODE=WERR WT=1, COS=5
LO.6: GPORT=0x37860059 MODE=WERR WT=1, COS=6
LO.7: GPORT=0x37870059 MODE=WERR WT=1, COS=7
LO.8: GPORT=0x37880059 MODE=WERR WT=1, COS=8
LO.9: GPORT=0x37890059 MODE=WERR WT=1, COS=9
LO.10: GPORT=0x378a0059 MODE=WERR WT=1, COS=10
LO.11: GPORT=0x378b0059 MODE=WERR WT=1, COS=11
UC.0: GPORT=0x24164000 MODE=WERR WT=1 PARENT=0
UC.1: GPORT=0x24164001 MODE=WERR WT=1 PARENT=1
UC.2: GPORT=0x24164002 MODE=WERR WT=1 PARENT=2
UC.3: GPORT=0x24164003 MODE=WERR WT=1 PARENT=3
UC.4: GPORT=0x24164004 MODE=WERR WT=1 PARENT=4
UC.5: GPORT=0x24164005 MODE=WERR WT=1 PARENT=5
UC.6: GPORT=0x24164006 MODE=WERR WT=1 PARENT=6
UC.7: GPORT=0x24164007 MODE=WERR WT=1 PARENT=7
MC.0: GPORT=0x30164000 MODE=WERR WT=1 PARENT=8
MC.1: GPORT=0x30164001 MODE=WERR WT=1 PARENT=9
MC.2: GPORT=0x30164002 MODE=WERR WT=1 PARENT=10
MC.3: GPORT=0x30164003 MODE=WERR WT=1 PARENT=11
=========== 
=== PORT 100
LO.0: GPORT=0x37800064 MODE=WERR WT=1, COS=0
LO.1: GPORT=0x37810064 MODE=WERR WT=1, COS=1
LO.2: GPORT=0x37820064 MODE=WERR WT=1, COS=2
LO.3: GPORT=0x37830064 MODE=WERR WT=1, COS=3
LO.4: GPORT=0x37840064 MODE=WERR WT=1, COS=4
LO.5: GPORT=0x37850064 MODE=WERR WT=1, COS=5
LO.6: GPORT=0x37860064 MODE=WERR WT=1, COS=6
LO.7: GPORT=0x37870064 MODE=WERR WT=1, COS=7
LO.8: GPORT=0x37880064 MODE=WERR WT=1, COS=8
LO.9: GPORT=0x37890064 MODE=WERR WT=1, COS=9
LO.10: GPORT=0x378a0064 MODE=WERR WT=1, COS=10
LO.11: GPORT=0x378b0064 MODE=WERR WT=1, COS=11
UC.0: GPORT=0x24190000 MODE=WERR WT=1 PARENT=0
UC.1: GPORT=0x24190001 MODE=WERR WT=1 PARENT=1
UC.2: GPORT=0x24190002 MODE=WERR WT=1 PARENT=2
UC.3: GPORT=0x24190003 MODE=WERR WT=1 PARENT=3
UC.4: GPORT=0x24190004 MODE=WERR WT=1 PARENT=4
UC.5: GPORT=0x24190005 MODE=WERR WT=1 PARENT=5
UC.6: GPORT=0x24190006 MODE=WERR WT=1 PARENT=6
UC.7: GPORT=0x24190007 MODE=WERR WT=1 PARENT=7
MC.0: GPORT=0x30190000 MODE=WERR WT=1 PARENT=8
MC.1: GPORT=0x30190001 MODE=WERR WT=1 PARENT=9
MC.2: GPORT=0x30190002 MODE=WERR WT=1 PARENT=10
MC.3: GPORT=0x30190003 MODE=WERR WT=1 PARENT=11
=========== 
=== PORT 101
LO.0: GPORT=0x37800065 MODE=WERR WT=1, COS=0
LO.1: GPORT=0x37810065 MODE=WERR WT=1, COS=1
LO.2: GPORT=0x37820065 MODE=WERR WT=1, COS=2
LO.3: GPORT=0x37830065 MODE=WERR WT=1, COS=3
LO.4: GPORT=0x37840065 MODE=WERR WT=1, COS=4
LO.5: GPORT=0x37850065 MODE=WERR WT=1, COS=5
LO.6: GPORT=0x37860065 MODE=WERR WT=1, COS=6
LO.7: GPORT=0x37870065 MODE=WERR WT=1, COS=7
LO.8: GPORT=0x37880065 MODE=WERR WT=1, COS=8
LO.9: GPORT=0x37890065 MODE=WERR WT=1, COS=9
LO.10: GPORT=0x378a0065 MODE=WERR WT=1, COS=10
LO.11: GPORT=0x378b0065 MODE=WERR WT=1, COS=11
UC.0: GPORT=0x24194000 MODE=WERR WT=1 PARENT=0
UC.1: GPORT=0x24194001 MODE=WERR WT=1 PARENT=1
UC.2: GPORT=0x24194002 MODE=WERR WT=1 PARENT=2
UC.3: GPORT=0x24194003 MODE=WERR WT=1 PARENT=3
UC.4: GPORT=0x24194004 MODE=WERR WT=1 PARENT=4
UC.5: GPORT=0x24194005 MODE=WERR WT=1 PARENT=5
UC.6: GPORT=0x24194006 MODE=WERR WT=1 PARENT=6
UC.7: GPORT=0x24194007 MODE=WERR WT=1 PARENT=7
MC.0: GPORT=0x30194000 MODE=WERR WT=1 PARENT=8
MC.1: GPORT=0x30194001 MODE=WERR WT=1 PARENT=9
MC.2: GPORT=0x30194002 MODE=WERR WT=1 PARENT=10
MC.3: GPORT=0x30194003 MODE=WERR WT=1 PARENT=11
=========== 
=== PORT 102
LO.0: GPORT=0x37800066 MODE=WERR WT=1, COS=0
LO.1: GPORT=0x37810066 MODE=WERR WT=1, COS=1
LO.2: GPORT=0x37820066 MODE=WERR WT=1, COS=2
LO.3: GPORT=0x37830066 MODE=WERR WT=1, COS=3
LO.4: GPORT=0x37840066 MODE=WERR WT=1, COS=4
LO.5: GPORT=0x37850066 MODE=WERR WT=1, COS=5
LO.6: GPORT=0x37860066 MODE=WERR WT=1, COS=6
LO.7: GPORT=0x37870066 MODE=WERR WT=1, COS=7
LO.8: GPORT=0x37880066 MODE=WERR WT=1, COS=8
LO.9: GPORT=0x37890066 MODE=WERR WT=1, COS=9
LO.10: GPORT=0x378a0066 MODE=WERR WT=1, COS=10
LO.11: GPORT=0x378b0066 MODE=WERR WT=1, COS=11
UC.0: GPORT=0x24198000 MODE=WERR WT=1 PARENT=0
UC.1: GPORT=0x24198001 MODE=WERR WT=1 PARENT=1
UC.2: GPORT=0x24198002 MODE=WERR WT=1 PARENT=2
UC.3: GPORT=0x24198003 MODE=WERR WT=1 PARENT=3
UC.4: GPORT=0x24198004 MODE=WERR WT=1 PARENT=4
UC.5: GPORT=0x24198005 MODE=WERR WT=1 PARENT=5
UC.6: GPORT=0x24198006 MODE=WERR WT=1 PARENT=6
UC.7: GPORT=0x24198007 MODE=WERR WT=1 PARENT=7
MC.0: GPORT=0x30198000 MODE=WERR WT=1 PARENT=8
MC.1: GPORT=0x30198001 MODE=WERR WT=1 PARENT=9
MC.2: GPORT=0x30198002 MODE=WERR WT=1 PARENT=10
MC.3: GPORT=0x30198003 MODE=WERR WT=1 PARENT=11
=========== 
=== PORT 103
LO.0: GPORT=0x37800067 MODE=WERR WT=1, COS=0
LO.1: GPORT=0x37810067 MODE=WERR WT=1, COS=1
LO.2: GPORT=0x37820067 MODE=WERR WT=1, COS=2
LO.3: GPORT=0x37830067 MODE=WERR WT=1, COS=3
LO.4: GPORT=0x37840067 MODE=WERR WT=1, COS=4
LO.5: GPORT=0x37850067 MODE=WERR WT=1, COS=5
LO.6: GPORT=0x37860067 MODE=WERR WT=1, COS=6
LO.7: GPORT=0x37870067 MODE=WERR WT=1, COS=7
LO.8: GPORT=0x37880067 MODE=WERR WT=1, COS=8
LO.9: GPORT=0x37890067 MODE=WERR WT=1, COS=9
LO.10: GPORT=0x378a0067 MODE=WERR WT=1, COS=10
LO.11: GPORT=0x378b0067 MODE=WERR WT=1, COS=11
UC.0: GPORT=0x2419c000 MODE=WERR WT=1 PARENT=0
UC.1: GPORT=0x2419c001 MODE=WERR WT=1 PARENT=1
UC.2: GPORT=0x2419c002 MODE=WERR WT=1 PARENT=2
UC.3: GPORT=0x2419c003 MODE=WERR WT=1 PARENT=3
UC.4: GPORT=0x2419c004 MODE=WERR WT=1 PARENT=4
UC.5: GPORT=0x2419c005 MODE=WERR WT=1 PARENT=5
UC.6: GPORT=0x2419c006 MODE=WERR WT=1 PARENT=6
UC.7: GPORT=0x2419c007 MODE=WERR WT=1 PARENT=7
MC.0: GPORT=0x3019c000 MODE=WERR WT=1 PARENT=8
MC.1: GPORT=0x3019c001 MODE=WERR WT=1 PARENT=9
MC.2: GPORT=0x3019c002 MODE=WERR WT=1 PARENT=10
MC.3: GPORT=0x3019c003 MODE=WERR WT=1 PARENT=11
=========== 
=== PORT 120
LO.0: GPORT=0x37800078 MODE=WERR WT=1, COS=0
LO.1: GPORT=0x37810078 MODE=WERR WT=1, COS=1
LO.2: GPORT=0x37820078 MODE=WERR WT=1, COS=2
LO.3: GPORT=0x37830078 MODE=WERR WT=1, COS=3
LO.4: GPORT=0x37840078 MODE=WERR WT=1, COS=4
LO.5: GPORT=0x37850078 MODE=WERR WT=1, COS=5
LO.6: GPORT=0x37860078 MODE=WERR WT=1, COS=6
LO.7: GPORT=0x37870078 MODE=WERR WT=1, COS=7
LO.8: GPORT=0x37880078 MODE=WERR WT=1, COS=8
LO.9: GPORT=0x37890078 MODE=WERR WT=1, COS=9
LO.10: GPORT=0x378a0078 MODE=WERR WT=1, COS=10
LO.11: GPORT=0x378b0078 MODE=WERR WT=1, COS=11
UC.0: GPORT=0x241e0000 MODE=WERR WT=1 PARENT=0
UC.1: GPORT=0x241e0001 MODE=WERR WT=1 PARENT=1
UC.2: GPORT=0x241e0002 MODE=WERR WT=1 PARENT=2
UC.3: GPORT=0x241e0003 MODE=WERR WT=1 PARENT=3
UC.4: GPORT=0x241e0004 MODE=WERR WT=1 PARENT=4
UC.5: GPORT=0x241e0005 MODE=WERR WT=1 PARENT=5
UC.6: GPORT=0x241e0006 MODE=WERR WT=1 PARENT=6
UC.7: GPORT=0x241e0007 MODE=WERR WT=1 PARENT=7
MC.0: GPORT=0x301e0000 MODE=WERR WT=1 PARENT=8
MC.1: GPORT=0x301e0001 MODE=WERR WT=1 PARENT=9
MC.2: GPORT=0x301e0002 MODE=WERR WT=1 PARENT=10
MC.3: GPORT=0x301e0003 MODE=WERR WT=1 PARENT=11
=========== 
=== PORT 121
LO.0: GPORT=0x37800079 MODE=WERR WT=1, COS=0
LO.1: GPORT=0x37810079 MODE=WERR WT=1, COS=1
LO.2: GPORT=0x37820079 MODE=WERR WT=1, COS=2
LO.3: GPORT=0x37830079 MODE=WERR WT=1, COS=3
LO.4: GPORT=0x37840079 MODE=WERR WT=1, COS=4
LO.5: GPORT=0x37850079 MODE=WERR WT=1, COS=5
LO.6: GPORT=0x37860079 MODE=WERR WT=1, COS=6
LO.7: GPORT=0x37870079 MODE=WERR WT=1, COS=7
LO.8: GPORT=0x37880079 MODE=WERR WT=1, COS=8
LO.9: GPORT=0x37890079 MODE=WERR WT=1, COS=9
LO.10: GPORT=0x378a0079 MODE=WERR WT=1, COS=10
LO.11: GPORT=0x378b0079 MODE=WERR WT=1, COS=11
UC.0: GPORT=0x241e4000 MODE=WERR WT=1 PARENT=0
UC.1: GPORT=0x241e4001 MODE=WERR WT=1 PARENT=1
UC.2: GPORT=0x241e4002 MODE=WERR WT=1 PARENT=2
UC.3: GPORT=0x241e4003 MODE=WERR WT=1 PARENT=3
UC.4: GPORT=0x241e4004 MODE=WERR WT=1 PARENT=4
UC.5: GPORT=0x241e4005 MODE=WERR WT=1 PARENT=5
UC.6: GPORT=0x241e4006 MODE=WERR WT=1 PARENT=6
UC.7: GPORT=0x241e4007 MODE=WERR WT=1 PARENT=7
MC.0: GPORT=0x301e4000 MODE=WERR WT=1 PARENT=8
MC.1: GPORT=0x301e4001 MODE=WERR WT=1 PARENT=9
MC.2: GPORT=0x301e4002 MODE=WERR WT=1 PARENT=10
MC.3: GPORT=0x301e4003 MODE=WERR WT=1 PARENT=11
=========== 
=== PORT 122
LO.0: GPORT=0x3780007a MODE=WERR WT=1, COS=0
LO.1: GPORT=0x3781007a MODE=WERR WT=1, COS=1
LO.2: GPORT=0x3782007a MODE=WERR WT=1, COS=2
LO.3: GPORT=0x3783007a MODE=WERR WT=1, COS=3
LO.4: GPORT=0x3784007a MODE=WERR WT=1, COS=4
LO.5: GPORT=0x3785007a MODE=WERR WT=1, COS=5
LO.6: GPORT=0x3786007a MODE=WERR WT=1, COS=6
LO.7: GPORT=0x3787007a MODE=WERR WT=1, COS=7
LO.8: GPORT=0x3788007a MODE=WERR WT=1, COS=8
LO.9: GPORT=0x3789007a MODE=WERR WT=1, COS=9
LO.10: GPORT=0x378a007a MODE=WERR WT=1, COS=10
LO.11: GPORT=0x378b007a MODE=WERR WT=1, COS=11
UC.0: GPORT=0x241e8000 MODE=WERR WT=1 PARENT=0
UC.1: GPORT=0x241e8001 MODE=WERR WT=1 PARENT=1
UC.2: GPORT=0x241e8002 MODE=WERR WT=1 PARENT=2
UC.3: GPORT=0x241e8003 MODE=WERR WT=1 PARENT=3
UC.4: GPORT=0x241e8004 MODE=WERR WT=1 PARENT=4
UC.5: GPORT=0x241e8005 MODE=WERR WT=1 PARENT=5
UC.6: GPORT=0x241e8006 MODE=WERR WT=1 PARENT=6
UC.7: GPORT=0x241e8007 MODE=WERR WT=1 PARENT=7
MC.0: GPORT=0x301e8000 MODE=WERR WT=1 PARENT=8
MC.1: GPORT=0x301e8001 MODE=WERR WT=1 PARENT=9
MC.2: GPORT=0x301e8002 MODE=WERR WT=1 PARENT=10
MC.3: GPORT=0x301e8003 MODE=WERR WT=1 PARENT=11
=========== 
=== PORT 123
LO.0: GPORT=0x3780007b MODE=WERR WT=1, COS=0
LO.1: GPORT=0x3781007b MODE=WERR WT=1, COS=1
LO.2: GPORT=0x3782007b MODE=WERR WT=1, COS=2
LO.3: GPORT=0x3783007b MODE=WERR WT=1, COS=3
LO.4: GPORT=0x3784007b MODE=WERR WT=1, COS=4
LO.5: GPORT=0x3785007b MODE=WERR WT=1, COS=5
LO.6: GPORT=0x3786007b MODE=WERR WT=1, COS=6
LO.7: GPORT=0x3787007b MODE=WERR WT=1, COS=7
LO.8: GPORT=0x3788007b MODE=WERR WT=1, COS=8
LO.9: GPORT=0x3789007b MODE=WERR WT=1, COS=9
LO.10: GPORT=0x378a007b MODE=WERR WT=1, COS=10
LO.11: GPORT=0x378b007b MODE=WERR WT=1, COS=11
UC.0: GPORT=0x241ec000 MODE=WERR WT=1 PARENT=0
UC.1: GPORT=0x241ec001 MODE=WERR WT=1 PARENT=1
UC.2: GPORT=0x241ec002 MODE=WERR WT=1 PARENT=2
UC.3: GPORT=0x241ec003 MODE=WERR WT=1 PARENT=3
UC.4: GPORT=0x241ec004 MODE=WERR WT=1 PARENT=4
UC.5: GPORT=0x241ec005 MODE=WERR WT=1 PARENT=5
UC.6: GPORT=0x241ec006 MODE=WERR WT=1 PARENT=6
UC.7: GPORT=0x241ec007 MODE=WERR WT=1 PARENT=7
MC.0: GPORT=0x301ec000 MODE=WERR WT=1 PARENT=8
MC.1: GPORT=0x301ec001 MODE=WERR WT=1 PARENT=9
MC.2: GPORT=0x301ec002 MODE=WERR WT=1 PARENT=10
MC.3: GPORT=0x301ec003 MODE=WERR WT=1 PARENT=11
=========== 
=== PORT 140
LO.0: GPORT=0x3780008c MODE=WERR WT=1, COS=0
LO.1: GPORT=0x3781008c MODE=WERR WT=1, COS=1
LO.2: GPORT=0x3782008c MODE=WERR WT=1, COS=2
LO.3: GPORT=0x3783008c MODE=WERR WT=1, COS=3
LO.4: GPORT=0x3784008c MODE=WERR WT=1, COS=4
LO.5: GPORT=0x3785008c MODE=WERR WT=1, COS=5
LO.6: GPORT=0x3786008c MODE=WERR WT=1, COS=6
LO.7: GPORT=0x3787008c MODE=WERR WT=1, COS=7
LO.8: GPORT=0x3788008c MODE=WERR WT=1, COS=8
LO.9: GPORT=0x3789008c MODE=WERR WT=1, COS=9
LO.10: GPORT=0x378a008c MODE=WERR WT=1, COS=10
LO.11: GPORT=0x378b008c MODE=WERR WT=1, COS=11
UC.0: GPORT=0x24230000 MODE=WERR WT=1 PARENT=0
UC.1: GPORT=0x24230001 MODE=WERR WT=1 PARENT=1
UC.2: GPORT=0x24230002 MODE=WERR WT=1 PARENT=2
UC.3: GPORT=0x24230003 MODE=WERR WT=1 PARENT=3
UC.4: GPORT=0x24230004 MODE=WERR WT=1 PARENT=4
UC.5: GPORT=0x24230005 MODE=WERR WT=1 PARENT=5
UC.6: GPORT=0x24230006 MODE=WERR WT=1 PARENT=6
UC.7: GPORT=0x24230007 MODE=WERR WT=1 PARENT=7
MC.0: GPORT=0x30230000 MODE=WERR WT=1 PARENT=8
MC.1: GPORT=0x30230001 MODE=WERR WT=1 PARENT=9
MC.2: GPORT=0x30230002 MODE=WERR WT=1 PARENT=10
MC.3: GPORT=0x30230003 MODE=WERR WT=1 PARENT=11
=========== 
=== PORT 141
LO.0: GPORT=0x3780008d MODE=WERR WT=1, COS=0
LO.1: GPORT=0x3781008d MODE=WERR WT=1, COS=1
LO.2: GPORT=0x3782008d MODE=WERR WT=1, COS=2
LO.3: GPORT=0x3783008d MODE=WERR WT=1, COS=3
LO.4: GPORT=0x3784008d MODE=WERR WT=1, COS=4
LO.5: GPORT=0x3785008d MODE=WERR WT=1, COS=5
LO.6: GPORT=0x3786008d MODE=WERR WT=1, COS=6
LO.7: GPORT=0x3787008d MODE=WERR WT=1, COS=7
LO.8: GPORT=0x3788008d MODE=WERR WT=1, COS=8
LO.9: GPORT=0x3789008d MODE=WERR WT=1, COS=9
LO.10: GPORT=0x378a008d MODE=WERR WT=1, COS=10
LO.11: GPORT=0x378b008d MODE=WERR WT=1, COS=11
UC.0: GPORT=0x24234000 MODE=WERR WT=1 PARENT=0
UC.1: GPORT=0x24234001 MODE=WERR WT=1 PARENT=1
UC.2: GPORT=0x24234002 MODE=WERR WT=1 PARENT=2
UC.3: GPORT=0x24234003 MODE=WERR WT=1 PARENT=3
UC.4: GPORT=0x24234004 MODE=WERR WT=1 PARENT=4
UC.5: GPORT=0x24234005 MODE=WERR WT=1 PARENT=5
UC.6: GPORT=0x24234006 MODE=WERR WT=1 PARENT=6
UC.7: GPORT=0x24234007 MODE=WERR WT=1 PARENT=7
MC.0: GPORT=0x30234000 MODE=WERR WT=1 PARENT=8
MC.1: GPORT=0x30234001 MODE=WERR WT=1 PARENT=9
MC.2: GPORT=0x30234002 MODE=WERR WT=1 PARENT=10
MC.3: GPORT=0x30234003 MODE=WERR WT=1 PARENT=11
=========== 
=== PORT 142
LO.0: GPORT=0x3780008e MODE=WERR WT=1, COS=0
LO.1: GPORT=0x3781008e MODE=WERR WT=1, COS=1
LO.2: GPORT=0x3782008e MODE=WERR WT=1, COS=2
LO.3: GPORT=0x3783008e MODE=WERR WT=1, COS=3
LO.4: GPORT=0x3784008e MODE=WERR WT=1, COS=4
LO.5: GPORT=0x3785008e MODE=WERR WT=1, COS=5
LO.6: GPORT=0x3786008e MODE=WERR WT=1, COS=6
LO.7: GPORT=0x3787008e MODE=WERR WT=1, COS=7
LO.8: GPORT=0x3788008e MODE=WERR WT=1, COS=8
LO.9: GPORT=0x3789008e MODE=WERR WT=1, COS=9
LO.10: GPORT=0x378a008e MODE=WERR WT=1, COS=10
LO.11: GPORT=0x378b008e MODE=WERR WT=1, COS=11
UC.0: GPORT=0x24238000 MODE=WERR WT=1 PARENT=0
UC.1: GPORT=0x24238001 MODE=WERR WT=1 PARENT=1
UC.2: GPORT=0x24238002 MODE=WERR WT=1 PARENT=2
UC.3: GPORT=0x24238003 MODE=WERR WT=1 PARENT=3
UC.4: GPORT=0x24238004 MODE=WERR WT=1 PARENT=4
UC.5: GPORT=0x24238005 MODE=WERR WT=1 PARENT=5
UC.6: GPORT=0x24238006 MODE=WERR WT=1 PARENT=6
UC.7: GPORT=0x24238007 MODE=WERR WT=1 PARENT=7
MC.0: GPORT=0x30238000 MODE=WERR WT=1 PARENT=8
MC.1: GPORT=0x30238001 MODE=WERR WT=1 PARENT=9
MC.2: GPORT=0x30238002 MODE=WERR WT=1 PARENT=10
MC.3: GPORT=0x30238003 MODE=WERR WT=1 PARENT=11
=========== 
=== PORT 143
LO.0: GPORT=0x3780008f MODE=WERR WT=1, COS=0
LO.1: GPORT=0x3781008f MODE=WERR WT=1, COS=1
LO.2: GPORT=0x3782008f MODE=WERR WT=1, COS=2
LO.3: GPORT=0x3783008f MODE=WERR WT=1, COS=3
LO.4: GPORT=0x3784008f MODE=WERR WT=1, COS=4
LO.5: GPORT=0x3785008f MODE=WERR WT=1, COS=5
LO.6: GPORT=0x3786008f MODE=WERR WT=1, COS=6
LO.7: GPORT=0x3787008f MODE=WERR WT=1, COS=7
LO.8: GPORT=0x3788008f MODE=WERR WT=1, COS=8
LO.9: GPORT=0x3789008f MODE=WERR WT=1, COS=9
LO.10: GPORT=0x378a008f MODE=WERR WT=1, COS=10
LO.11: GPORT=0x378b008f MODE=WERR WT=1, COS=11
UC.0: GPORT=0x2423c000 MODE=WERR WT=1 PARENT=0
UC.1: GPORT=0x2423c001 MODE=WERR WT=1 PARENT=1
UC.2: GPORT=0x2423c002 MODE=WERR WT=1 PARENT=2
UC.3: GPORT=0x2423c003 MODE=WERR WT=1 PARENT=3
UC.4: GPORT=0x2423c004 MODE=WERR WT=1 PARENT=4
UC.5: GPORT=0x2423c005 MODE=WERR WT=1 PARENT=5
UC.6: GPORT=0x2423c006 MODE=WERR WT=1 PARENT=6
UC.7: GPORT=0x2423c007 MODE=WERR WT=1 PARENT=7
MC.0: GPORT=0x3023c000 MODE=WERR WT=1 PARENT=8
MC.1: GPORT=0x3023c001 MODE=WERR WT=1 PARENT=9
MC.2: GPORT=0x3023c002 MODE=WERR WT=1 PARENT=10
MC.3: GPORT=0x3023c003 MODE=WERR WT=1 PARENT=11
=========== 

TIME_DOMAIN[0] - refcnt 324

TIME_DOMAIN[1] - refcnt 0

TIME_DOMAIN[2] - refcnt 0

TIME_DOMAIN[3] - refcnt 0
BCM.0> 
BCM.0> cosq port show PortBitMap=cpu
Unknown command: cosq
BCM.0> 
BCM.0> cos port show PortBitMap=cpu

  Port cpu0 COS configuration:
 ------------------------------
  Config (max queues): 8
  Schedule mode: weighted round-robin
  Weighting (in packets):
    COSQ 0 = 1 packets
    COSQ 1 = 1 packets
    COSQ 2 = 1 packets
    COSQ 3 = 1 packets
    COSQ 4 = 1 packets
    COSQ 5 = 1 packets
    COSQ 6 = 1 packets
    COSQ 7 = 1 packets
    COSQ 8 = 1 packets (queue for output of S1 scheduler)
  Priority to queue mappings:
    PRIO 0 ==> COSQ 8
    PRIO 1 ==> COSQ 8
    PRIO 2 ==> COSQ 8
    PRIO 3 ==> COSQ 8
    PRIO 4 ==> COSQ 8
    PRIO 5 ==> COSQ 8
    PRIO 6 ==> COSQ 8
    PRIO 7 ==> COSQ 8
    PRIO 8 ==> COSQ 8
    PRIO 9 ==> COSQ 8
    PRIO 10 ==> COSQ 8
    PRIO 11 ==> COSQ 8
    PRIO 12 ==> COSQ 8
    PRIO 13 ==> COSQ 8
    PRIO 14 ==> COSQ 8
    PRIO 15 ==> COSQ 8
  VLAN COSQ Schedule mode: weighted round-robin
  VLAN COSQ Weighting (in packets):
    VLAN COSQ 0 = 1 packets
    VLAN COSQ 1 = 1 packets
    VLAN COSQ 2 = 1 packets
    VLAN COSQ 3 = 1 packets
    VLAN COSQ 4 = 1 packets
    VLAN COSQ 5 = 1 packets
    VLAN COSQ 6 = 1 packets
    VLAN COSQ 7 = 1 packets
    VLAN COSQ 8 = 1 packets
    VLAN COSQ 9 = 1 packets
    VLAN COSQ 10 = 1 packets
    VLAN COSQ 11 = 1 packets
    VLAN COSQ 12 = 1 packets
    VLAN COSQ 13 = 1 packets
    VLAN COSQ 14 = 1 packets
    VLAN COSQ 15 = 1 packets
  VLAN COSQ Schedule mode: weighted round-robin
  VLAN COSQ Weighting (in packets):
    VLAN COSQ 0 = 1 packets
    VLAN COSQ 1 = 1 packets
    VLAN COSQ 2 = 1 packets
    VLAN COSQ 3 = 1 packets
    VLAN COSQ 4 = 1 packets
    VLAN COSQ 5 = 1 packets
    VLAN COSQ 6 = 1 packets
    VLAN COSQ 7 = 1 packets
    VLAN COSQ 8 = 1 packets
    VLAN COSQ 9 = 1 packets
    VLAN COSQ 10 = 1 packets
    VLAN COSQ 11 = 1 packets
    VLAN COSQ 12 = 1 packets
    VLAN COSQ 13 = 1 packets
    VLAN COSQ 14 = 1 packets
    VLAN COSQ 15 = 1 packets
  VLAN COSQ Schedule mode: weighted round-robin
  VLAN COSQ Weighting (in packets):
    VLAN COSQ 0 = 1 packets
    VLAN COSQ 1 = 1 packets
    VLAN COSQ 2 = 1 packets
    VLAN COSQ 3 = 1 packets
    VLAN COSQ 4 = 1 packets
    VLAN COSQ 5 = 1 packets
    VLAN COSQ 6 = 1 packets
    VLAN COSQ 7 = 1 packets
    VLAN COSQ 8 = 1 packets
    VLAN COSQ 9 = 1 packets
    VLAN COSQ 10 = 1 packets
    VLAN COSQ 11 = 1 packets
    VLAN COSQ 12 = 1 packets
    VLAN COSQ 13 = 1 packets
    VLAN COSQ 14 = 1 packets
    VLAN COSQ 15 = 1 packets
  VLAN COSQ Schedule mode: weighted round-robin
  VLAN COSQ Weighting (in packets):
    VLAN COSQ 0 = 1 packets
    VLAN COSQ 1 = 1 packets
    VLAN COSQ 2 = 1 packets
    VLAN COSQ 3 = 1 packets
    VLAN COSQ 4 = 1 packets
    VLAN COSQ 5 = 1 packets
    VLAN COSQ 6 = 1 packets
    VLAN COSQ 7 = 1 packets
    VLAN COSQ 8 = 1 packets
    VLAN COSQ 9 = 1 packets
    VLAN COSQ 10 = 1 packets
    VLAN COSQ 11 = 1 packets
    VLAN COSQ 12 = 1 packets
    VLAN COSQ 13 = 1 packets
    VLAN COSQ 14 = 1 packets
    VLAN COSQ 15 = 1 packets
  VLAN COSQ Schedule mode: weighted round-robin
  VLAN COSQ Weighting (in packets):
    VLAN COSQ 0 = 1 packets
    VLAN COSQ 1 = 1 packets
    VLAN COSQ 2 = 1 packets
    VLAN COSQ 3 = 1 packets
    VLAN COSQ 4 = 1 packets
    VLAN COSQ 5 = 1 packets
    VLAN COSQ 6 = 1 packets
    VLAN COSQ 7 = 1 packets
    VLAN COSQ 8 = 1 packets
    VLAN COSQ 9 = 1 packets
    VLAN COSQ 10 = 1 packets
    VLAN COSQ 11 = 1 packets
    VLAN COSQ 12 = 1 packets
    VLAN COSQ 13 = 1 packets
    VLAN COSQ 14 = 1 packets
    VLAN COSQ 15 = 1 packets
  VLAN COSQ Schedule mode: weighted round-robin
  VLAN COSQ Weighting (in packets):
    VLAN COSQ 0 = 1 packets
    VLAN COSQ 1 = 1 packets
    VLAN COSQ 2 = 1 packets
    VLAN COSQ 3 = 1 packets
    VLAN COSQ 4 = 1 packets
    VLAN COSQ 5 = 1 packets
    VLAN COSQ 6 = 1 packets
    VLAN COSQ 7 = 1 packets
    VLAN COSQ 8 = 1 packets
    VLAN COSQ 9 = 1 packets
    VLAN COSQ 10 = 1 packets
    VLAN COSQ 11 = 1 packets
    VLAN COSQ 12 = 1 packets
    VLAN COSQ 13 = 1 packets
    VLAN COSQ 14 = 1 packets
    VLAN COSQ 15 = 1 packets
  VLAN COSQ Schedule mode: weighted round-robin
  VLAN COSQ Weighting (in packets):
    VLAN COSQ 0 = 1 packets
    VLAN COSQ 1 = 1 packets
    VLAN COSQ 2 = 1 packets
    VLAN COSQ 3 = 1 packets
    VLAN COSQ 4 = 1 packets
    VLAN COSQ 5 = 1 packets
    VLAN COSQ 6 = 1 packets
    VLAN COSQ 7 = 1 packets
    VLAN COSQ 8 = 1 packets
    VLAN COSQ 9 = 1 packets
    VLAN COSQ 10 = 1 packets
    VLAN COSQ 11 = 1 packets
    VLAN COSQ 12 = 1 packets
    VLAN COSQ 13 = 1 packets
    VLAN COSQ 14 = 1 packets
    VLAN COSQ 15 = 1 packets
  VLAN COSQ Schedule mode: weighted round-robin
  VLAN COSQ Weighting (in packets):
    VLAN COSQ 0 = 1 packets
    VLAN COSQ 1 = 1 packets
    VLAN COSQ 2 = 1 packets
    VLAN COSQ 3 = 1 packets
    VLAN COSQ 4 = 1 packets
    VLAN COSQ 5 = 1 packets
    VLAN COSQ 6 = 1 packets
    VLAN COSQ 7 = 1 packets
    VLAN COSQ 8 = 1 packets
    VLAN COSQ 9 = 1 packets
    VLAN COSQ 10 = 1 packets
    VLAN COSQ 11 = 1 packets
    VLAN COSQ 12 = 1 packets
    VLAN COSQ 13 = 1 packets
    VLAN COSQ 14 = 1 packets
    VLAN COSQ 15 = 1 packets
  VLAN COSQ Schedule mode: weighted round-robin
  VLAN COSQ Weighting (in packets):
    VLAN COSQ 0 = 1 packets
    VLAN COSQ 1 = 1 packets
    VLAN COSQ 2 = 1 packets
    VLAN COSQ 3 = 1 packets
    VLAN COSQ 4 = 1 packets
    VLAN COSQ 5 = 1 packets
    VLAN COSQ 6 = 1 packets
    VLAN COSQ 7 = 1 packets
    VLAN COSQ 8 = 1 packets
    VLAN COSQ 9 = 1 packets
    VLAN COSQ 10 = 1 packets
    VLAN COSQ 11 = 1 packets
    VLAN COSQ 12 = 1 packets
    VLAN COSQ 13 = 1 packets
    VLAN COSQ 14 = 1 packets
    VLAN COSQ 15 = 1 packets
  VLAN COSQ Schedule mode: weighted round-robin
  VLAN COSQ Weighting (in packets):
    VLAN COSQ 0 = 1 packets
    VLAN COSQ 1 = 1 packets
    VLAN COSQ 2 = 1 packets
    VLAN COSQ 3 = 1 packets
    VLAN COSQ 4 = 1 packets
    VLAN COSQ 5 = 1 packets
    VLAN COSQ 6 = 1 packets
    VLAN COSQ 7 = 1 packets
    VLAN COSQ 8 = 1 packets
    VLAN COSQ 9 = 1 packets
    VLAN COSQ 10 = 1 packets
    VLAN COSQ 11 = 1 packets
    VLAN COSQ 12 = 1 packets
    VLAN COSQ 13 = 1 packets
    VLAN COSQ 14 = 1 packets
    VLAN COSQ 15 = 1 packets
  VLAN COSQ Schedule mode: weighted round-robin
  VLAN COSQ Weighting (in packets):
    VLAN COSQ 0 = 1 packets
    VLAN COSQ 1 = 1 packets
    VLAN COSQ 2 = 1 packets
    VLAN COSQ 3 = 1 packets
    VLAN COSQ 4 = 1 packets
    VLAN COSQ 5 = 1 packets
    VLAN COSQ 6 = 1 packets
    VLAN COSQ 7 = 1 packets
    VLAN COSQ 8 = 1 packets
    VLAN COSQ 9 = 1 packets
    VLAN COSQ 10 = 1 packets
    VLAN COSQ 11 = 1 packets
    VLAN COSQ 12 = 1 packets
    VLAN COSQ 13 = 1 packets
    VLAN COSQ 14 = 1 packets
    VLAN COSQ 15 = 1 packets
  VLAN COSQ Schedule mode: weighted round-robin
  VLAN COSQ Weighting (in packets):
    VLAN COSQ 0 = 1 packets
    VLAN COSQ 1 = 1 packets
    VLAN COSQ 2 = 1 packets
    VLAN COSQ 3 = 1 packets
    VLAN COSQ 4 = 1 packets
    VLAN COSQ 5 = 1 packets
    VLAN COSQ 6 = 1 packets
    VLAN COSQ 7 = 1 packets
    VLAN COSQ 8 = 1 packets
    VLAN COSQ 9 = 1 packets
    VLAN COSQ 10 = 1 packets
    VLAN COSQ 11 = 1 packets
    VLAN COSQ 12 = 1 packets
    VLAN COSQ 13 = 1 packets
    VLAN COSQ 14 = 1 packets
    VLAN COSQ 15 = 1 packets
  VLAN COSQ Schedule mode: weighted round-robin
  VLAN COSQ Weighting (in packets):
    VLAN COSQ 0 = 1 packets
    VLAN COSQ 1 = 1 packets
    VLAN COSQ 2 = 1 packets
    VLAN COSQ 3 = 1 packets
    VLAN COSQ 4 = 1 packets
    VLAN COSQ 5 = 1 packets
    VLAN COSQ 6 = 1 packets
    VLAN COSQ 7 = 1 packets
    VLAN COSQ 8 = 1 packets
    VLAN COSQ 9 = 1 packets
    VLAN COSQ 10 = 1 packets
    VLAN COSQ 11 = 1 packets
    VLAN COSQ 12 = 1 packets
    VLAN COSQ 13 = 1 packets
    VLAN COSQ 14 = 1 packets
    VLAN COSQ 15 = 1 packets
  VLAN COSQ Schedule mode: weighted round-robin
  VLAN COSQ Weighting (in packets):
    VLAN COSQ 0 = 1 packets
    VLAN COSQ 1 = 1 packets
    VLAN COSQ 2 = 1 packets
    VLAN COSQ 3 = 1 packets
    VLAN COSQ 4 = 1 packets
    VLAN COSQ 5 = 1 packets
    VLAN COSQ 6 = 1 packets
    VLAN COSQ 7 = 1 packets
    VLAN COSQ 8 = 1 packets
    VLAN COSQ 9 = 1 packets
    VLAN COSQ 10 = 1 packets
    VLAN COSQ 11 = 1 packets
    VLAN COSQ 12 = 1 packets
    VLAN COSQ 13 = 1 packets
    VLAN COSQ 14 = 1 packets
    VLAN COSQ 15 = 1 packets
  VLAN COSQ Schedule mode: weighted round-robin
  VLAN COSQ Weighting (in packets):
    VLAN COSQ 0 = 1 packets
    VLAN COSQ 1 = 1 packets
    VLAN COSQ 2 = 1 packets
    VLAN COSQ 3 = 1 packets
    VLAN COSQ 4 = 1 packets
    VLAN COSQ 5 = 1 packets
    VLAN COSQ 6 = 1 packets
    VLAN COSQ 7 = 1 packets
    VLAN COSQ 8 = 1 packets
    VLAN COSQ 9 = 1 packets
    VLAN COSQ 10 = 1 packets
    VLAN COSQ 11 = 1 packets
    VLAN COSQ 12 = 1 packets
    VLAN COSQ 13 = 1 packets
    VLAN COSQ 14 = 1 packets
    VLAN COSQ 15 = 1 packets
  VLAN COSQ Schedule mode: weighted round-robin
  VLAN COSQ Weighting (in packets):
    VLAN COSQ 0 = 1 packets
    VLAN COSQ 1 = 1 packets
    VLAN COSQ 2 = 1 packets
    VLAN COSQ 3 = 1 packets
    VLAN COSQ 4 = 1 packets
    VLAN COSQ 5 = 1 packets
    VLAN COSQ 6 = 1 packets
    VLAN COSQ 7 = 1 packets
    VLAN COSQ 8 = 1 packets
    VLAN COSQ 9 = 1 packets
    VLAN COSQ 10 = 1 packets
    VLAN COSQ 11 = 1 packets
    VLAN COSQ 12 = 1 packets
    VLAN COSQ 13 = 1 packets
    VLAN COSQ 14 = 1 packets
    VLAN COSQ 15 = 1 packets
  VLAN COSQ Schedule mode: weighted round-robin
  VLAN COSQ Weighting (in packets):
    VLAN COSQ 0 = 1 packets
    VLAN COSQ 1 = 1 packets
    VLAN COSQ 2 = 1 packets
    VLAN COSQ 3 = 1 packets
    VLAN COSQ 4 = 1 packets
    VLAN COSQ 5 = 1 packets
    VLAN COSQ 6 = 1 packets
    VLAN COSQ 7 = 1 packets
    VLAN COSQ 8 = 1 packets
    VLAN COSQ 9 = 1 packets
    VLAN COSQ 10 = 1 packets
    VLAN COSQ 11 = 1 packets
    VLAN COSQ 12 = 1 packets
    VLAN COSQ 13 = 1 packets
    VLAN COSQ 14 = 1 packets
    VLAN COSQ 15 = 1 packets
  VLAN COSQ Schedule mode: weighted round-robin
  VLAN COSQ Weighting (in packets):
    VLAN COSQ 0 = 1 packets
    VLAN COSQ 1 = 1 packets
    VLAN COSQ 2 = 1 packets
    VLAN COSQ 3 = 1 packets
    VLAN COSQ 4 = 1 packets
    VLAN COSQ 5 = 1 packets
    VLAN COSQ 6 = 1 packets
    VLAN COSQ 7 = 1 packets
    VLAN COSQ 8 = 1 packets
    VLAN COSQ 9 = 1 packets
    VLAN COSQ 10 = 1 packets
    VLAN COSQ 11 = 1 packets
    VLAN COSQ 12 = 1 packets
    VLAN COSQ 13 = 1 packets
    VLAN COSQ 14 = 1 packets
    VLAN COSQ 15 = 1 packets
  VLAN COSQ Schedule mode: weighted round-robin
  VLAN COSQ Weighting (in packets):
    VLAN COSQ 0 = 1 packets
    VLAN COSQ 1 = 1 packets
    VLAN COSQ 2 = 1 packets
    VLAN COSQ 3 = 1 packets
    VLAN COSQ 4 = 1 packets
    VLAN COSQ 5 = 1 packets
    VLAN COSQ 6 = 1 packets
    VLAN COSQ 7 = 1 packets
    VLAN COSQ 8 = 1 packets
    VLAN COSQ 9 = 1 packets
    VLAN COSQ 10 = 1 packets
    VLAN COSQ 11 = 1 packets
    VLAN COSQ 12 = 1 packets
    VLAN COSQ 13 = 1 packets
    VLAN COSQ 14 = 1 packets
    VLAN COSQ 15 = 1 packets
  VLAN COSQ Schedule mode: weighted round-robin
  VLAN COSQ Weighting (in packets):
    VLAN COSQ 0 = 1 packets
    VLAN COSQ 1 = 1 packets
    VLAN COSQ 2 = 1 packets
    VLAN COSQ 3 = 1 packets
    VLAN COSQ 4 = 1 packets
    VLAN COSQ 5 = 1 packets
    VLAN COSQ 6 = 1 packets
    VLAN COSQ 7 = 1 packets
    VLAN COSQ 8 = 1 packets
    VLAN COSQ 9 = 1 packets
    VLAN COSQ 10 = 1 packets
    VLAN COSQ 11 = 1 packets
    VLAN COSQ 12 = 1 packets
    VLAN COSQ 13 = 1 packets
    VLAN COSQ 14 = 1 packets
    VLAN COSQ 15 = 1 packets
  VLAN COSQ Schedule mode: weighted round-robin
  VLAN COSQ Weighting (in packets):
    VLAN COSQ 0 = 1 packets
    VLAN COSQ 1 = 1 packets
    VLAN COSQ 2 = 1 packets
    VLAN COSQ 3 = 1 packets
    VLAN COSQ 4 = 1 packets
    VLAN COSQ 5 = 1 packets
    VLAN COSQ 6 = 1 packets
    VLAN COSQ 7 = 1 packets
    VLAN COSQ 8 = 1 packets
    VLAN COSQ 9 = 1 packets
    VLAN COSQ 10 = 1 packets
    VLAN COSQ 11 = 1 packets
    VLAN COSQ 12 = 1 packets
    VLAN COSQ 13 = 1 packets
    VLAN COSQ 14 = 1 packets
    VLAN COSQ 15 = 1 packets
  VLAN COSQ Schedule mode: weighted round-robin
  VLAN COSQ Weighting (in packets):
    VLAN COSQ 0 = 1 packets
    VLAN COSQ 1 = 1 packets
    VLAN COSQ 2 = 1 packets
    VLAN COSQ 3 = 1 packets
    VLAN COSQ 4 = 1 packets
    VLAN COSQ 5 = 1 packets
    VLAN COSQ 6 = 1 packets
    VLAN COSQ 7 = 1 packets
    VLAN COSQ 8 = 1 packets
    VLAN COSQ 9 = 1 packets
    VLAN COSQ 10 = 1 packets
    VLAN COSQ 11 = 1 packets
    VLAN COSQ 12 = 1 packets
    VLAN COSQ 13 = 1 packets
    VLAN COSQ 14 = 1 packets
    VLAN COSQ 15 = 1 packets
  VLAN COSQ Schedule mode: weighted round-robin
  VLAN COSQ Weighting (in packets):
    VLAN COSQ 0 = 1 packets
    VLAN COSQ 1 = 1 packets
    VLAN COSQ 2 = 1 packets
    VLAN COSQ 3 = 1 packets
    VLAN COSQ 4 = 1 packets
    VLAN COSQ 5 = 1 packets
    VLAN COSQ 6 = 1 packets
    VLAN COSQ 7 = 1 packets
    VLAN COSQ 8 = 1 packets
    VLAN COSQ 9 = 1 packets
    VLAN COSQ 10 = 1 packets
    VLAN COSQ 11 = 1 packets
    VLAN COSQ 12 = 1 packets
    VLAN COSQ 13 = 1 packets
    VLAN COSQ 14 = 1 packets
    VLAN COSQ 15 = 1 packets
  VLAN COSQ Schedule mode: weighted round-robin
  VLAN COSQ Weighting (in packets):
    VLAN COSQ 0 = 1 packets
    VLAN COSQ 1 = 1 packets
    VLAN COSQ 2 = 1 packets
    VLAN COSQ 3 = 1 packets
    VLAN COSQ 4 = 1 packets
    VLAN COSQ 5 = 1 packets
    VLAN COSQ 6 = 1 packets
    VLAN COSQ 7 = 1 packets
    VLAN COSQ 8 = 1 packets
    VLAN COSQ 9 = 1 packets
    VLAN COSQ 10 = 1 packets
    VLAN COSQ 11 = 1 packets
    VLAN COSQ 12 = 1 packets
    VLAN COSQ 13 = 1 packets
    VLAN COSQ 14 = 1 packets
    VLAN COSQ 15 = 1 packets
  VLAN COSQ Schedule mode: weighted round-robin
  VLAN COSQ Weighting (in packets):
    VLAN COSQ 0 = 1 packets
    VLAN COSQ 1 = 1 packets
    VLAN COSQ 2 = 1 packets
    VLAN COSQ 3 = 1 packets
    VLAN COSQ 4 = 1 packets
    VLAN COSQ 5 = 1 packets
    VLAN COSQ 6 = 1 packets
    VLAN COSQ 7 = 1 packets
    VLAN COSQ 8 = 1 packets
    VLAN COSQ 9 = 1 packets
    VLAN COSQ 10 = 1 packets
    VLAN COSQ 11 = 1 packets
    VLAN COSQ 12 = 1 packets
    VLAN COSQ 13 = 1 packets
    VLAN COSQ 14 = 1 packets
    VLAN COSQ 15 = 1 packets
  VLAN COSQ Schedule mode: weighted round-robin
  VLAN COSQ Weighting (in packets):
    VLAN COSQ 0 = 1 packets
    VLAN COSQ 1 = 1 packets
    VLAN COSQ 2 = 1 packets
    VLAN COSQ 3 = 1 packets
    VLAN COSQ 4 = 1 packets
    VLAN COSQ 5 = 1 packets
    VLAN COSQ 6 = 1 packets
    VLAN COSQ 7 = 1 packets
    VLAN COSQ 8 = 1 packets
    VLAN COSQ 9 = 1 packets
    VLAN COSQ 10 = 1 packets
    VLAN COSQ 11 = 1 packets
    VLAN COSQ 12 = 1 packets
    VLAN COSQ 13 = 1 packets
    VLAN COSQ 14 = 1 packets
    VLAN COSQ 15 = 1 packets
  VLAN COSQ Schedule mode: weighted round-robin
  VLAN COSQ Weighting (in packets):
    VLAN COSQ 0 = 1 packets
    VLAN COSQ 1 = 1 packets
    VLAN COSQ 2 = 1 packets
    VLAN COSQ 3 = 1 packets
    VLAN COSQ 4 = 1 packets
    VLAN COSQ 5 = 1 packets
    VLAN COSQ 6 = 1 packets
    VLAN COSQ 7 = 1 packets
    VLAN COSQ 8 = 1 packets
    VLAN COSQ 9 = 1 packets
    VLAN COSQ 10 = 1 packets
    VLAN COSQ 11 = 1 packets
    VLAN COSQ 12 = 1 packets
    VLAN COSQ 13 = 1 packets
    VLAN COSQ 14 = 1 packets
    VLAN COSQ 15 = 1 packets
  VLAN COSQ Schedule mode: weighted round-robin
  VLAN COSQ Weighting (in packets):
    VLAN COSQ 0 = 1 packets
    VLAN COSQ 1 = 1 packets
    VLAN COSQ 2 = 1 packets
    VLAN COSQ 3 = 1 packets
    VLAN COSQ 4 = 1 packets
    VLAN COSQ 5 = 1 packets
    VLAN COSQ 6 = 1 packets
    VLAN COSQ 7 = 1 packets
    VLAN COSQ 8 = 1 packets
    VLAN COSQ 9 = 1 packets
    VLAN COSQ 10 = 1 packets
    VLAN COSQ 11 = 1 packets
    VLAN COSQ 12 = 1 packets
    VLAN COSQ 13 = 1 packets
    VLAN COSQ 14 = 1 packets
    VLAN COSQ 15 = 1 packets
  VLAN COSQ Schedule mode: weighted round-robin
  VLAN COSQ Weighting (in packets):
    VLAN COSQ 0 = 1 packets
    VLAN COSQ 1 = 1 packets
    VLAN COSQ 2 = 1 packets
    VLAN COSQ 3 = 1 packets
    VLAN COSQ 4 = 1 packets
    VLAN COSQ 5 = 1 packets
    VLAN COSQ 6 = 1 packets
    VLAN COSQ 7 = 1 packets
    VLAN COSQ 8 = 1 packets
    VLAN COSQ 9 = 1 packets
    VLAN COSQ 10 = 1 packets
    VLAN COSQ 11 = 1 packets
    VLAN COSQ 12 = 1 packets
    VLAN COSQ 13 = 1 packets
    VLAN COSQ 14 = 1 packets
    VLAN COSQ 15 = 1 packets
  VLAN COSQ Schedule mode: weighted round-robin
  VLAN COSQ Weighting (in packets):
    VLAN COSQ 0 = 1 packets
    VLAN COSQ 1 = 1 packets
    VLAN COSQ 2 = 1 packets
    VLAN COSQ 3 = 1 packets
    VLAN COSQ 4 = 1 packets
    VLAN COSQ 5 = 1 packets
    VLAN COSQ 6 = 1 packets
    VLAN COSQ 7 = 1 packets
    VLAN COSQ 8 = 1 packets
    VLAN COSQ 9 = 1 packets
    VLAN COSQ 10 = 1 packets
    VLAN COSQ 11 = 1 packets
    VLAN COSQ 12 = 1 packets
    VLAN COSQ 13 = 1 packets
    VLAN COSQ 14 = 1 packets
    VLAN COSQ 15 = 1 packets
  VLAN COSQ Schedule mode: weighted round-robin
  VLAN COSQ Weighting (in packets):
    VLAN COSQ 0 = 1 packets
    VLAN COSQ 1 = 1 packets
    VLAN COSQ 2 = 1 packets
    VLAN COSQ 3 = 1 packets
    VLAN COSQ 4 = 1 packets
    VLAN COSQ 5 = 1 packets
    VLAN COSQ 6 = 1 packets
    VLAN COSQ 7 = 1 packets
    VLAN COSQ 8 = 1 packets
    VLAN COSQ 9 = 1 packets
    VLAN COSQ 10 = 1 packets
    VLAN COSQ 11 = 1 packets
    VLAN COSQ 12 = 1 packets
    VLAN COSQ 13 = 1 packets
    VLAN COSQ 14 = 1 packets
    VLAN COSQ 15 = 1 packets
  VLAN COSQ Schedule mode: weighted round-robin
  VLAN COSQ Weighting (in packets):
    VLAN COSQ 0 = 1 packets
    VLAN COSQ 1 = 1 packets
    VLAN COSQ 2 = 1 packets
    VLAN COSQ 3 = 1 packets
    VLAN COSQ 4 = 1 packets
    VLAN COSQ 5 = 1 packets
    VLAN COSQ 6 = 1 packets
    VLAN COSQ 7 = 1 packets
    VLAN COSQ 8 = 1 packets
    VLAN COSQ 9 = 1 packets
    VLAN COSQ 10 = 1 packets
    VLAN COSQ 11 = 1 packets
    VLAN COSQ 12 = 1 packets
    VLAN COSQ 13 = 1 packets
    VLAN COSQ 14 = 1 packets
    VLAN COSQ 15 = 1 packets
  VLAN COSQ Schedule mode: weighted round-robin
  VLAN COSQ Weighting (in packets):
    VLAN COSQ 0 = 1 packets
    VLAN COSQ 1 = 1 packets
    VLAN COSQ 2 = 1 packets
    VLAN COSQ 3 = 1 packets
    VLAN COSQ 4 = 1 packets
    VLAN COSQ 5 = 1 packets
    VLAN COSQ 6 = 1 packets
    VLAN COSQ 7 = 1 packets
    VLAN COSQ 8 = 1 packets
    VLAN COSQ 9 = 1 packets
    VLAN COSQ 10 = 1 packets
    VLAN COSQ 11 = 1 packets
    VLAN COSQ 12 = 1 packets
    VLAN COSQ 13 = 1 packets
    VLAN COSQ 14 = 1 packets
    VLAN COSQ 15 = 1 packets
  VLAN COSQ Schedule mode: weighted round-robin
  VLAN COSQ Weighting (in packets):
    VLAN COSQ 0 = 1 packets
    VLAN COSQ 1 = 1 packets
    VLAN COSQ 2 = 1 packets
    VLAN COSQ 3 = 1 packets
    VLAN COSQ 4 = 1 packets
    VLAN COSQ 5 = 1 packets
    VLAN COSQ 6 = 1 packets
    VLAN COSQ 7 = 1 packets
    VLAN COSQ 8 = 1 packets
    VLAN COSQ 9 = 1 packets
    VLAN COSQ 10 = 1 packets
    VLAN COSQ 11 = 1 packets
    VLAN COSQ 12 = 1 packets
    VLAN COSQ 13 = 1 packets
    VLAN COSQ 14 = 1 packets
    VLAN COSQ 15 = 1 packets
  VLAN COSQ Schedule mode: weighted round-robin
  VLAN COSQ Weighting (in packets):
    VLAN COSQ 0 = 1 packets
    VLAN COSQ 1 = 1 packets
    VLAN COSQ 2 = 1 packets
    VLAN COSQ 3 = 1 packets
    VLAN COSQ 4 = 1 packets
    VLAN COSQ 5 = 1 packets
    VLAN COSQ 6 = 1 packets
    VLAN COSQ 7 = 1 packets
    VLAN COSQ 8 = 1 packets
    VLAN COSQ 9 = 1 packets
    VLAN COSQ 10 = 1 packets
    VLAN COSQ 11 = 1 packets
    VLAN COSQ 12 = 1 packets
    VLAN COSQ 13 = 1 packets
    VLAN COSQ 14 = 1 packets
    VLAN COSQ 15 = 1 packets
  VLAN COSQ Schedule mode: weighted round-robin
  VLAN COSQ Weighting (in packets):
    VLAN COSQ 0 = 1 packets
    VLAN COSQ 1 = 1 packets
    VLAN COSQ 2 = 1 packets
    VLAN COSQ 3 = 1 packets
    VLAN COSQ 4 = 1 packets
    VLAN COSQ 5 = 1 packets
    VLAN COSQ 6 = 1 packets
    VLAN COSQ 7 = 1 packets
    VLAN COSQ 8 = 1 packets
    VLAN COSQ 9 = 1 packets
    VLAN COSQ 10 = 1 packets
    VLAN COSQ 11 = 1 packets
    VLAN COSQ 12 = 1 packets
    VLAN COSQ 13 = 1 packets
    VLAN COSQ 14 = 1 packets
    VLAN COSQ 15 = 1 packets
  VLAN COSQ Schedule mode: weighted round-robin
  VLAN COSQ Weighting (in packets):
    VLAN COSQ 0 = 1 packets
    VLAN COSQ 1 = 1 packets
    VLAN COSQ 2 = 1 packets
    VLAN COSQ 3 = 1 packets
    VLAN COSQ 4 = 1 packets
    VLAN COSQ 5 = 1 packets
    VLAN COSQ 6 = 1 packets
    VLAN COSQ 7 = 1 packets
    VLAN COSQ 8 = 1 packets
    VLAN COSQ 9 = 1 packets
    VLAN COSQ 10 = 1 packets
    VLAN COSQ 11 = 1 packets
    VLAN COSQ 12 = 1 packets
    VLAN COSQ 13 = 1 packets
    VLAN COSQ 14 = 1 packets
    VLAN COSQ 15 = 1 packets
  VLAN COSQ Schedule mode: weighted round-robin
  VLAN COSQ Weighting (in packets):
    VLAN COSQ 0 = 1 packets
    VLAN COSQ 1 = 1 packets
    VLAN COSQ 2 = 1 packets
    VLAN COSQ 3 = 1 packets
    VLAN COSQ 4 = 1 packets
    VLAN COSQ 5 = 1 packets
    VLAN COSQ 6 = 1 packets
    VLAN COSQ 7 = 1 packets
    VLAN COSQ 8 = 1 packets
    VLAN COSQ 9 = 1 packets
    VLAN COSQ 10 = 1 packets
    VLAN COSQ 11 = 1 packets
    VLAN COSQ 12 = 1 packets
    VLAN COSQ 13 = 1 packets
    VLAN COSQ 14 = 1 packets
    VLAN COSQ 15 = 1 packets
  VLAN COSQ Schedule mode: weighted round-robin
  VLAN COSQ Weighting (in packets):
    VLAN COSQ 0 = 1 packets
    VLAN COSQ 1 = 1 packets
    VLAN COSQ 2 = 1 packets
    VLAN COSQ 3 = 1 packets
    VLAN COSQ 4 = 1 packets
    VLAN COSQ 5 = 1 packets
    VLAN COSQ 6 = 1 packets
    VLAN COSQ 7 = 1 packets
    VLAN COSQ 8 = 1 packets
    VLAN COSQ 9 = 1 packets
    VLAN COSQ 10 = 1 packets
    VLAN COSQ 11 = 1 packets
    VLAN COSQ 12 = 1 packets
    VLAN COSQ 13 = 1 packets
    VLAN COSQ 14 = 1 packets
    VLAN COSQ 15 = 1 packets
  VLAN COSQ Schedule mode: weighted round-robin
  VLAN COSQ Weighting (in packets):
    VLAN COSQ 0 = 1 packets
    VLAN COSQ 1 = 1 packets
    VLAN COSQ 2 = 1 packets
    VLAN COSQ 3 = 1 packets
    VLAN COSQ 4 = 1 packets
    VLAN COSQ 5 = 1 packets
    VLAN COSQ 6 = 1 packets
    VLAN COSQ 7 = 1 packets
    VLAN COSQ 8 = 1 packets
    VLAN COSQ 9 = 1 packets
    VLAN COSQ 10 = 1 packets
    VLAN COSQ 11 = 1 packets
    VLAN COSQ 12 = 1 packets
    VLAN COSQ 13 = 1 packets
    VLAN COSQ 14 = 1 packets
    VLAN COSQ 15 = 1 packets
  VLAN COSQ Schedule mode: weighted round-robin
  VLAN COSQ Weighting (in packets):
    VLAN COSQ 0 = 1 packets
    VLAN COSQ 1 = 1 packets
    VLAN COSQ 2 = 1 packets
    VLAN COSQ 3 = 1 packets
    VLAN COSQ 4 = 1 packets
    VLAN COSQ 5 = 1 packets
    VLAN COSQ 6 = 1 packets
    VLAN COSQ 7 = 1 packets
    VLAN COSQ 8 = 1 packets
    VLAN COSQ 9 = 1 packets
    VLAN COSQ 10 = 1 packets
    VLAN COSQ 11 = 1 packets
    VLAN COSQ 12 = 1 packets
    VLAN COSQ 13 = 1 packets
    VLAN COSQ 14 = 1 packets
    VLAN COSQ 15 = 1 packets
  VLAN COSQ Schedule mode: weighted round-robin
  VLAN COSQ Weighting (in packets):
    VLAN COSQ 0 = 1 packets
    VLAN COSQ 1 = 1 packets
    VLAN COSQ 2 = 1 packets
    VLAN COSQ 3 = 1 packets
    VLAN COSQ 4 = 1 packets
    VLAN COSQ 5 = 1 packets
    VLAN COSQ 6 = 1 packets
    VLAN COSQ 7 = 1 packets
    VLAN COSQ 8 = 1 packets
    VLAN COSQ 9 = 1 packets
    VLAN COSQ 10 = 1 packets
    VLAN COSQ 11 = 1 packets
    VLAN COSQ 12 = 1 packets
    VLAN COSQ 13 = 1 packets
    VLAN COSQ 14 = 1 packets
    VLAN COSQ 15 = 1 packets
  VLAN COSQ Schedule mode: weighted round-robin
  VLAN COSQ Weighting (in packets):
    VLAN COSQ 0 = 1 packets
    VLAN COSQ 1 = 1 packets
    VLAN COSQ 2 = 1 packets
    VLAN COSQ 3 = 1 packets
    VLAN COSQ 4 = 1 packets
    VLAN COSQ 5 = 1 packets
    VLAN COSQ 6 = 1 packets
    VLAN COSQ 7 = 1 packets
    VLAN COSQ 8 = 1 packets
    VLAN COSQ 9 = 1 packets
    VLAN COSQ 10 = 1 packets
    VLAN COSQ 11 = 1 packets
    VLAN COSQ 12 = 1 packets
    VLAN COSQ 13 = 1 packets
    VLAN COSQ 14 = 1 packets
    VLAN COSQ 15 = 1 packets
  VLAN COSQ Schedule mode: weighted round-robin
  VLAN COSQ Weighting (in packets):
    VLAN COSQ 0 = 1 packets
    VLAN COSQ 1 = 1 packets
    VLAN COSQ 2 = 1 packets
    VLAN COSQ 3 = 1 packets
    VLAN COSQ 4 = 1 packets
    VLAN COSQ 5 = 1 packets
    VLAN COSQ 6 = 1 packets
    VLAN COSQ 7 = 1 packets
    VLAN COSQ 8 = 1 packets
    VLAN COSQ 9 = 1 packets
    VLAN COSQ 10 = 1 packets
    VLAN COSQ 11 = 1 packets
    VLAN COSQ 12 = 1 packets
    VLAN COSQ 13 = 1 packets
    VLAN COSQ 14 = 1 packets
    VLAN COSQ 15 = 1 packets
  VLAN COSQ Schedule mode: weighted round-robin
  VLAN COSQ Weighting (in packets):
    VLAN COSQ 0 = 1 packets
    VLAN COSQ 1 = 1 packets
    VLAN COSQ 2 = 1 packets
    VLAN COSQ 3 = 1 packets
    VLAN COSQ 4 = 1 packets
    VLAN COSQ 5 = 1 packets
    VLAN COSQ 6 = 1 packets
    VLAN COSQ 7 = 1 packets
    VLAN COSQ 8 = 1 packets
    VLAN COSQ 9 = 1 packets
    VLAN COSQ 10 = 1 packets
    VLAN COSQ 11 = 1 packets
    VLAN COSQ 12 = 1 packets
    VLAN COSQ 13 = 1 packets
    VLAN COSQ 14 = 1 packets
    VLAN COSQ 15 = 1 packets
  VLAN COSQ Schedule mode: weighted round-robin
  VLAN COSQ Weighting (in packets):
    VLAN COSQ 0 = 1 packets
    VLAN COSQ 1 = 1 packets
    VLAN COSQ 2 = 1 packets
    VLAN COSQ 3 = 1 packets
    VLAN COSQ 4 = 1 packets
    VLAN COSQ 5 = 1 packets
    VLAN COSQ 6 = 1 packets
    VLAN COSQ 7 = 1 packets
    VLAN COSQ 8 = 1 packets
    VLAN COSQ 9 = 1 packets
    VLAN COSQ 10 = 1 packets
    VLAN COSQ 11 = 1 packets
    VLAN COSQ 12 = 1 packets
    VLAN COSQ 13 = 1 packets
    VLAN COSQ 14 = 1 packets
    VLAN COSQ 15 = 1 packets
  VLAN COSQ Schedule mode: weighted round-robin
  VLAN COSQ Weighting (in packets):
    VLAN COSQ 0 = 1 packets
    VLAN COSQ 1 = 1 packets
    VLAN COSQ 2 = 1 packets
    VLAN COSQ 3 = 1 packets
    VLAN COSQ 4 = 1 packets
    VLAN COSQ 5 = 1 packets
    VLAN COSQ 6 = 1 packets
    VLAN COSQ 7 = 1 packets
    VLAN COSQ 8 = 1 packets
    VLAN COSQ 9 = 1 packets
    VLAN COSQ 10 = 1 packets
    VLAN COSQ 11 = 1 packets
    VLAN COSQ 12 = 1 packets
    VLAN COSQ 13 = 1 packets
    VLAN COSQ 14 = 1 packets
    VLAN COSQ 15 = 1 packets
  VLAN COSQ Schedule mode: weighted round-robin
  VLAN COSQ Weighting (in packets):
    VLAN COSQ 0 = 1 packets
    VLAN COSQ 1 = 1 packets
    VLAN COSQ 2 = 1 packets
    VLAN COSQ 3 = 1 packets
    VLAN COSQ 4 = 1 packets
    VLAN COSQ 5 = 1 packets
    VLAN COSQ 6 = 1 packets
    VLAN COSQ 7 = 1 packets
    VLAN COSQ 8 = 1 packets
    VLAN COSQ 9 = 1 packets
    VLAN COSQ 10 = 1 packets
    VLAN COSQ 11 = 1 packets
    VLAN COSQ 12 = 1 packets
    VLAN COSQ 13 = 1 packets
    VLAN COSQ 14 = 1 packets
    VLAN COSQ 15 = 1 packets
  VLAN COSQ Schedule mode: weighted round-robin
  VLAN COSQ Weighting (in packets):
    VLAN COSQ 0 = 1 packets
    VLAN COSQ 1 = 1 packets
    VLAN COSQ 2 = 1 packets
    VLAN COSQ 3 = 1 packets
    VLAN COSQ 4 = 1 packets
    VLAN COSQ 5 = 1 packets
    VLAN COSQ 6 = 1 packets
    VLAN COSQ 7 = 1 packets
    VLAN COSQ 8 = 1 packets
    VLAN COSQ 9 = 1 packets
    VLAN COSQ 10 = 1 packets
    VLAN COSQ 11 = 1 packets
    VLAN COSQ 12 = 1 packets
    VLAN COSQ 13 = 1 packets
    VLAN COSQ 14 = 1 packets
    VLAN COSQ 15 = 1 packets
  VLAN COSQ Schedule mode: weighted round-robin
  VLAN COSQ Weighting (in packets):
    VLAN COSQ 0 = 1 packets
    VLAN COSQ 1 = 1 packets
    VLAN COSQ 2 = 1 packets
    VLAN COSQ 3 = 1 packets
    VLAN COSQ 4 = 1 packets
    VLAN COSQ 5 = 1 packets
    VLAN COSQ 6 = 1 packets
    VLAN COSQ 7 = 1 packets
    VLAN COSQ 8 = 1 packets
    VLAN COSQ 9 = 1 packets
    VLAN COSQ 10 = 1 packets
    VLAN COSQ 11 = 1 packets
    VLAN COSQ 12 = 1 packets
    VLAN COSQ 13 = 1 packets
    VLAN COSQ 14 = 1 packets
    VLAN COSQ 15 = 1 packets
  VLAN COSQ Schedule mode: weighted round-robin
  VLAN COSQ Weighting (in packets):
    VLAN COSQ 0 = 1 packets
    VLAN COSQ 1 = 1 packets
    VLAN COSQ 2 = 1 packets
    VLAN COSQ 3 = 1 packets
    VLAN COSQ 4 = 1 packets
    VLAN COSQ 5 = 1 packets
    VLAN COSQ 6 = 1 packets
    VLAN COSQ 7 = 1 packets
    VLAN COSQ 8 = 1 packets
    VLAN COSQ 9 = 1 packets
    VLAN COSQ 10 = 1 packets
    VLAN COSQ 11 = 1 packets
    VLAN COSQ 12 = 1 packets
    VLAN COSQ 13 = 1 packets
    VLAN COSQ 14 = 1 packets
    VLAN COSQ 15 = 1 packets
  VLAN COSQ Schedule mode: weighted round-robin
  VLAN COSQ Weighting (in packets):
    VLAN COSQ 0 = 1 packets
    VLAN COSQ 1 = 1 packets
    VLAN COSQ 2 = 1 packets
    VLAN COSQ 3 = 1 packets
    VLAN COSQ 4 = 1 packets
    VLAN COSQ 5 = 1 packets
    VLAN COSQ 6 = 1 packets
    VLAN COSQ 7 = 1 packets
    VLAN COSQ 8 = 1 packets
    VLAN COSQ 9 = 1 packets
    VLAN COSQ 10 = 1 packets
    VLAN COSQ 11 = 1 packets
    VLAN COSQ 12 = 1 packets
    VLAN COSQ 13 = 1 packets
    VLAN COSQ 14 = 1 packets
    VLAN COSQ 15 = 1 packets
  VLAN COSQ Schedule mode: weighted round-robin
  VLAN COSQ Weighting (in packets):
    VLAN COSQ 0 = 1 packets
    VLAN COSQ 1 = 1 packets
    VLAN COSQ 2 = 1 packets
    VLAN COSQ 3 = 1 packets
    VLAN COSQ 4 = 1 packets
    VLAN COSQ 5 = 1 packets
    VLAN COSQ 6 = 1 packets
    VLAN COSQ 7 = 1 packets
    VLAN COSQ 8 = 1 packets
    VLAN COSQ 9 = 1 packets
    VLAN COSQ 10 = 1 packets
    VLAN COSQ 11 = 1 packets
    VLAN COSQ 12 = 1 packets
    VLAN COSQ 13 = 1 packets
    VLAN COSQ 14 = 1 packets
    VLAN COSQ 15 = 1 packets
  VLAN COSQ Schedule mode: weighted round-robin
  VLAN COSQ Weighting (in packets):
    VLAN COSQ 0 = 1 packets
    VLAN COSQ 1 = 1 packets
    VLAN COSQ 2 = 1 packets
    VLAN COSQ 3 = 1 packets
    VLAN COSQ 4 = 1 packets
    VLAN COSQ 5 = 1 packets
    VLAN COSQ 6 = 1 packets
    VLAN COSQ 7 = 1 packets
    VLAN COSQ 8 = 1 packets
    VLAN COSQ 9 = 1 packets
    VLAN COSQ 10 = 1 packets
    VLAN COSQ 11 = 1 packets
    VLAN COSQ 12 = 1 packets
    VLAN COSQ 13 = 1 packets
    VLAN COSQ 14 = 1 packets
    VLAN COSQ 15 = 1 packets
  VLAN COSQ Schedule mode: weighted round-robin
  VLAN COSQ Weighting (in packets):
    VLAN COSQ 0 = 1 packets
    VLAN COSQ 1 = 1 packets
    VLAN COSQ 2 = 1 packets
    VLAN COSQ 3 = 1 packets
    VLAN COSQ 4 = 1 packets
    VLAN COSQ 5 = 1 packets
    VLAN COSQ 6 = 1 packets
    VLAN COSQ 7 = 1 packets
    VLAN COSQ 8 = 1 packets
    VLAN COSQ 9 = 1 packets
    VLAN COSQ 10 = 1 packets
    VLAN COSQ 11 = 1 packets
    VLAN COSQ 12 = 1 packets
    VLAN COSQ 13 = 1 packets
    VLAN COSQ 14 = 1 packets
    VLAN COSQ 15 = 1 packets
  VLAN COSQ Schedule mode: weighted round-robin
  VLAN COSQ Weighting (in packets):
    VLAN COSQ 0 = 1 packets
    VLAN COSQ 1 = 1 packets
    VLAN COSQ 2 = 1 packets
    VLAN COSQ 3 = 1 packets
    VLAN COSQ 4 = 1 packets
    VLAN COSQ 5 = 1 packets
    VLAN COSQ 6 = 1 packets
    VLAN COSQ 7 = 1 packets
    VLAN COSQ 8 = 1 packets
    VLAN COSQ 9 = 1 packets
    VLAN COSQ 10 = 1 packets
    VLAN COSQ 11 = 1 packets
    VLAN COSQ 12 = 1 packets
    VLAN COSQ 13 = 1 packets
    VLAN COSQ 14 = 1 packets
    VLAN COSQ 15 = 1 packets
  VLAN COSQ Schedule mode: weighted round-robin
  VLAN COSQ Weighting (in packets):
    VLAN COSQ 0 = 1 packets
    VLAN COSQ 1 = 1 packets
    VLAN COSQ 2 = 1 packets
    VLAN COSQ 3 = 1 packets
    VLAN COSQ 4 = 1 packets
    VLAN COSQ 5 = 1 packets
    VLAN COSQ 6 = 1 packets
    VLAN COSQ 7 = 1 packets
    VLAN COSQ 8 = 1 packets
    VLAN COSQ 9 = 1 packets
    VLAN COSQ 10 = 1 packets
    VLAN COSQ 11 = 1 packets
    VLAN COSQ 12 = 1 packets
    VLAN COSQ 13 = 1 packets
    VLAN COSQ 14 = 1 packets
    VLAN COSQ 15 = 1 packets
  VLAN COSQ Schedule mode: weighted round-robin
  VLAN COSQ Weighting (in packets):
    VLAN COSQ 0 = 1 packets
    VLAN COSQ 1 = 1 packets
    VLAN COSQ 2 = 1 packets
    VLAN COSQ 3 = 1 packets
    VLAN COSQ 4 = 1 packets
    VLAN COSQ 5 = 1 packets
    VLAN COSQ 6 = 1 packets
    VLAN COSQ 7 = 1 packets
    VLAN COSQ 8 = 1 packets
    VLAN COSQ 9 = 1 packets
    VLAN COSQ 10 = 1 packets
    VLAN COSQ 11 = 1 packets
    VLAN COSQ 12 = 1 packets
    VLAN COSQ 13 = 1 packets
    VLAN COSQ 14 = 1 packets
    VLAN COSQ 15 = 1 packets
  VLAN COSQ Schedule mode: weighted round-robin
  VLAN COSQ Weighting (in packets):
    VLAN COSQ 0 = 1 packets
    VLAN COSQ 1 = 1 packets
    VLAN COSQ 2 = 1 packets
    VLAN COSQ 3 = 1 packets
    VLAN COSQ 4 = 1 packets
    VLAN COSQ 5 = 1 packets
    VLAN COSQ 6 = 1 packets
    VLAN COSQ 7 = 1 packets
    VLAN COSQ 8 = 1 packets
    VLAN COSQ 9 = 1 packets
    VLAN COSQ 10 = 1 packets
    VLAN COSQ 11 = 1 packets
    VLAN COSQ 12 = 1 packets
    VLAN COSQ 13 = 1 packets
    VLAN COSQ 14 = 1 packets
    VLAN COSQ 15 = 1 packets
  VLAN COSQ Schedule mode: weighted round-robin
  VLAN COSQ Weighting (in packets):
    VLAN COSQ 0 = 1 packets
    VLAN COSQ 1 = 1 packets
    VLAN COSQ 2 = 1 packets
    VLAN COSQ 3 = 1 packets
    VLAN COSQ 4 = 1 packets
    VLAN COSQ 5 = 1 packets
    VLAN COSQ 6 = 1 packets
    VLAN COSQ 7 = 1 packets
    VLAN COSQ 8 = 1 packets
    VLAN COSQ 9 = 1 packets
    VLAN COSQ 10 = 1 packets
    VLAN COSQ 11 = 1 packets
    VLAN COSQ 12 = 1 packets
    VLAN COSQ 13 = 1 packets
    VLAN COSQ 14 = 1 packets
    VLAN COSQ 15 = 1 packets
BCM.0> 
BCM.0> 