lt TM_THD_UC_Q lookup PORT_ID=120 TM_UC_Q_ID=0
lt TM_THD_UC_Q lookup PORT_ID=120 TM_UC_Q_ID=0

Table TM_THD_UC_Q:
  lookup PORT_ID=0x78 TM_UC_Q_ID=0
    OPERATIONAL_STATE=VALID
    TM_EBST_PROFILE_ID=0
    TM_EGR_BST_THD_Q_PROFILE_ID=0
    RED_LIMIT_DYNAMIC=PERCENTAGE_1000
    RED_LIMIT_CELLS_STATIC_OPER=0x40d00(265472)
    RED_LIMIT_CELLS_STATIC=0x40d00(265472)
    YELLOW_LIMIT_DYNAMIC=PERCENTAGE_1000
    YELLOW_LIMIT_CELLS_STATIC_OPER=0x40d00(265472)
    YELLOW_LIMIT_CELLS_STATIC=0x40d00(265472)
    COLOR_SPECIFIC_DYNAMIC_LIMITS=1
    COLOR_SPECIFIC_LIMITS=0
    RESUME_OFFSET_CELLS_OPER=0x10(16)
    RESUME_OFFSET_CELLS=0x10(16)
    SHARED_LIMIT_DYNAMIC=ALPHA_2
    SHARED_LIMIT_CELLS_STATIC=0
    DYNAMIC_SHARED_LIMITS=1
    SHARED_LIMITS=1
    MIN_GUARANTEE_CELLS_OPER=0
    MIN_GUARANTEE_CELLS=0
    TM_UC_Q_ID=0
    PORT_ID=0x78(120)
exit;
exit;

BCM.0>


cint>
cint> print bcm_cosq_control_set(unit, gport, index, bcmCosqControlEgressUCQueueMinLimitBytes, 500);
print bcm_cosq_control_set(unit, gport, index, bcmCosqControlEgressUCQueueMinLimitBytes, 500);
int $$ = 0 (0x0)
cint>
cint> exit;
exit;
BCM.0>

BCM.0>
BCM.0> bsh
bsh
lt TM_THD_UC_Q lookup PORT_ID=120 TM_UC_Q_ID=0
lt TM_THD_UC_Q lookup PORT_ID=120 TM_UC_Q_ID=0

Table TM_THD_UC_Q:
  lookup PORT_ID=0x78 TM_UC_Q_ID=0
    OPERATIONAL_STATE=VALID
    TM_EBST_PROFILE_ID=0
    TM_EGR_BST_THD_Q_PROFILE_ID=0
    RED_LIMIT_DYNAMIC=PERCENTAGE_1000
    RED_LIMIT_CELLS_STATIC_OPER=0x40d00(265472)
    RED_LIMIT_CELLS_STATIC=0x40d00(265472)
    YELLOW_LIMIT_DYNAMIC=PERCENTAGE_1000
    YELLOW_LIMIT_CELLS_STATIC_OPER=0x40d00(265472)
    YELLOW_LIMIT_CELLS_STATIC=0x40d00(265472)
    COLOR_SPECIFIC_DYNAMIC_LIMITS=1
    COLOR_SPECIFIC_LIMITS=0
    RESUME_OFFSET_CELLS_OPER=0x10(16)
    RESUME_OFFSET_CELLS=0x10(16)
    SHARED_LIMIT_DYNAMIC=ALPHA_2
    SHARED_LIMIT_CELLS_STATIC=0
    DYNAMIC_SHARED_LIMITS=1
    SHARED_LIMITS=1
    MIN_GUARANTEE_CELLS_OPER=2
    MIN_GUARANTEE_CELLS=2
    TM_UC_Q_ID=0
    PORT_ID=0x78(120)


